[2026-05-25 23:31:44] cnn embedding power run invoked
[2026-05-25 23:31:44] target config: noise_levels=0,0.2,0.4,0.6,0.8,1; n.rep=10; resamp=100; n.iter=500; alpha=0.050
[2026-05-25 23:31:51] reticulate python=/home/dechao/.conda/envs/cv-hw2/bin/python
[2026-05-25 23:31:54] loaded MNIST train set: n=60000, p=784
[2026-05-25 23:31:54] loaded MNIST test set: n=10000, p=784
[2026-05-25 23:31:54] training or refreshing CNN checkpoint
[2026-05-25 23:31:55] cnn checkpoint ready: path=/home/dechao/kernel_two-sample/dechao_reproduction/faster_mnist_cnn_shared_model/models/mnist_cnn_checkpoint.pt; best_val_acc=0.9718; device=cuda
[2026-05-25 23:31:55] selected test pools: |X|=3177, |Y|=3141
[2026-05-25 23:31:55] required embedding layers: layer1_pool2x2
[2026-05-25 23:31:55] iter 1/10 started
[2026-05-25 23:31:55] iter 1/10 sigma 1/6 = 0.000 started
[2026-05-25 23:32:05] iter 1/10 sigma 0.000 finished
[2026-05-25 23:32:05] iter 1/10 sigma 2/6 = 0.200 started
[2026-05-25 23:32:16] iter 1/10 sigma 0.200 finished
[2026-05-25 23:32:16] iter 1/10 sigma 3/6 = 0.400 started
[2026-05-25 23:32:27] iter 1/10 sigma 0.400 finished
[2026-05-25 23:32:27] iter 1/10 sigma 4/6 = 0.600 started
[2026-05-25 23:32:37] iter 1/10 sigma 0.600 finished
[2026-05-25 23:32:37] iter 1/10 sigma 5/6 = 0.800 started
[2026-05-25 23:32:48] iter 1/10 sigma 0.800 finished
[2026-05-25 23:32:48] iter 1/10 sigma 6/6 = 1.000 started
[2026-05-25 23:32:58] iter 1/10 sigma 1.000 finished
[2026-05-25 23:32:58] iter 1/10 finished in 1.059363 mins; checkpoint updated
[2026-05-25 23:32:58] iter 2/10 started
[2026-05-25 23:32:58] iter 2/10 sigma 1/6 = 0.000 started
[2026-05-25 23:33:08] iter 2/10 sigma 0.000 finished
[2026-05-25 23:33:08] iter 2/10 sigma 2/6 = 0.200 started
[2026-05-25 23:33:19] iter 2/10 sigma 0.200 finished
[2026-05-25 23:33:19] iter 2/10 sigma 3/6 = 0.400 started
[2026-05-25 23:33:30] iter 2/10 sigma 0.400 finished
[2026-05-25 23:33:30] iter 2/10 sigma 4/6 = 0.600 started
[2026-05-25 23:33:41] iter 2/10 sigma 0.600 finished
[2026-05-25 23:33:41] iter 2/10 sigma 5/6 = 0.800 started
[2026-05-25 23:33:52] iter 2/10 sigma 0.800 finished
[2026-05-25 23:33:52] iter 2/10 sigma 6/6 = 1.000 started
[2026-05-25 23:34:03] iter 2/10 sigma 1.000 finished
[2026-05-25 23:34:03] iter 2/10 finished in 1.075826 mins; checkpoint updated
[2026-05-25 23:34:03] iter 3/10 started
[2026-05-25 23:34:03] iter 3/10 sigma 1/6 = 0.000 started
[2026-05-25 23:34:13] iter 3/10 sigma 0.000 finished
[2026-05-25 23:34:13] iter 3/10 sigma 2/6 = 0.200 started
[2026-05-25 23:34:24] iter 3/10 sigma 0.200 finished
[2026-05-25 23:34:24] iter 3/10 sigma 3/6 = 0.400 started
[2026-05-25 23:34:34] iter 3/10 sigma 0.400 finished
[2026-05-25 23:34:34] iter 3/10 sigma 4/6 = 0.600 started
[2026-05-25 23:34:44] iter 3/10 sigma 0.600 finished
[2026-05-25 23:34:44] iter 3/10 sigma 5/6 = 0.800 started
[2026-05-25 23:34:54] iter 3/10 sigma 0.800 finished
[2026-05-25 23:34:54] iter 3/10 sigma 6/6 = 1.000 started
[2026-05-25 23:35:04] iter 3/10 sigma 1.000 finished
[2026-05-25 23:35:04] iter 3/10 finished in 1.0222 mins; checkpoint updated
[2026-05-25 23:35:04] iter 4/10 started
[2026-05-25 23:35:04] iter 4/10 sigma 1/6 = 0.000 started
[2026-05-25 23:35:14] iter 4/10 sigma 0.000 finished
[2026-05-25 23:35:14] iter 4/10 sigma 2/6 = 0.200 started
[2026-05-25 23:35:25] iter 4/10 sigma 0.200 finished
[2026-05-25 23:35:25] iter 4/10 sigma 3/6 = 0.400 started
[2026-05-25 23:35:35] iter 4/10 sigma 0.400 finished
[2026-05-25 23:35:35] iter 4/10 sigma 4/6 = 0.600 started
[2026-05-25 23:35:46] iter 4/10 sigma 0.600 finished
[2026-05-25 23:35:46] iter 4/10 sigma 5/6 = 0.800 started
[2026-05-25 23:35:56] iter 4/10 sigma 0.800 finished
[2026-05-25 23:35:56] iter 4/10 sigma 6/6 = 1.000 started
[2026-05-25 23:36:06] iter 4/10 sigma 1.000 finished
[2026-05-25 23:36:06] iter 4/10 finished in 1.038603 mins; checkpoint updated
[2026-05-25 23:36:06] iter 5/10 started
[2026-05-25 23:36:06] iter 5/10 sigma 1/6 = 0.000 started
[2026-05-25 23:36:16] iter 5/10 sigma 0.000 finished
[2026-05-25 23:36:16] iter 5/10 sigma 2/6 = 0.200 started
[2026-05-25 23:36:27] iter 5/10 sigma 0.200 finished
[2026-05-25 23:36:27] iter 5/10 sigma 3/6 = 0.400 started
[2026-05-25 23:36:37] iter 5/10 sigma 0.400 finished
[2026-05-25 23:36:37] iter 5/10 sigma 4/6 = 0.600 started
[2026-05-25 23:36:47] iter 5/10 sigma 0.600 finished
[2026-05-25 23:36:47] iter 5/10 sigma 5/6 = 0.800 started
[2026-05-25 23:36:58] iter 5/10 sigma 0.800 finished
[2026-05-25 23:36:58] iter 5/10 sigma 6/6 = 1.000 started
[2026-05-25 23:37:09] iter 5/10 sigma 1.000 finished
[2026-05-25 23:37:09] iter 5/10 finished in 1.047453 mins; checkpoint updated
[2026-05-25 23:37:09] iter 6/10 started
[2026-05-25 23:37:09] iter 6/10 sigma 1/6 = 0.000 started
[2026-05-25 23:37:20] iter 6/10 sigma 0.000 finished
[2026-05-25 23:37:20] iter 6/10 sigma 2/6 = 0.200 started
[2026-05-25 23:37:30] iter 6/10 sigma 0.200 finished
[2026-05-25 23:37:30] iter 6/10 sigma 3/6 = 0.400 started
[2026-05-25 23:37:40] iter 6/10 sigma 0.400 finished
[2026-05-25 23:37:40] iter 6/10 sigma 4/6 = 0.600 started
[2026-05-25 23:37:50] iter 6/10 sigma 0.600 finished
[2026-05-25 23:37:50] iter 6/10 sigma 5/6 = 0.800 started
[2026-05-25 23:38:00] iter 6/10 sigma 0.800 finished
[2026-05-25 23:38:00] iter 6/10 sigma 6/6 = 1.000 started
[2026-05-25 23:38:11] iter 6/10 sigma 1.000 finished
[2026-05-25 23:38:11] iter 6/10 finished in 1.025367 mins; checkpoint updated
[2026-05-25 23:38:11] iter 7/10 started
[2026-05-25 23:38:11] iter 7/10 sigma 1/6 = 0.000 started
[2026-05-25 23:38:21] iter 7/10 sigma 0.000 finished
[2026-05-25 23:38:21] iter 7/10 sigma 2/6 = 0.200 started
[2026-05-25 23:38:31] iter 7/10 sigma 0.200 finished
[2026-05-25 23:38:31] iter 7/10 sigma 3/6 = 0.400 started
[2026-05-25 23:38:42] iter 7/10 sigma 0.400 finished
[2026-05-25 23:38:42] iter 7/10 sigma 4/6 = 0.600 started
[2026-05-25 23:38:53] iter 7/10 sigma 0.600 finished
[2026-05-25 23:38:53] iter 7/10 sigma 5/6 = 0.800 started
[2026-05-25 23:39:03] iter 7/10 sigma 0.800 finished
[2026-05-25 23:39:03] iter 7/10 sigma 6/6 = 1.000 started
[2026-05-25 23:39:13] iter 7/10 sigma 1.000 finished
[2026-05-25 23:39:13] iter 7/10 finished in 1.0333 mins; checkpoint updated
[2026-05-25 23:39:13] iter 8/10 started
[2026-05-25 23:39:13] iter 8/10 sigma 1/6 = 0.000 started
[2026-05-25 23:39:23] iter 8/10 sigma 0.000 finished
[2026-05-25 23:39:23] iter 8/10 sigma 2/6 = 0.200 started
[2026-05-25 23:39:33] iter 8/10 sigma 0.200 finished
[2026-05-25 23:39:33] iter 8/10 sigma 3/6 = 0.400 started
[2026-05-25 23:39:45] iter 8/10 sigma 0.400 finished
[2026-05-25 23:39:45] iter 8/10 sigma 4/6 = 0.600 started
[2026-05-25 23:39:56] iter 8/10 sigma 0.600 finished
[2026-05-25 23:39:56] iter 8/10 sigma 5/6 = 0.800 started
[2026-05-25 23:40:06] iter 8/10 sigma 0.800 finished
[2026-05-25 23:40:06] iter 8/10 sigma 6/6 = 1.000 started
[2026-05-25 23:40:16] iter 8/10 sigma 1.000 finished
[2026-05-25 23:40:16] iter 8/10 finished in 1.062828 mins; checkpoint updated
[2026-05-25 23:40:16] iter 9/10 started
[2026-05-25 23:40:16] iter 9/10 sigma 1/6 = 0.000 started
[2026-05-25 23:40:27] iter 9/10 sigma 0.000 finished
[2026-05-25 23:40:27] iter 9/10 sigma 2/6 = 0.200 started
[2026-05-25 23:40:37] iter 9/10 sigma 0.200 finished
[2026-05-25 23:40:37] iter 9/10 sigma 3/6 = 0.400 started
[2026-05-25 23:40:48] iter 9/10 sigma 0.400 finished
[2026-05-25 23:40:48] iter 9/10 sigma 4/6 = 0.600 started
[2026-05-25 23:40:59] iter 9/10 sigma 0.600 finished
[2026-05-25 23:40:59] iter 9/10 sigma 5/6 = 0.800 started
[2026-05-25 23:41:09] iter 9/10 sigma 0.800 finished
[2026-05-25 23:41:09] iter 9/10 sigma 6/6 = 1.000 started
[2026-05-25 23:41:19] iter 9/10 sigma 1.000 finished
[2026-05-25 23:41:19] iter 9/10 finished in 1.046883 mins; checkpoint updated
[2026-05-25 23:41:19] iter 10/10 started
[2026-05-25 23:41:19] iter 10/10 sigma 1/6 = 0.000 started
[2026-05-25 23:41:29] iter 10/10 sigma 0.000 finished
[2026-05-25 23:41:29] iter 10/10 sigma 2/6 = 0.200 started
[2026-05-25 23:41:39] iter 10/10 sigma 0.200 finished
[2026-05-25 23:41:39] iter 10/10 sigma 3/6 = 0.400 started
[2026-05-25 23:41:49] iter 10/10 sigma 0.400 finished
[2026-05-25 23:41:49] iter 10/10 sigma 4/6 = 0.600 started
[2026-05-25 23:42:00] iter 10/10 sigma 0.600 finished
[2026-05-25 23:42:00] iter 10/10 sigma 5/6 = 0.800 started
[2026-05-25 23:42:10] iter 10/10 sigma 0.800 finished
[2026-05-25 23:42:10] iter 10/10 sigma 6/6 = 1.000 started
[2026-05-25 23:42:20] iter 10/10 sigma 1.000 finished
[2026-05-25 23:42:20] iter 10/10 finished in 1.019479 mins; checkpoint updated
[2026-05-25 23:42:21] cnn power CSV outputs written
[2026-05-25 23:42:21] automatic plotting finished
[2026-05-25 23:42:21] all requested iterations available in 10.44325 mins
