[2026-05-26 00:49:43] cnn embedding type-I two-null run invoked
[2026-05-26 00:49:43] target config: scenarios=set123_vs_set123,set128_vs_set128; noise_levels=0,0.2,0.4,0.6,0.8,1; n.rep=10; resamp=100; n.iter=500; alpha=0.050; methods=multilayer_single_gaussian
[2026-05-26 00:49:50] reticulate python=/home/dechao/.conda/envs/cv-hw2/bin/python
[2026-05-26 00:49:53] loaded MNIST train set: n=60000, p=784
[2026-05-26 00:49:53] loaded MNIST test set: n=10000, p=784
[2026-05-26 00:49:53] training or refreshing CNN checkpoint
[2026-05-26 00:49:54] cnn checkpoint ready: path=/home/dechao/kernel_two-sample/dechao_reproduction/mnist/faster_mnist_cnn_shared_model/models/mnist_cnn_checkpoint.pt; best_val_acc=0.9718; device=cuda
[2026-05-26 00:49:54] required embedding layers: layer1,layer2,final
[2026-05-26 00:49:54] scenario set123_vs_set123 selected test pools: |X|=3177, |Y|=3177
[2026-05-26 00:49:54] scenario set123_vs_set123 iter 1/10 started
[2026-05-26 00:49:54] scenario set123_vs_set123 iter 1/10 sigma 1/6 = 0.000 started
[2026-05-26 00:50:05] scenario set123_vs_set123 iter 1/10 sigma 0.000 finished
[2026-05-26 00:50:05] scenario set123_vs_set123 iter 1/10 sigma 2/6 = 0.200 started
[2026-05-26 00:50:15] scenario set123_vs_set123 iter 1/10 sigma 0.200 finished
[2026-05-26 00:50:15] scenario set123_vs_set123 iter 1/10 sigma 3/6 = 0.400 started
[2026-05-26 00:50:25] scenario set123_vs_set123 iter 1/10 sigma 0.400 finished
[2026-05-26 00:50:25] scenario set123_vs_set123 iter 1/10 sigma 4/6 = 0.600 started
[2026-05-26 00:50:35] scenario set123_vs_set123 iter 1/10 sigma 0.600 finished
[2026-05-26 00:50:35] scenario set123_vs_set123 iter 1/10 sigma 5/6 = 0.800 started
[2026-05-26 00:50:45] scenario set123_vs_set123 iter 1/10 sigma 0.800 finished
[2026-05-26 00:50:45] scenario set123_vs_set123 iter 1/10 sigma 6/6 = 1.000 started
[2026-05-26 00:50:55] scenario set123_vs_set123 iter 1/10 sigma 1.000 finished
[2026-05-26 00:50:55] scenario set123_vs_set123 iter 1/10 finished in 1.017757 mins; checkpoint updated
[2026-05-26 00:50:55] scenario set123_vs_set123 iter 2/10 started
[2026-05-26 00:50:55] scenario set123_vs_set123 iter 2/10 sigma 1/6 = 0.000 started
[2026-05-26 00:51:05] scenario set123_vs_set123 iter 2/10 sigma 0.000 finished
[2026-05-26 00:51:05] scenario set123_vs_set123 iter 2/10 sigma 2/6 = 0.200 started
[2026-05-26 00:51:16] scenario set123_vs_set123 iter 2/10 sigma 0.200 finished
[2026-05-26 00:51:16] scenario set123_vs_set123 iter 2/10 sigma 3/6 = 0.400 started
[2026-05-26 00:51:27] scenario set123_vs_set123 iter 2/10 sigma 0.400 finished
[2026-05-26 00:51:27] scenario set123_vs_set123 iter 2/10 sigma 4/6 = 0.600 started
[2026-05-26 00:51:38] scenario set123_vs_set123 iter 2/10 sigma 0.600 finished
[2026-05-26 00:51:38] scenario set123_vs_set123 iter 2/10 sigma 5/6 = 0.800 started
[2026-05-26 00:51:49] scenario set123_vs_set123 iter 2/10 sigma 0.800 finished
[2026-05-26 00:51:49] scenario set123_vs_set123 iter 2/10 sigma 6/6 = 1.000 started
[2026-05-26 00:51:59] scenario set123_vs_set123 iter 2/10 sigma 1.000 finished
[2026-05-26 00:51:59] scenario set123_vs_set123 iter 2/10 finished in 1.068999 mins; checkpoint updated
[2026-05-26 00:51:59] scenario set123_vs_set123 iter 3/10 started
[2026-05-26 00:51:59] scenario set123_vs_set123 iter 3/10 sigma 1/6 = 0.000 started
[2026-05-26 00:52:09] scenario set123_vs_set123 iter 3/10 sigma 0.000 finished
[2026-05-26 00:52:09] scenario set123_vs_set123 iter 3/10 sigma 2/6 = 0.200 started
[2026-05-26 00:52:19] scenario set123_vs_set123 iter 3/10 sigma 0.200 finished
[2026-05-26 00:52:19] scenario set123_vs_set123 iter 3/10 sigma 3/6 = 0.400 started
[2026-05-26 00:52:29] scenario set123_vs_set123 iter 3/10 sigma 0.400 finished
[2026-05-26 00:52:29] scenario set123_vs_set123 iter 3/10 sigma 4/6 = 0.600 started
[2026-05-26 00:52:39] scenario set123_vs_set123 iter 3/10 sigma 0.600 finished
[2026-05-26 00:52:39] scenario set123_vs_set123 iter 3/10 sigma 5/6 = 0.800 started
[2026-05-26 00:52:48] scenario set123_vs_set123 iter 3/10 sigma 0.800 finished
[2026-05-26 00:52:48] scenario set123_vs_set123 iter 3/10 sigma 6/6 = 1.000 started
[2026-05-26 00:52:59] scenario set123_vs_set123 iter 3/10 sigma 1.000 finished
[2026-05-26 00:52:59] scenario set123_vs_set123 iter 3/10 finished in 59.27151 secs; checkpoint updated
[2026-05-26 00:52:59] scenario set123_vs_set123 iter 4/10 started
[2026-05-26 00:52:59] scenario set123_vs_set123 iter 4/10 sigma 1/6 = 0.000 started
[2026-05-26 00:53:09] scenario set123_vs_set123 iter 4/10 sigma 0.000 finished
[2026-05-26 00:53:09] scenario set123_vs_set123 iter 4/10 sigma 2/6 = 0.200 started
[2026-05-26 00:53:18] scenario set123_vs_set123 iter 4/10 sigma 0.200 finished
[2026-05-26 00:53:18] scenario set123_vs_set123 iter 4/10 sigma 3/6 = 0.400 started
[2026-05-26 00:53:29] scenario set123_vs_set123 iter 4/10 sigma 0.400 finished
[2026-05-26 00:53:29] scenario set123_vs_set123 iter 4/10 sigma 4/6 = 0.600 started
[2026-05-26 00:53:39] scenario set123_vs_set123 iter 4/10 sigma 0.600 finished
[2026-05-26 00:53:39] scenario set123_vs_set123 iter 4/10 sigma 5/6 = 0.800 started
[2026-05-26 00:53:49] scenario set123_vs_set123 iter 4/10 sigma 0.800 finished
[2026-05-26 00:53:49] scenario set123_vs_set123 iter 4/10 sigma 6/6 = 1.000 started
[2026-05-26 00:53:59] scenario set123_vs_set123 iter 4/10 sigma 1.000 finished
[2026-05-26 00:53:59] scenario set123_vs_set123 iter 4/10 finished in 1.001029 mins; checkpoint updated
[2026-05-26 00:53:59] scenario set123_vs_set123 iter 5/10 started
[2026-05-26 00:53:59] scenario set123_vs_set123 iter 5/10 sigma 1/6 = 0.000 started
[2026-05-26 00:54:08] scenario set123_vs_set123 iter 5/10 sigma 0.000 finished
[2026-05-26 00:54:08] scenario set123_vs_set123 iter 5/10 sigma 2/6 = 0.200 started
[2026-05-26 00:54:18] scenario set123_vs_set123 iter 5/10 sigma 0.200 finished
[2026-05-26 00:54:18] scenario set123_vs_set123 iter 5/10 sigma 3/6 = 0.400 started
[2026-05-26 00:54:29] scenario set123_vs_set123 iter 5/10 sigma 0.400 finished
[2026-05-26 00:54:29] scenario set123_vs_set123 iter 5/10 sigma 4/6 = 0.600 started
[2026-05-26 00:54:39] scenario set123_vs_set123 iter 5/10 sigma 0.600 finished
[2026-05-26 00:54:39] scenario set123_vs_set123 iter 5/10 sigma 5/6 = 0.800 started
[2026-05-26 00:54:49] scenario set123_vs_set123 iter 5/10 sigma 0.800 finished
[2026-05-26 00:54:49] scenario set123_vs_set123 iter 5/10 sigma 6/6 = 1.000 started
[2026-05-26 00:54:58] scenario set123_vs_set123 iter 5/10 sigma 1.000 finished
[2026-05-26 00:54:59] scenario set123_vs_set123 iter 5/10 finished in 59.91555 secs; checkpoint updated
[2026-05-26 00:54:59] scenario set123_vs_set123 iter 6/10 started
[2026-05-26 00:54:59] scenario set123_vs_set123 iter 6/10 sigma 1/6 = 0.000 started
[2026-05-26 00:55:09] scenario set123_vs_set123 iter 6/10 sigma 0.000 finished
[2026-05-26 00:55:09] scenario set123_vs_set123 iter 6/10 sigma 2/6 = 0.200 started
[2026-05-26 00:55:19] scenario set123_vs_set123 iter 6/10 sigma 0.200 finished
[2026-05-26 00:55:19] scenario set123_vs_set123 iter 6/10 sigma 3/6 = 0.400 started
[2026-05-26 00:55:29] scenario set123_vs_set123 iter 6/10 sigma 0.400 finished
[2026-05-26 00:55:29] scenario set123_vs_set123 iter 6/10 sigma 4/6 = 0.600 started
[2026-05-26 00:55:39] scenario set123_vs_set123 iter 6/10 sigma 0.600 finished
[2026-05-26 00:55:39] scenario set123_vs_set123 iter 6/10 sigma 5/6 = 0.800 started
[2026-05-26 00:55:49] scenario set123_vs_set123 iter 6/10 sigma 0.800 finished
[2026-05-26 00:55:49] scenario set123_vs_set123 iter 6/10 sigma 6/6 = 1.000 started
[2026-05-26 00:55:59] scenario set123_vs_set123 iter 6/10 sigma 1.000 finished
[2026-05-26 00:55:59] scenario set123_vs_set123 iter 6/10 finished in 1.00986 mins; checkpoint updated
[2026-05-26 00:55:59] scenario set123_vs_set123 iter 7/10 started
[2026-05-26 00:55:59] scenario set123_vs_set123 iter 7/10 sigma 1/6 = 0.000 started
[2026-05-26 00:56:09] scenario set123_vs_set123 iter 7/10 sigma 0.000 finished
[2026-05-26 00:56:09] scenario set123_vs_set123 iter 7/10 sigma 2/6 = 0.200 started
[2026-05-26 00:56:19] scenario set123_vs_set123 iter 7/10 sigma 0.200 finished
[2026-05-26 00:56:19] scenario set123_vs_set123 iter 7/10 sigma 3/6 = 0.400 started
[2026-05-26 00:56:29] scenario set123_vs_set123 iter 7/10 sigma 0.400 finished
[2026-05-26 00:56:29] scenario set123_vs_set123 iter 7/10 sigma 4/6 = 0.600 started
[2026-05-26 00:56:39] scenario set123_vs_set123 iter 7/10 sigma 0.600 finished
[2026-05-26 00:56:39] scenario set123_vs_set123 iter 7/10 sigma 5/6 = 0.800 started
[2026-05-26 00:56:49] scenario set123_vs_set123 iter 7/10 sigma 0.800 finished
[2026-05-26 00:56:49] scenario set123_vs_set123 iter 7/10 sigma 6/6 = 1.000 started
[2026-05-26 00:56:59] scenario set123_vs_set123 iter 7/10 sigma 1.000 finished
[2026-05-26 00:56:59] scenario set123_vs_set123 iter 7/10 finished in 1.005109 mins; checkpoint updated
[2026-05-26 00:56:59] scenario set123_vs_set123 iter 8/10 started
[2026-05-26 00:56:59] scenario set123_vs_set123 iter 8/10 sigma 1/6 = 0.000 started
[2026-05-26 00:57:10] scenario set123_vs_set123 iter 8/10 sigma 0.000 finished
[2026-05-26 00:57:10] scenario set123_vs_set123 iter 8/10 sigma 2/6 = 0.200 started
[2026-05-26 00:57:20] scenario set123_vs_set123 iter 8/10 sigma 0.200 finished
[2026-05-26 00:57:20] scenario set123_vs_set123 iter 8/10 sigma 3/6 = 0.400 started
[2026-05-26 00:57:31] scenario set123_vs_set123 iter 8/10 sigma 0.400 finished
[2026-05-26 00:57:31] scenario set123_vs_set123 iter 8/10 sigma 4/6 = 0.600 started
[2026-05-26 00:57:41] scenario set123_vs_set123 iter 8/10 sigma 0.600 finished
[2026-05-26 00:57:41] scenario set123_vs_set123 iter 8/10 sigma 5/6 = 0.800 started
[2026-05-26 00:57:51] scenario set123_vs_set123 iter 8/10 sigma 0.800 finished
[2026-05-26 00:57:51] scenario set123_vs_set123 iter 8/10 sigma 6/6 = 1.000 started
[2026-05-26 00:58:01] scenario set123_vs_set123 iter 8/10 sigma 1.000 finished
[2026-05-26 00:58:01] scenario set123_vs_set123 iter 8/10 finished in 1.031871 mins; checkpoint updated
[2026-05-26 00:58:01] scenario set123_vs_set123 iter 9/10 started
[2026-05-26 00:58:01] scenario set123_vs_set123 iter 9/10 sigma 1/6 = 0.000 started
[2026-05-26 00:58:12] scenario set123_vs_set123 iter 9/10 sigma 0.000 finished
[2026-05-26 00:58:12] scenario set123_vs_set123 iter 9/10 sigma 2/6 = 0.200 started
[2026-05-26 00:58:22] scenario set123_vs_set123 iter 9/10 sigma 0.200 finished
[2026-05-26 00:58:22] scenario set123_vs_set123 iter 9/10 sigma 3/6 = 0.400 started
[2026-05-26 00:58:31] scenario set123_vs_set123 iter 9/10 sigma 0.400 finished
[2026-05-26 00:58:31] scenario set123_vs_set123 iter 9/10 sigma 4/6 = 0.600 started
[2026-05-26 00:58:41] scenario set123_vs_set123 iter 9/10 sigma 0.600 finished
[2026-05-26 00:58:41] scenario set123_vs_set123 iter 9/10 sigma 5/6 = 0.800 started
[2026-05-26 00:58:51] scenario set123_vs_set123 iter 9/10 sigma 0.800 finished
[2026-05-26 00:58:51] scenario set123_vs_set123 iter 9/10 sigma 6/6 = 1.000 started
[2026-05-26 00:59:01] scenario set123_vs_set123 iter 9/10 sigma 1.000 finished
[2026-05-26 00:59:01] scenario set123_vs_set123 iter 9/10 finished in 59.59642 secs; checkpoint updated
[2026-05-26 00:59:01] scenario set123_vs_set123 iter 10/10 started
[2026-05-26 00:59:01] scenario set123_vs_set123 iter 10/10 sigma 1/6 = 0.000 started
[2026-05-26 00:59:11] scenario set123_vs_set123 iter 10/10 sigma 0.000 finished
[2026-05-26 00:59:11] scenario set123_vs_set123 iter 10/10 sigma 2/6 = 0.200 started
[2026-05-26 00:59:20] scenario set123_vs_set123 iter 10/10 sigma 0.200 finished
[2026-05-26 00:59:20] scenario set123_vs_set123 iter 10/10 sigma 3/6 = 0.400 started
[2026-05-26 00:59:31] scenario set123_vs_set123 iter 10/10 sigma 0.400 finished
[2026-05-26 00:59:31] scenario set123_vs_set123 iter 10/10 sigma 4/6 = 0.600 started
[2026-05-26 00:59:41] scenario set123_vs_set123 iter 10/10 sigma 0.600 finished
[2026-05-26 00:59:41] scenario set123_vs_set123 iter 10/10 sigma 5/6 = 0.800 started
[2026-05-26 00:59:51] scenario set123_vs_set123 iter 10/10 sigma 0.800 finished
[2026-05-26 00:59:51] scenario set123_vs_set123 iter 10/10 sigma 6/6 = 1.000 started
[2026-05-26 01:00:01] scenario set123_vs_set123 iter 10/10 sigma 1.000 finished
[2026-05-26 01:00:01] scenario set123_vs_set123 iter 10/10 finished in 1.004564 mins; checkpoint updated
[2026-05-26 01:00:01] scenario set128_vs_set128 selected test pools: |X|=3141, |Y|=3141
[2026-05-26 01:00:01] scenario set128_vs_set128 iter 1/10 started
[2026-05-26 01:00:01] scenario set128_vs_set128 iter 1/10 sigma 1/6 = 0.000 started
[2026-05-26 01:00:12] scenario set128_vs_set128 iter 1/10 sigma 0.000 finished
[2026-05-26 01:00:12] scenario set128_vs_set128 iter 1/10 sigma 2/6 = 0.200 started
[2026-05-26 01:00:23] scenario set128_vs_set128 iter 1/10 sigma 0.200 finished
[2026-05-26 01:00:23] scenario set128_vs_set128 iter 1/10 sigma 3/6 = 0.400 started
[2026-05-26 01:00:32] scenario set128_vs_set128 iter 1/10 sigma 0.400 finished
[2026-05-26 01:00:32] scenario set128_vs_set128 iter 1/10 sigma 4/6 = 0.600 started
[2026-05-26 01:00:41] scenario set128_vs_set128 iter 1/10 sigma 0.600 finished
[2026-05-26 01:00:41] scenario set128_vs_set128 iter 1/10 sigma 5/6 = 0.800 started
[2026-05-26 01:00:51] scenario set128_vs_set128 iter 1/10 sigma 0.800 finished
[2026-05-26 01:00:51] scenario set128_vs_set128 iter 1/10 sigma 6/6 = 1.000 started
[2026-05-26 01:01:01] scenario set128_vs_set128 iter 1/10 sigma 1.000 finished
[2026-05-26 01:01:01] scenario set128_vs_set128 iter 1/10 finished in 59.91952 secs; checkpoint updated
[2026-05-26 01:01:01] scenario set128_vs_set128 iter 2/10 started
[2026-05-26 01:01:01] scenario set128_vs_set128 iter 2/10 sigma 1/6 = 0.000 started
[2026-05-26 01:01:10] scenario set128_vs_set128 iter 2/10 sigma 0.000 finished
[2026-05-26 01:01:10] scenario set128_vs_set128 iter 2/10 sigma 2/6 = 0.200 started
[2026-05-26 01:01:21] scenario set128_vs_set128 iter 2/10 sigma 0.200 finished
[2026-05-26 01:01:21] scenario set128_vs_set128 iter 2/10 sigma 3/6 = 0.400 started
[2026-05-26 01:01:31] scenario set128_vs_set128 iter 2/10 sigma 0.400 finished
[2026-05-26 01:01:31] scenario set128_vs_set128 iter 2/10 sigma 4/6 = 0.600 started
[2026-05-26 01:01:42] scenario set128_vs_set128 iter 2/10 sigma 0.600 finished
[2026-05-26 01:01:42] scenario set128_vs_set128 iter 2/10 sigma 5/6 = 0.800 started
[2026-05-26 01:01:51] scenario set128_vs_set128 iter 2/10 sigma 0.800 finished
[2026-05-26 01:01:51] scenario set128_vs_set128 iter 2/10 sigma 6/6 = 1.000 started
[2026-05-26 01:02:01] scenario set128_vs_set128 iter 2/10 sigma 1.000 finished
[2026-05-26 01:02:01] scenario set128_vs_set128 iter 2/10 finished in 1.003834 mins; checkpoint updated
[2026-05-26 01:02:01] scenario set128_vs_set128 iter 3/10 started
[2026-05-26 01:02:01] scenario set128_vs_set128 iter 3/10 sigma 1/6 = 0.000 started
[2026-05-26 01:02:11] scenario set128_vs_set128 iter 3/10 sigma 0.000 finished
[2026-05-26 01:02:11] scenario set128_vs_set128 iter 3/10 sigma 2/6 = 0.200 started
[2026-05-26 01:02:21] scenario set128_vs_set128 iter 3/10 sigma 0.200 finished
[2026-05-26 01:02:21] scenario set128_vs_set128 iter 3/10 sigma 3/6 = 0.400 started
[2026-05-26 01:02:31] scenario set128_vs_set128 iter 3/10 sigma 0.400 finished
[2026-05-26 01:02:31] scenario set128_vs_set128 iter 3/10 sigma 4/6 = 0.600 started
[2026-05-26 01:02:40] scenario set128_vs_set128 iter 3/10 sigma 0.600 finished
[2026-05-26 01:02:40] scenario set128_vs_set128 iter 3/10 sigma 5/6 = 0.800 started
[2026-05-26 01:02:51] scenario set128_vs_set128 iter 3/10 sigma 0.800 finished
[2026-05-26 01:02:51] scenario set128_vs_set128 iter 3/10 sigma 6/6 = 1.000 started
[2026-05-26 01:03:00] scenario set128_vs_set128 iter 3/10 sigma 1.000 finished
[2026-05-26 01:03:00] scenario set128_vs_set128 iter 3/10 finished in 58.73989 secs; checkpoint updated
[2026-05-26 01:03:00] scenario set128_vs_set128 iter 4/10 started
[2026-05-26 01:03:00] scenario set128_vs_set128 iter 4/10 sigma 1/6 = 0.000 started
[2026-05-26 01:03:10] scenario set128_vs_set128 iter 4/10 sigma 0.000 finished
[2026-05-26 01:03:10] scenario set128_vs_set128 iter 4/10 sigma 2/6 = 0.200 started
[2026-05-26 01:03:22] scenario set128_vs_set128 iter 4/10 sigma 0.200 finished
[2026-05-26 01:03:22] scenario set128_vs_set128 iter 4/10 sigma 3/6 = 0.400 started
[2026-05-26 01:03:32] scenario set128_vs_set128 iter 4/10 sigma 0.400 finished
[2026-05-26 01:03:32] scenario set128_vs_set128 iter 4/10 sigma 4/6 = 0.600 started
[2026-05-26 01:03:42] scenario set128_vs_set128 iter 4/10 sigma 0.600 finished
[2026-05-26 01:03:42] scenario set128_vs_set128 iter 4/10 sigma 5/6 = 0.800 started
[2026-05-26 01:03:53] scenario set128_vs_set128 iter 4/10 sigma 0.800 finished
[2026-05-26 01:03:53] scenario set128_vs_set128 iter 4/10 sigma 6/6 = 1.000 started
[2026-05-26 01:04:03] scenario set128_vs_set128 iter 4/10 sigma 1.000 finished
[2026-05-26 01:04:03] scenario set128_vs_set128 iter 4/10 finished in 1.046575 mins; checkpoint updated
[2026-05-26 01:04:03] scenario set128_vs_set128 iter 5/10 started
[2026-05-26 01:04:03] scenario set128_vs_set128 iter 5/10 sigma 1/6 = 0.000 started
[2026-05-26 01:04:13] scenario set128_vs_set128 iter 5/10 sigma 0.000 finished
[2026-05-26 01:04:13] scenario set128_vs_set128 iter 5/10 sigma 2/6 = 0.200 started
[2026-05-26 01:04:23] scenario set128_vs_set128 iter 5/10 sigma 0.200 finished
[2026-05-26 01:04:23] scenario set128_vs_set128 iter 5/10 sigma 3/6 = 0.400 started
[2026-05-26 01:04:33] scenario set128_vs_set128 iter 5/10 sigma 0.400 finished
[2026-05-26 01:04:33] scenario set128_vs_set128 iter 5/10 sigma 4/6 = 0.600 started
[2026-05-26 01:04:43] scenario set128_vs_set128 iter 5/10 sigma 0.600 finished
[2026-05-26 01:04:43] scenario set128_vs_set128 iter 5/10 sigma 5/6 = 0.800 started
[2026-05-26 01:04:53] scenario set128_vs_set128 iter 5/10 sigma 0.800 finished
[2026-05-26 01:04:53] scenario set128_vs_set128 iter 5/10 sigma 6/6 = 1.000 started
[2026-05-26 01:05:03] scenario set128_vs_set128 iter 5/10 sigma 1.000 finished
[2026-05-26 01:05:03] scenario set128_vs_set128 iter 5/10 finished in 59.95335 secs; checkpoint updated
[2026-05-26 01:05:03] scenario set128_vs_set128 iter 6/10 started
[2026-05-26 01:05:03] scenario set128_vs_set128 iter 6/10 sigma 1/6 = 0.000 started
[2026-05-26 01:05:12] scenario set128_vs_set128 iter 6/10 sigma 0.000 finished
[2026-05-26 01:05:12] scenario set128_vs_set128 iter 6/10 sigma 2/6 = 0.200 started
[2026-05-26 01:05:22] scenario set128_vs_set128 iter 6/10 sigma 0.200 finished
[2026-05-26 01:05:22] scenario set128_vs_set128 iter 6/10 sigma 3/6 = 0.400 started
[2026-05-26 01:05:32] scenario set128_vs_set128 iter 6/10 sigma 0.400 finished
[2026-05-26 01:05:32] scenario set128_vs_set128 iter 6/10 sigma 4/6 = 0.600 started
[2026-05-26 01:05:43] scenario set128_vs_set128 iter 6/10 sigma 0.600 finished
[2026-05-26 01:05:43] scenario set128_vs_set128 iter 6/10 sigma 5/6 = 0.800 started
[2026-05-26 01:05:53] scenario set128_vs_set128 iter 6/10 sigma 0.800 finished
[2026-05-26 01:05:53] scenario set128_vs_set128 iter 6/10 sigma 6/6 = 1.000 started
[2026-05-26 01:06:03] scenario set128_vs_set128 iter 6/10 sigma 1.000 finished
[2026-05-26 01:06:03] scenario set128_vs_set128 iter 6/10 finished in 1.006883 mins; checkpoint updated
[2026-05-26 01:06:03] scenario set128_vs_set128 iter 7/10 started
[2026-05-26 01:06:03] scenario set128_vs_set128 iter 7/10 sigma 1/6 = 0.000 started
[2026-05-26 01:06:13] scenario set128_vs_set128 iter 7/10 sigma 0.000 finished
[2026-05-26 01:06:13] scenario set128_vs_set128 iter 7/10 sigma 2/6 = 0.200 started
[2026-05-26 01:06:23] scenario set128_vs_set128 iter 7/10 sigma 0.200 finished
[2026-05-26 01:06:23] scenario set128_vs_set128 iter 7/10 sigma 3/6 = 0.400 started
[2026-05-26 01:06:33] scenario set128_vs_set128 iter 7/10 sigma 0.400 finished
[2026-05-26 01:06:33] scenario set128_vs_set128 iter 7/10 sigma 4/6 = 0.600 started
[2026-05-26 01:06:43] scenario set128_vs_set128 iter 7/10 sigma 0.600 finished
[2026-05-26 01:06:43] scenario set128_vs_set128 iter 7/10 sigma 5/6 = 0.800 started
[2026-05-26 01:06:53] scenario set128_vs_set128 iter 7/10 sigma 0.800 finished
[2026-05-26 01:06:53] scenario set128_vs_set128 iter 7/10 sigma 6/6 = 1.000 started
[2026-05-26 01:07:03] scenario set128_vs_set128 iter 7/10 sigma 1.000 finished
[2026-05-26 01:07:03] scenario set128_vs_set128 iter 7/10 finished in 59.67106 secs; checkpoint updated
[2026-05-26 01:07:03] scenario set128_vs_set128 iter 8/10 started
[2026-05-26 01:07:03] scenario set128_vs_set128 iter 8/10 sigma 1/6 = 0.000 started
[2026-05-26 01:07:13] scenario set128_vs_set128 iter 8/10 sigma 0.000 finished
[2026-05-26 01:07:13] scenario set128_vs_set128 iter 8/10 sigma 2/6 = 0.200 started
[2026-05-26 01:07:23] scenario set128_vs_set128 iter 8/10 sigma 0.200 finished
[2026-05-26 01:07:23] scenario set128_vs_set128 iter 8/10 sigma 3/6 = 0.400 started
[2026-05-26 01:07:32] scenario set128_vs_set128 iter 8/10 sigma 0.400 finished
[2026-05-26 01:07:32] scenario set128_vs_set128 iter 8/10 sigma 4/6 = 0.600 started
[2026-05-26 01:07:42] scenario set128_vs_set128 iter 8/10 sigma 0.600 finished
[2026-05-26 01:07:42] scenario set128_vs_set128 iter 8/10 sigma 5/6 = 0.800 started
[2026-05-26 01:07:52] scenario set128_vs_set128 iter 8/10 sigma 0.800 finished
[2026-05-26 01:07:52] scenario set128_vs_set128 iter 8/10 sigma 6/6 = 1.000 started
[2026-05-26 01:08:02] scenario set128_vs_set128 iter 8/10 sigma 1.000 finished
[2026-05-26 01:08:02] scenario set128_vs_set128 iter 8/10 finished in 59.28512 secs; checkpoint updated
[2026-05-26 01:08:02] scenario set128_vs_set128 iter 9/10 started
[2026-05-26 01:08:02] scenario set128_vs_set128 iter 9/10 sigma 1/6 = 0.000 started
[2026-05-26 01:08:12] scenario set128_vs_set128 iter 9/10 sigma 0.000 finished
[2026-05-26 01:08:12] scenario set128_vs_set128 iter 9/10 sigma 2/6 = 0.200 started
[2026-05-26 01:08:22] scenario set128_vs_set128 iter 9/10 sigma 0.200 finished
[2026-05-26 01:08:22] scenario set128_vs_set128 iter 9/10 sigma 3/6 = 0.400 started
[2026-05-26 01:08:33] scenario set128_vs_set128 iter 9/10 sigma 0.400 finished
[2026-05-26 01:08:33] scenario set128_vs_set128 iter 9/10 sigma 4/6 = 0.600 started
[2026-05-26 01:08:43] scenario set128_vs_set128 iter 9/10 sigma 0.600 finished
[2026-05-26 01:08:43] scenario set128_vs_set128 iter 9/10 sigma 5/6 = 0.800 started
[2026-05-26 01:08:54] scenario set128_vs_set128 iter 9/10 sigma 0.800 finished
[2026-05-26 01:08:54] scenario set128_vs_set128 iter 9/10 sigma 6/6 = 1.000 started
[2026-05-26 01:09:04] scenario set128_vs_set128 iter 9/10 sigma 1.000 finished
[2026-05-26 01:09:04] scenario set128_vs_set128 iter 9/10 finished in 1.036334 mins; checkpoint updated
[2026-05-26 01:09:04] scenario set128_vs_set128 iter 10/10 started
[2026-05-26 01:09:04] scenario set128_vs_set128 iter 10/10 sigma 1/6 = 0.000 started
[2026-05-26 01:09:16] scenario set128_vs_set128 iter 10/10 sigma 0.000 finished
[2026-05-26 01:09:16] scenario set128_vs_set128 iter 10/10 sigma 2/6 = 0.200 started
[2026-05-26 01:09:27] scenario set128_vs_set128 iter 10/10 sigma 0.200 finished
[2026-05-26 01:09:27] scenario set128_vs_set128 iter 10/10 sigma 3/6 = 0.400 started
[2026-05-26 01:09:37] scenario set128_vs_set128 iter 10/10 sigma 0.400 finished
[2026-05-26 01:09:37] scenario set128_vs_set128 iter 10/10 sigma 4/6 = 0.600 started
[2026-05-26 01:09:48] scenario set128_vs_set128 iter 10/10 sigma 0.600 finished
[2026-05-26 01:09:48] scenario set128_vs_set128 iter 10/10 sigma 5/6 = 0.800 started
[2026-05-26 01:09:58] scenario set128_vs_set128 iter 10/10 sigma 0.800 finished
[2026-05-26 01:09:58] scenario set128_vs_set128 iter 10/10 sigma 6/6 = 1.000 started
[2026-05-26 01:10:09] scenario set128_vs_set128 iter 10/10 sigma 1.000 finished
[2026-05-26 01:10:09] scenario set128_vs_set128 iter 10/10 finished in 1.072009 mins; checkpoint updated
[2026-05-26 01:10:09] cnn type-I CSV outputs written
[2026-05-26 01:10:10] automatic plotting finished
[2026-05-26 01:10:10] all requested scenario iterations available in 20.27217 mins
