[2026-05-26 00:11:16] cnn embedding power run invoked
[2026-05-26 00:11:16] target config: noise_levels=0,0.2,0.4,0.6,0.8,1; n.rep=10; resamp=100; n.iter=500; alpha=0.050
[2026-05-26 00:11:23] reticulate python=/home/dechao/.conda/envs/cv-hw2/bin/python
[2026-05-26 00:11:26] loaded MNIST train set: n=60000, p=784
[2026-05-26 00:11:26] loaded MNIST test set: n=10000, p=784
[2026-05-26 00:11:26] training or refreshing CNN checkpoint
[2026-05-26 00:11:26] cnn checkpoint ready: path=/home/dechao/kernel_two-sample/dechao_reproduction/faster_mnist_cnn_shared_model/models/mnist_cnn_checkpoint.pt; best_val_acc=0.9718; device=cuda
[2026-05-26 00:11:26] selected test pools: |X|=3177, |Y|=3141
[2026-05-26 00:11:26] required embedding layers: layer1,layer2,final
[2026-05-26 00:11:26] iter 1/10 started
[2026-05-26 00:11:26] iter 1/10 sigma 1/6 = 0.000 started
[2026-05-26 00:11:45] iter 1/10 sigma 0.000 finished
[2026-05-26 00:11:45] iter 1/10 sigma 2/6 = 0.200 started
[2026-05-26 00:12:04] iter 1/10 sigma 0.200 finished
[2026-05-26 00:12:04] iter 1/10 sigma 3/6 = 0.400 started
[2026-05-26 00:12:22] iter 1/10 sigma 0.400 finished
[2026-05-26 00:12:22] iter 1/10 sigma 4/6 = 0.600 started
[2026-05-26 00:12:41] iter 1/10 sigma 0.600 finished
[2026-05-26 00:12:41] iter 1/10 sigma 5/6 = 0.800 started
[2026-05-26 00:13:00] iter 1/10 sigma 0.800 finished
[2026-05-26 00:13:00] iter 1/10 sigma 6/6 = 1.000 started
[2026-05-26 00:13:19] iter 1/10 sigma 1.000 finished
[2026-05-26 00:13:19] iter 1/10 finished in 1.874438 mins; checkpoint updated
[2026-05-26 00:13:19] iter 2/10 started
[2026-05-26 00:13:19] iter 2/10 sigma 1/6 = 0.000 started
[2026-05-26 00:13:37] iter 2/10 sigma 0.000 finished
[2026-05-26 00:13:37] iter 2/10 sigma 2/6 = 0.200 started
[2026-05-26 00:13:56] iter 2/10 sigma 0.200 finished
[2026-05-26 00:13:56] iter 2/10 sigma 3/6 = 0.400 started
[2026-05-26 00:14:15] iter 2/10 sigma 0.400 finished
[2026-05-26 00:14:15] iter 2/10 sigma 4/6 = 0.600 started
[2026-05-26 00:14:34] iter 2/10 sigma 0.600 finished
[2026-05-26 00:14:34] iter 2/10 sigma 5/6 = 0.800 started
[2026-05-26 00:14:52] iter 2/10 sigma 0.800 finished
[2026-05-26 00:14:52] iter 2/10 sigma 6/6 = 1.000 started
[2026-05-26 00:15:11] iter 2/10 sigma 1.000 finished
[2026-05-26 00:15:11] iter 2/10 finished in 1.872477 mins; checkpoint updated
[2026-05-26 00:15:11] iter 3/10 started
[2026-05-26 00:15:11] iter 3/10 sigma 1/6 = 0.000 started
[2026-05-26 00:15:30] iter 3/10 sigma 0.000 finished
[2026-05-26 00:15:30] iter 3/10 sigma 2/6 = 0.200 started
[2026-05-26 00:15:48] iter 3/10 sigma 0.200 finished
[2026-05-26 00:15:48] iter 3/10 sigma 3/6 = 0.400 started
[2026-05-26 00:16:07] iter 3/10 sigma 0.400 finished
[2026-05-26 00:16:07] iter 3/10 sigma 4/6 = 0.600 started
[2026-05-26 00:16:25] iter 3/10 sigma 0.600 finished
[2026-05-26 00:16:25] iter 3/10 sigma 5/6 = 0.800 started
[2026-05-26 00:16:43] iter 3/10 sigma 0.800 finished
[2026-05-26 00:16:43] iter 3/10 sigma 6/6 = 1.000 started
[2026-05-26 00:17:02] iter 3/10 sigma 1.000 finished
[2026-05-26 00:17:02] iter 3/10 finished in 1.843289 mins; checkpoint updated
[2026-05-26 00:17:02] iter 4/10 started
[2026-05-26 00:17:02] iter 4/10 sigma 1/6 = 0.000 started
[2026-05-26 00:17:20] iter 4/10 sigma 0.000 finished
[2026-05-26 00:17:20] iter 4/10 sigma 2/6 = 0.200 started
[2026-05-26 00:17:39] iter 4/10 sigma 0.200 finished
[2026-05-26 00:17:39] iter 4/10 sigma 3/6 = 0.400 started
[2026-05-26 00:17:58] iter 4/10 sigma 0.400 finished
[2026-05-26 00:17:58] iter 4/10 sigma 4/6 = 0.600 started
[2026-05-26 00:18:16] iter 4/10 sigma 0.600 finished
[2026-05-26 00:18:16] iter 4/10 sigma 5/6 = 0.800 started
[2026-05-26 00:18:35] iter 4/10 sigma 0.800 finished
[2026-05-26 00:18:35] iter 4/10 sigma 6/6 = 1.000 started
[2026-05-26 00:18:54] iter 4/10 sigma 1.000 finished
[2026-05-26 00:18:54] iter 4/10 finished in 1.863037 mins; checkpoint updated
[2026-05-26 00:18:54] iter 5/10 started
[2026-05-26 00:18:54] iter 5/10 sigma 1/6 = 0.000 started
[2026-05-26 00:19:12] iter 5/10 sigma 0.000 finished
[2026-05-26 00:19:12] iter 5/10 sigma 2/6 = 0.200 started
[2026-05-26 00:19:31] iter 5/10 sigma 0.200 finished
[2026-05-26 00:19:31] iter 5/10 sigma 3/6 = 0.400 started
[2026-05-26 00:19:50] iter 5/10 sigma 0.400 finished
[2026-05-26 00:19:50] iter 5/10 sigma 4/6 = 0.600 started
[2026-05-26 00:20:09] iter 5/10 sigma 0.600 finished
[2026-05-26 00:20:09] iter 5/10 sigma 5/6 = 0.800 started
[2026-05-26 00:20:28] iter 5/10 sigma 0.800 finished
[2026-05-26 00:20:28] iter 5/10 sigma 6/6 = 1.000 started
[2026-05-26 00:20:46] iter 5/10 sigma 1.000 finished
[2026-05-26 00:20:46] iter 5/10 finished in 1.879782 mins; checkpoint updated
[2026-05-26 00:20:46] iter 6/10 started
[2026-05-26 00:20:46] iter 6/10 sigma 1/6 = 0.000 started
[2026-05-26 00:21:04] iter 6/10 sigma 0.000 finished
[2026-05-26 00:21:04] iter 6/10 sigma 2/6 = 0.200 started
[2026-05-26 00:21:23] iter 6/10 sigma 0.200 finished
[2026-05-26 00:21:23] iter 6/10 sigma 3/6 = 0.400 started
[2026-05-26 00:21:41] iter 6/10 sigma 0.400 finished
[2026-05-26 00:21:41] iter 6/10 sigma 4/6 = 0.600 started
[2026-05-26 00:22:00] iter 6/10 sigma 0.600 finished
[2026-05-26 00:22:00] iter 6/10 sigma 5/6 = 0.800 started
[2026-05-26 00:22:18] iter 6/10 sigma 0.800 finished
[2026-05-26 00:22:18] iter 6/10 sigma 6/6 = 1.000 started
[2026-05-26 00:22:37] iter 6/10 sigma 1.000 finished
[2026-05-26 00:22:37] iter 6/10 finished in 1.844007 mins; checkpoint updated
[2026-05-26 00:22:37] iter 7/10 started
[2026-05-26 00:22:37] iter 7/10 sigma 1/6 = 0.000 started
[2026-05-26 00:22:55] iter 7/10 sigma 0.000 finished
[2026-05-26 00:22:55] iter 7/10 sigma 2/6 = 0.200 started
[2026-05-26 00:23:14] iter 7/10 sigma 0.200 finished
[2026-05-26 00:23:14] iter 7/10 sigma 3/6 = 0.400 started
[2026-05-26 00:23:33] iter 7/10 sigma 0.400 finished
[2026-05-26 00:23:33] iter 7/10 sigma 4/6 = 0.600 started
[2026-05-26 00:23:52] iter 7/10 sigma 0.600 finished
[2026-05-26 00:23:52] iter 7/10 sigma 5/6 = 0.800 started
[2026-05-26 00:24:11] iter 7/10 sigma 0.800 finished
[2026-05-26 00:24:11] iter 7/10 sigma 6/6 = 1.000 started
[2026-05-26 00:24:30] iter 7/10 sigma 1.000 finished
[2026-05-26 00:24:30] iter 7/10 finished in 1.878508 mins; checkpoint updated
[2026-05-26 00:24:30] iter 8/10 started
[2026-05-26 00:24:30] iter 8/10 sigma 1/6 = 0.000 started
[2026-05-26 00:24:48] iter 8/10 sigma 0.000 finished
[2026-05-26 00:24:48] iter 8/10 sigma 2/6 = 0.200 started
[2026-05-26 00:25:07] iter 8/10 sigma 0.200 finished
[2026-05-26 00:25:07] iter 8/10 sigma 3/6 = 0.400 started
[2026-05-26 00:25:25] iter 8/10 sigma 0.400 finished
[2026-05-26 00:25:25] iter 8/10 sigma 4/6 = 0.600 started
[2026-05-26 00:25:45] iter 8/10 sigma 0.600 finished
[2026-05-26 00:25:45] iter 8/10 sigma 5/6 = 0.800 started
[2026-05-26 00:26:04] iter 8/10 sigma 0.800 finished
[2026-05-26 00:26:04] iter 8/10 sigma 6/6 = 1.000 started
[2026-05-26 00:26:23] iter 8/10 sigma 1.000 finished
[2026-05-26 00:26:23] iter 8/10 finished in 1.886024 mins; checkpoint updated
[2026-05-26 00:26:23] iter 9/10 started
[2026-05-26 00:26:23] iter 9/10 sigma 1/6 = 0.000 started
[2026-05-26 00:26:41] iter 9/10 sigma 0.000 finished
[2026-05-26 00:26:41] iter 9/10 sigma 2/6 = 0.200 started
[2026-05-26 00:27:00] iter 9/10 sigma 0.200 finished
[2026-05-26 00:27:00] iter 9/10 sigma 3/6 = 0.400 started
[2026-05-26 00:27:18] iter 9/10 sigma 0.400 finished
[2026-05-26 00:27:18] iter 9/10 sigma 4/6 = 0.600 started
[2026-05-26 00:27:37] iter 9/10 sigma 0.600 finished
[2026-05-26 00:27:37] iter 9/10 sigma 5/6 = 0.800 started
[2026-05-26 00:27:55] iter 9/10 sigma 0.800 finished
[2026-05-26 00:27:55] iter 9/10 sigma 6/6 = 1.000 started
[2026-05-26 00:28:14] iter 9/10 sigma 1.000 finished
[2026-05-26 00:28:14] iter 9/10 finished in 1.845053 mins; checkpoint updated
[2026-05-26 00:28:14] iter 10/10 started
[2026-05-26 00:28:14] iter 10/10 sigma 1/6 = 0.000 started
[2026-05-26 00:28:32] iter 10/10 sigma 0.000 finished
[2026-05-26 00:28:32] iter 10/10 sigma 2/6 = 0.200 started
[2026-05-26 00:28:51] iter 10/10 sigma 0.200 finished
[2026-05-26 00:28:51] iter 10/10 sigma 3/6 = 0.400 started
[2026-05-26 00:29:09] iter 10/10 sigma 0.400 finished
[2026-05-26 00:29:09] iter 10/10 sigma 4/6 = 0.600 started
[2026-05-26 00:29:28] iter 10/10 sigma 0.600 finished
[2026-05-26 00:29:28] iter 10/10 sigma 5/6 = 0.800 started
[2026-05-26 00:29:47] iter 10/10 sigma 0.800 finished
[2026-05-26 00:29:47] iter 10/10 sigma 6/6 = 1.000 started
[2026-05-26 00:30:06] iter 10/10 sigma 1.000 finished
[2026-05-26 00:30:06] iter 10/10 finished in 1.874219 mins; checkpoint updated
[2026-05-26 00:30:06] cnn power CSV outputs written
[2026-05-26 00:30:07] automatic plotting finished
[2026-05-26 00:30:07] all requested iterations available in 18.67602 mins
