[2026-05-25 11:11:16] baseline kernel fast run invoked
[2026-05-25 11:11:16] target config: noise_levels=0,0.2,0.4,0.6,0.8,1; n.rep=10; resamp=100; n.iter=500; n_cores=8; alpha=0.050
[2026-05-25 11:12:59] loaded MNIST train set: n=60000, p=784
[2026-05-25 11:12:59] iter 1/10 started
[2026-05-25 11:14:16] baseline kernel fast run invoked
[2026-05-25 11:14:16] target config: noise_levels=0,0.2,0.4,0.6,0.8,1; n.rep=10; resamp=100; n.iter=500; n_cores=8; alpha=0.050
[2026-05-25 11:14:18] loaded MNIST train set: n=60000, p=784
[2026-05-25 11:14:18] iter 1/10 started
[2026-05-25 11:22:36] iter 1/10 finished in 8.307753 mins; checkpoint updated
[2026-05-25 11:22:36] iter 2/10 started
[2026-05-25 11:31:02] iter 2/10 finished in 8.424039 mins; checkpoint updated
[2026-05-25 11:31:02] iter 3/10 started
[2026-05-25 11:39:24] iter 3/10 finished in 8.369213 mins; checkpoint updated
[2026-05-25 11:39:24] iter 4/10 started
[2026-05-25 11:47:54] iter 4/10 finished in 8.507519 mins; checkpoint updated
[2026-05-25 11:47:54] iter 5/10 started
[2026-05-25 11:56:22] iter 5/10 finished in 8.460965 mins; checkpoint updated
[2026-05-25 11:56:22] iter 6/10 started
[2026-05-25 12:04:37] iter 6/10 finished in 8.245626 mins; checkpoint updated
[2026-05-25 12:04:37] iter 7/10 started
[2026-05-25 12:13:02] iter 7/10 finished in 8.419894 mins; checkpoint updated
[2026-05-25 12:13:02] iter 8/10 started
[2026-05-25 12:21:21] iter 8/10 finished in 8.323052 mins; checkpoint updated
[2026-05-25 12:21:21] iter 9/10 started
[2026-05-25 12:29:51] iter 9/10 finished in 8.488959 mins; checkpoint updated
[2026-05-25 12:29:51] iter 10/10 started
[2026-05-25 12:38:18] iter 10/10 finished in 8.456737 mins; checkpoint updated
[2026-05-25 12:38:18] all requested iterations available in 1.400072 hours
[2026-05-25 12:38:18] baseline kernel CSV outputs written
