[2026-05-25 15:47:14] cnn embedding power run invoked
[2026-05-25 15:47:14] target config: noise_levels=0,0.2,0.4,0.6,0.8,1; n.rep=10; resamp=100; n.iter=500; alpha=0.050
[2026-05-25 15:47:21] reticulate python=/home/dechao/.conda/envs/cv-hw2/bin/python
[2026-05-25 15:47:24] loaded MNIST train set: n=60000, p=784
[2026-05-25 15:47:24] loaded MNIST test set: n=10000, p=784
[2026-05-25 15:47:24] training or refreshing CNN checkpoint
[2026-05-25 15:47:24] cnn checkpoint ready: path=/home/dechao/kernel_two-sample/dechao_reproduction/mnist/faster_mnist_cnn_shared_model/models/mnist_cnn_checkpoint.pt; best_val_acc=0.9718; device=cuda
[2026-05-25 15:47:24] selected test pools: |X|=3177, |Y|=3141
[2026-05-25 15:47:24] required embedding layers: final
[2026-05-25 15:47:24] iter 1/10 started
[2026-05-25 15:47:24] iter 1/10 sigma 1/6 = 0.000 started
[2026-05-25 15:47:35] iter 1/10 sigma 0.000 finished
[2026-05-25 15:47:35] iter 1/10 sigma 2/6 = 0.200 started
[2026-05-25 15:47:46] iter 1/10 sigma 0.200 finished
[2026-05-25 15:47:46] iter 1/10 sigma 3/6 = 0.400 started
[2026-05-25 15:47:56] iter 1/10 sigma 0.400 finished
[2026-05-25 15:47:56] iter 1/10 sigma 4/6 = 0.600 started
[2026-05-25 15:48:07] iter 1/10 sigma 0.600 finished
[2026-05-25 15:48:07] iter 1/10 sigma 5/6 = 0.800 started
[2026-05-25 15:48:17] iter 1/10 sigma 0.800 finished
[2026-05-25 15:48:17] iter 1/10 sigma 6/6 = 1.000 started
[2026-05-25 15:48:27] iter 1/10 sigma 1.000 finished
[2026-05-25 15:48:27] iter 1/10 finished in 1.041993 mins; checkpoint updated
[2026-05-25 15:48:27] iter 2/10 started
[2026-05-25 15:48:27] iter 2/10 sigma 1/6 = 0.000 started
[2026-05-25 15:48:37] iter 2/10 sigma 0.000 finished
[2026-05-25 15:48:37] iter 2/10 sigma 2/6 = 0.200 started
[2026-05-25 15:48:48] iter 2/10 sigma 0.200 finished
[2026-05-25 15:48:48] iter 2/10 sigma 3/6 = 0.400 started
[2026-05-25 15:48:58] iter 2/10 sigma 0.400 finished
[2026-05-25 15:48:58] iter 2/10 sigma 4/6 = 0.600 started
[2026-05-25 15:49:09] iter 2/10 sigma 0.600 finished
[2026-05-25 15:49:09] iter 2/10 sigma 5/6 = 0.800 started
[2026-05-25 15:49:20] iter 2/10 sigma 0.800 finished
[2026-05-25 15:49:20] iter 2/10 sigma 6/6 = 1.000 started
[2026-05-25 15:49:31] iter 2/10 sigma 1.000 finished
[2026-05-25 15:49:31] iter 2/10 finished in 1.075825 mins; checkpoint updated
[2026-05-25 15:49:31] iter 3/10 started
[2026-05-25 15:49:31] iter 3/10 sigma 1/6 = 0.000 started
[2026-05-25 15:49:42] iter 3/10 sigma 0.000 finished
[2026-05-25 15:49:42] iter 3/10 sigma 2/6 = 0.200 started
[2026-05-25 15:49:52] iter 3/10 sigma 0.200 finished
[2026-05-25 15:49:52] iter 3/10 sigma 3/6 = 0.400 started
[2026-05-25 15:50:03] iter 3/10 sigma 0.400 finished
[2026-05-25 15:50:03] iter 3/10 sigma 4/6 = 0.600 started
[2026-05-25 15:50:13] iter 3/10 sigma 0.600 finished
[2026-05-25 15:50:13] iter 3/10 sigma 5/6 = 0.800 started
[2026-05-25 15:50:24] iter 3/10 sigma 0.800 finished
[2026-05-25 15:50:24] iter 3/10 sigma 6/6 = 1.000 started
[2026-05-25 15:50:34] iter 3/10 sigma 1.000 finished
[2026-05-25 15:50:34] iter 3/10 finished in 1.035363 mins; checkpoint updated
[2026-05-25 15:50:34] iter 4/10 started
[2026-05-25 15:50:34] iter 4/10 sigma 1/6 = 0.000 started
[2026-05-25 15:50:43] iter 4/10 sigma 0.000 finished
[2026-05-25 15:50:43] iter 4/10 sigma 2/6 = 0.200 started
[2026-05-25 15:50:54] iter 4/10 sigma 0.200 finished
[2026-05-25 15:50:54] iter 4/10 sigma 3/6 = 0.400 started
[2026-05-25 15:51:04] iter 4/10 sigma 0.400 finished
[2026-05-25 15:51:04] iter 4/10 sigma 4/6 = 0.600 started
[2026-05-25 15:51:14] iter 4/10 sigma 0.600 finished
[2026-05-25 15:51:14] iter 4/10 sigma 5/6 = 0.800 started
[2026-05-25 15:51:24] iter 4/10 sigma 0.800 finished
[2026-05-25 15:51:24] iter 4/10 sigma 6/6 = 1.000 started
[2026-05-25 15:51:35] iter 4/10 sigma 1.000 finished
[2026-05-25 15:51:35] iter 4/10 finished in 1.023704 mins; checkpoint updated
[2026-05-25 15:51:35] iter 5/10 started
[2026-05-25 15:51:35] iter 5/10 sigma 1/6 = 0.000 started
[2026-05-25 15:51:45] iter 5/10 sigma 0.000 finished
[2026-05-25 15:51:45] iter 5/10 sigma 2/6 = 0.200 started
[2026-05-25 15:51:55] iter 5/10 sigma 0.200 finished
[2026-05-25 15:51:55] iter 5/10 sigma 3/6 = 0.400 started
[2026-05-25 15:52:05] iter 5/10 sigma 0.400 finished
[2026-05-25 15:52:05] iter 5/10 sigma 4/6 = 0.600 started
[2026-05-25 15:52:16] iter 5/10 sigma 0.600 finished
[2026-05-25 15:52:16] iter 5/10 sigma 5/6 = 0.800 started
[2026-05-25 15:52:26] iter 5/10 sigma 0.800 finished
[2026-05-25 15:52:26] iter 5/10 sigma 6/6 = 1.000 started
[2026-05-25 15:52:37] iter 5/10 sigma 1.000 finished
[2026-05-25 15:52:37] iter 5/10 finished in 1.03271 mins; checkpoint updated
[2026-05-25 15:52:37] iter 6/10 started
[2026-05-25 15:52:37] iter 6/10 sigma 1/6 = 0.000 started
[2026-05-25 15:52:48] iter 6/10 sigma 0.000 finished
[2026-05-25 15:52:48] iter 6/10 sigma 2/6 = 0.200 started
[2026-05-25 15:52:58] iter 6/10 sigma 0.200 finished
[2026-05-25 15:52:58] iter 6/10 sigma 3/6 = 0.400 started
[2026-05-25 15:53:07] iter 6/10 sigma 0.400 finished
[2026-05-25 15:53:07] iter 6/10 sigma 4/6 = 0.600 started
[2026-05-25 15:53:17] iter 6/10 sigma 0.600 finished
[2026-05-25 15:53:17] iter 6/10 sigma 5/6 = 0.800 started
[2026-05-25 15:53:28] iter 6/10 sigma 0.800 finished
[2026-05-25 15:53:28] iter 6/10 sigma 6/6 = 1.000 started
[2026-05-25 15:53:38] iter 6/10 sigma 1.000 finished
[2026-05-25 15:53:38] iter 6/10 finished in 1.017454 mins; checkpoint updated
[2026-05-25 15:53:38] iter 7/10 started
[2026-05-25 15:53:38] iter 7/10 sigma 1/6 = 0.000 started
[2026-05-25 15:53:48] iter 7/10 sigma 0.000 finished
[2026-05-25 15:53:48] iter 7/10 sigma 2/6 = 0.200 started
[2026-05-25 15:53:58] iter 7/10 sigma 0.200 finished
[2026-05-25 15:53:58] iter 7/10 sigma 3/6 = 0.400 started
[2026-05-25 15:54:08] iter 7/10 sigma 0.400 finished
[2026-05-25 15:54:08] iter 7/10 sigma 4/6 = 0.600 started
[2026-05-25 15:54:17] iter 7/10 sigma 0.600 finished
[2026-05-25 15:54:17] iter 7/10 sigma 5/6 = 0.800 started
[2026-05-25 15:54:27] iter 7/10 sigma 0.800 finished
[2026-05-25 15:54:27] iter 7/10 sigma 6/6 = 1.000 started
[2026-05-25 15:54:37] iter 7/10 sigma 1.000 finished
[2026-05-25 15:54:37] iter 7/10 finished in 59.14885 secs; checkpoint updated
[2026-05-25 15:54:37] iter 8/10 started
[2026-05-25 15:54:37] iter 8/10 sigma 1/6 = 0.000 started
[2026-05-25 15:54:47] iter 8/10 sigma 0.000 finished
[2026-05-25 15:54:47] iter 8/10 sigma 2/6 = 0.200 started
[2026-05-25 15:54:57] iter 8/10 sigma 0.200 finished
[2026-05-25 15:54:57] iter 8/10 sigma 3/6 = 0.400 started
[2026-05-25 15:55:08] iter 8/10 sigma 0.400 finished
[2026-05-25 15:55:08] iter 8/10 sigma 4/6 = 0.600 started
[2026-05-25 15:55:18] iter 8/10 sigma 0.600 finished
[2026-05-25 15:55:18] iter 8/10 sigma 5/6 = 0.800 started
[2026-05-25 15:55:28] iter 8/10 sigma 0.800 finished
[2026-05-25 15:55:28] iter 8/10 sigma 6/6 = 1.000 started
[2026-05-25 15:55:38] iter 8/10 sigma 1.000 finished
[2026-05-25 15:55:38] iter 8/10 finished in 1.018337 mins; checkpoint updated
[2026-05-25 15:55:38] iter 9/10 started
[2026-05-25 15:55:38] iter 9/10 sigma 1/6 = 0.000 started
[2026-05-25 15:55:48] iter 9/10 sigma 0.000 finished
[2026-05-25 15:55:48] iter 9/10 sigma 2/6 = 0.200 started
[2026-05-25 15:55:59] iter 9/10 sigma 0.200 finished
[2026-05-25 15:55:59] iter 9/10 sigma 3/6 = 0.400 started
[2026-05-25 15:56:09] iter 9/10 sigma 0.400 finished
[2026-05-25 15:56:09] iter 9/10 sigma 4/6 = 0.600 started
[2026-05-25 15:56:20] iter 9/10 sigma 0.600 finished
[2026-05-25 15:56:20] iter 9/10 sigma 5/6 = 0.800 started
[2026-05-25 15:56:30] iter 9/10 sigma 0.800 finished
[2026-05-25 15:56:30] iter 9/10 sigma 6/6 = 1.000 started
[2026-05-25 15:56:40] iter 9/10 sigma 1.000 finished
[2026-05-25 15:56:40] iter 9/10 finished in 1.024611 mins; checkpoint updated
[2026-05-25 15:56:40] iter 10/10 started
[2026-05-25 15:56:40] iter 10/10 sigma 1/6 = 0.000 started
[2026-05-25 15:56:49] iter 10/10 sigma 0.000 finished
[2026-05-25 15:56:49] iter 10/10 sigma 2/6 = 0.200 started
[2026-05-25 15:56:59] iter 10/10 sigma 0.200 finished
[2026-05-25 15:56:59] iter 10/10 sigma 3/6 = 0.400 started
[2026-05-25 15:57:09] iter 10/10 sigma 0.400 finished
[2026-05-25 15:57:09] iter 10/10 sigma 4/6 = 0.600 started
[2026-05-25 15:57:20] iter 10/10 sigma 0.600 finished
[2026-05-25 15:57:20] iter 10/10 sigma 5/6 = 0.800 started
[2026-05-25 15:57:30] iter 10/10 sigma 0.800 finished
[2026-05-25 15:57:30] iter 10/10 sigma 6/6 = 1.000 started
[2026-05-25 15:57:40] iter 10/10 sigma 1.000 finished
[2026-05-25 15:57:40] iter 10/10 finished in 1.004683 mins; checkpoint updated
[2026-05-25 15:57:40] cnn power CSV outputs written
