[2026-05-25 21:52:59] cnn embedding power run invoked
[2026-05-25 21:52:59] target config: noise_levels=0,0.2,0.4,0.6,0.8,1; n.rep=10; resamp=100; n.iter=500; alpha=0.050
[2026-05-25 21:53:06] reticulate python=/home/dechao/.conda/envs/cv-hw2/bin/python
[2026-05-25 21:53:09] loaded MNIST train set: n=60000, p=784
[2026-05-25 21:53:09] loaded MNIST test set: n=10000, p=784
[2026-05-25 21:53:09] training or refreshing CNN checkpoint
[2026-05-25 21:53:09] cnn checkpoint ready: path=/home/dechao/kernel_two-sample/dechao_reproduction/mnist/faster_mnist_cnn_shared_model/models/mnist_cnn_checkpoint.pt; best_val_acc=0.9718; device=cuda
[2026-05-25 21:53:09] selected test pools: |X|=3177, |Y|=3141
[2026-05-25 21:53:09] required embedding layers: layer2
[2026-05-25 21:53:09] iter 1/10 started
[2026-05-25 21:53:09] iter 1/10 sigma 1/6 = 0.000 started
[2026-05-25 21:53:18] iter 1/10 sigma 0.000 finished
[2026-05-25 21:53:18] iter 1/10 sigma 2/6 = 0.200 started
[2026-05-25 21:53:27] iter 1/10 sigma 0.200 finished
[2026-05-25 21:53:27] iter 1/10 sigma 3/6 = 0.400 started
[2026-05-25 21:53:36] iter 1/10 sigma 0.400 finished
[2026-05-25 21:53:36] iter 1/10 sigma 4/6 = 0.600 started
[2026-05-25 21:53:45] iter 1/10 sigma 0.600 finished
[2026-05-25 21:53:45] iter 1/10 sigma 5/6 = 0.800 started
[2026-05-25 21:53:54] iter 1/10 sigma 0.800 finished
[2026-05-25 21:53:54] iter 1/10 sigma 6/6 = 1.000 started
[2026-05-25 21:54:03] iter 1/10 sigma 1.000 finished
[2026-05-25 21:54:03] iter 1/10 finished in 53.74917 secs; checkpoint updated
[2026-05-25 21:54:03] iter 2/10 started
[2026-05-25 21:54:03] iter 2/10 sigma 1/6 = 0.000 started
[2026-05-25 21:54:12] iter 2/10 sigma 0.000 finished
[2026-05-25 21:54:12] iter 2/10 sigma 2/6 = 0.200 started
[2026-05-25 23:52:42] cnn embedding power run invoked
[2026-05-25 23:52:42] target config: noise_levels=0,0.2,0.4,0.6,0.8,1; n.rep=10; resamp=100; n.iter=500; alpha=0.050
[2026-05-25 23:52:49] reticulate python=/home/dechao/.conda/envs/cv-hw2/bin/python
[2026-05-25 23:52:52] loaded MNIST train set: n=60000, p=784
[2026-05-25 23:52:52] loaded MNIST test set: n=10000, p=784
[2026-05-25 23:52:52] training or refreshing CNN checkpoint
[2026-05-25 23:52:53] cnn checkpoint ready: path=/home/dechao/kernel_two-sample/dechao_reproduction/mnist/faster_mnist_cnn_shared_model/models/mnist_cnn_checkpoint.pt; best_val_acc=0.9718; device=cuda
[2026-05-25 23:52:53] selected test pools: |X|=3177, |Y|=3141
[2026-05-25 23:52:53] required embedding layers: layer2
[2026-05-25 23:52:53] resuming from checkpoint: iter_completed=1; target_n.rep=10
[2026-05-25 23:52:53] iter 2/10 started
[2026-05-25 23:52:53] iter 2/10 sigma 1/6 = 0.000 started
[2026-05-25 23:53:03] iter 2/10 sigma 0.000 finished
[2026-05-25 23:53:03] iter 2/10 sigma 2/6 = 0.200 started
[2026-05-25 23:53:12] iter 2/10 sigma 0.200 finished
[2026-05-25 23:53:12] iter 2/10 sigma 3/6 = 0.400 started
[2026-05-25 23:53:21] iter 2/10 sigma 0.400 finished
[2026-05-25 23:53:21] iter 2/10 sigma 4/6 = 0.600 started
[2026-05-25 23:53:30] iter 2/10 sigma 0.600 finished
[2026-05-25 23:53:30] iter 2/10 sigma 5/6 = 0.800 started
[2026-05-25 23:53:39] iter 2/10 sigma 0.800 finished
[2026-05-25 23:53:39] iter 2/10 sigma 6/6 = 1.000 started
[2026-05-25 23:53:48] iter 2/10 sigma 1.000 finished
[2026-05-25 23:53:48] iter 2/10 finished in 54.53994 secs; checkpoint updated
[2026-05-25 23:53:48] iter 3/10 started
[2026-05-25 23:53:48] iter 3/10 sigma 1/6 = 0.000 started
[2026-05-25 23:53:56] iter 3/10 sigma 0.000 finished
[2026-05-25 23:53:56] iter 3/10 sigma 2/6 = 0.200 started
[2026-05-25 23:54:05] iter 3/10 sigma 0.200 finished
[2026-05-25 23:54:05] iter 3/10 sigma 3/6 = 0.400 started
[2026-05-25 23:54:15] iter 3/10 sigma 0.400 finished
[2026-05-25 23:54:15] iter 3/10 sigma 4/6 = 0.600 started
[2026-05-25 23:54:24] iter 3/10 sigma 0.600 finished
[2026-05-25 23:54:24] iter 3/10 sigma 5/6 = 0.800 started
[2026-05-25 23:54:34] iter 3/10 sigma 0.800 finished
[2026-05-25 23:54:34] iter 3/10 sigma 6/6 = 1.000 started
[2026-05-25 23:54:44] iter 3/10 sigma 1.000 finished
[2026-05-25 23:54:44] iter 3/10 finished in 56.01849 secs; checkpoint updated
[2026-05-25 23:54:44] iter 4/10 started
[2026-05-25 23:54:44] iter 4/10 sigma 1/6 = 0.000 started
[2026-05-25 23:54:53] iter 4/10 sigma 0.000 finished
[2026-05-25 23:54:53] iter 4/10 sigma 2/6 = 0.200 started
[2026-05-25 23:55:02] iter 4/10 sigma 0.200 finished
[2026-05-25 23:55:02] iter 4/10 sigma 3/6 = 0.400 started
[2026-05-25 23:55:11] iter 4/10 sigma 0.400 finished
[2026-05-25 23:55:11] iter 4/10 sigma 4/6 = 0.600 started
[2026-05-25 23:55:19] iter 4/10 sigma 0.600 finished
[2026-05-25 23:55:19] iter 4/10 sigma 5/6 = 0.800 started
[2026-05-25 23:55:28] iter 4/10 sigma 0.800 finished
[2026-05-25 23:55:28] iter 4/10 sigma 6/6 = 1.000 started
[2026-05-25 23:55:37] iter 4/10 sigma 1.000 finished
[2026-05-25 23:55:37] iter 4/10 finished in 53.58427 secs; checkpoint updated
[2026-05-25 23:55:37] iter 5/10 started
[2026-05-25 23:55:37] iter 5/10 sigma 1/6 = 0.000 started
[2026-05-25 23:55:46] iter 5/10 sigma 0.000 finished
[2026-05-25 23:55:46] iter 5/10 sigma 2/6 = 0.200 started
[2026-05-25 23:55:55] iter 5/10 sigma 0.200 finished
[2026-05-25 23:55:55] iter 5/10 sigma 3/6 = 0.400 started
[2026-05-25 23:56:04] iter 5/10 sigma 0.400 finished
[2026-05-25 23:56:04] iter 5/10 sigma 4/6 = 0.600 started
[2026-05-25 23:56:12] iter 5/10 sigma 0.600 finished
[2026-05-25 23:56:12] iter 5/10 sigma 5/6 = 0.800 started
[2026-05-25 23:56:21] iter 5/10 sigma 0.800 finished
[2026-05-25 23:56:21] iter 5/10 sigma 6/6 = 1.000 started
[2026-05-25 23:56:30] iter 5/10 sigma 1.000 finished
[2026-05-25 23:56:30] iter 5/10 finished in 53.06545 secs; checkpoint updated
[2026-05-25 23:56:30] iter 6/10 started
[2026-05-25 23:56:30] iter 6/10 sigma 1/6 = 0.000 started
[2026-05-25 23:56:39] iter 6/10 sigma 0.000 finished
[2026-05-25 23:56:39] iter 6/10 sigma 2/6 = 0.200 started
[2026-05-25 23:56:48] iter 6/10 sigma 0.200 finished
[2026-05-25 23:56:48] iter 6/10 sigma 3/6 = 0.400 started
[2026-05-25 23:56:57] iter 6/10 sigma 0.400 finished
[2026-05-25 23:56:57] iter 6/10 sigma 4/6 = 0.600 started
[2026-05-25 23:57:06] iter 6/10 sigma 0.600 finished
[2026-05-25 23:57:06] iter 6/10 sigma 5/6 = 0.800 started
[2026-05-25 23:57:15] iter 6/10 sigma 0.800 finished
[2026-05-25 23:57:15] iter 6/10 sigma 6/6 = 1.000 started
[2026-05-25 23:57:25] iter 6/10 sigma 1.000 finished
[2026-05-25 23:57:25] iter 6/10 finished in 54.65518 secs; checkpoint updated
[2026-05-25 23:57:25] iter 7/10 started
[2026-05-25 23:57:25] iter 7/10 sigma 1/6 = 0.000 started
[2026-05-25 23:57:34] iter 7/10 sigma 0.000 finished
[2026-05-25 23:57:34] iter 7/10 sigma 2/6 = 0.200 started
[2026-05-25 23:57:44] iter 7/10 sigma 0.200 finished
[2026-05-25 23:57:44] iter 7/10 sigma 3/6 = 0.400 started
[2026-05-25 23:57:53] iter 7/10 sigma 0.400 finished
[2026-05-25 23:57:53] iter 7/10 sigma 4/6 = 0.600 started
[2026-05-25 23:58:02] iter 7/10 sigma 0.600 finished
[2026-05-25 23:58:02] iter 7/10 sigma 5/6 = 0.800 started
[2026-05-25 23:58:11] iter 7/10 sigma 0.800 finished
[2026-05-25 23:58:11] iter 7/10 sigma 6/6 = 1.000 started
[2026-05-25 23:58:19] iter 7/10 sigma 1.000 finished
[2026-05-25 23:58:19] iter 7/10 finished in 54.31251 secs; checkpoint updated
[2026-05-25 23:58:19] iter 8/10 started
[2026-05-25 23:58:19] iter 8/10 sigma 1/6 = 0.000 started
[2026-05-25 23:58:27] iter 8/10 sigma 0.000 finished
[2026-05-25 23:58:27] iter 8/10 sigma 2/6 = 0.200 started
[2026-05-25 23:58:37] iter 8/10 sigma 0.200 finished
[2026-05-25 23:58:37] iter 8/10 sigma 3/6 = 0.400 started
[2026-05-25 23:58:46] iter 8/10 sigma 0.400 finished
[2026-05-25 23:58:46] iter 8/10 sigma 4/6 = 0.600 started
[2026-05-25 23:58:55] iter 8/10 sigma 0.600 finished
[2026-05-25 23:58:55] iter 8/10 sigma 5/6 = 0.800 started
[2026-05-25 23:59:04] iter 8/10 sigma 0.800 finished
[2026-05-25 23:59:04] iter 8/10 sigma 6/6 = 1.000 started
[2026-05-25 23:59:12] iter 8/10 sigma 1.000 finished
[2026-05-25 23:59:12] iter 8/10 finished in 52.7482 secs; checkpoint updated
[2026-05-25 23:59:12] iter 9/10 started
[2026-05-25 23:59:12] iter 9/10 sigma 1/6 = 0.000 started
[2026-05-25 23:59:21] iter 9/10 sigma 0.000 finished
[2026-05-25 23:59:21] iter 9/10 sigma 2/6 = 0.200 started
[2026-05-25 23:59:30] iter 9/10 sigma 0.200 finished
[2026-05-25 23:59:30] iter 9/10 sigma 3/6 = 0.400 started
[2026-05-25 23:59:39] iter 9/10 sigma 0.400 finished
[2026-05-25 23:59:39] iter 9/10 sigma 4/6 = 0.600 started
[2026-05-25 23:59:48] iter 9/10 sigma 0.600 finished
[2026-05-25 23:59:48] iter 9/10 sigma 5/6 = 0.800 started
[2026-05-25 23:59:57] iter 9/10 sigma 0.800 finished
[2026-05-25 23:59:57] iter 9/10 sigma 6/6 = 1.000 started
[2026-05-26 00:00:07] iter 9/10 sigma 1.000 finished
[2026-05-26 00:00:07] iter 9/10 finished in 54.9013 secs; checkpoint updated
[2026-05-26 00:00:07] iter 10/10 started
[2026-05-26 00:00:07] iter 10/10 sigma 1/6 = 0.000 started
[2026-05-26 00:00:16] iter 10/10 sigma 0.000 finished
[2026-05-26 00:00:16] iter 10/10 sigma 2/6 = 0.200 started
[2026-05-26 00:00:26] iter 10/10 sigma 0.200 finished
[2026-05-26 00:00:26] iter 10/10 sigma 3/6 = 0.400 started
[2026-05-26 00:00:36] iter 10/10 sigma 0.400 finished
[2026-05-26 00:00:36] iter 10/10 sigma 4/6 = 0.600 started
[2026-05-26 00:00:45] iter 10/10 sigma 0.600 finished
[2026-05-26 00:00:45] iter 10/10 sigma 5/6 = 0.800 started
[2026-05-26 00:00:54] iter 10/10 sigma 0.800 finished
[2026-05-26 00:00:54] iter 10/10 sigma 6/6 = 1.000 started
[2026-05-26 00:01:03] iter 10/10 sigma 1.000 finished
[2026-05-26 00:01:03] iter 10/10 finished in 56.13109 secs; checkpoint updated
[2026-05-26 00:01:03] cnn power CSV outputs written
[2026-05-26 00:01:04] automatic plotting finished
[2026-05-26 00:01:04] all requested iterations available in 8.178128 mins
