[2026-05-25 22:11:58] cnn embedding type-I run invoked
[2026-05-25 22:11:58] target config: noise_levels=0,0.4,0.8; n.rep=10; resamp=100; n.iter=500; alpha=0.050
[2026-05-25 22:12:05] reticulate python=/home/dechao/.conda/envs/cv-hw2/bin/python
[2026-05-25 22:12:08] loaded MNIST train set: n=60000, p=784
[2026-05-25 22:12:08] loaded MNIST test set: n=10000, p=784
[2026-05-25 22:12:08] training or refreshing CNN checkpoint
[2026-05-25 22:12:09] cnn checkpoint ready: path=/home/dechao/kernel_two-sample/dechao_reproduction/faster_mnist_cnn_shared_model/models/mnist_cnn_checkpoint.pt; best_val_acc=0.9718; device=cuda
[2026-05-25 22:12:09] selected test pools: |X|=3177, |Y|=3177
[2026-05-25 22:12:09] required embedding layers: layer1,layer2,final
[2026-05-25 22:12:09] iter 1/10 started
[2026-05-25 22:12:09] iter 1/10 sigma 1/3 = 0.000 started
[2026-05-25 22:13:11] iter 1/10 sigma 0.000 finished
[2026-05-25 22:13:11] iter 1/10 sigma 2/3 = 0.400 started
[2026-05-25 22:14:11] iter 1/10 sigma 0.400 finished
[2026-05-25 22:14:11] iter 1/10 sigma 3/3 = 0.800 started
[2026-05-25 22:15:11] iter 1/10 sigma 0.800 finished
[2026-05-25 22:15:11] iter 1/10 finished in 3.040152 mins; checkpoint updated
[2026-05-25 22:15:11] iter 2/10 started
[2026-05-25 22:15:11] iter 2/10 sigma 1/3 = 0.000 started
[2026-05-25 22:16:12] iter 2/10 sigma 0.000 finished
[2026-05-25 22:16:12] iter 2/10 sigma 2/3 = 0.400 started
[2026-05-25 22:17:13] iter 2/10 sigma 0.400 finished
[2026-05-25 22:17:13] iter 2/10 sigma 3/3 = 0.800 started
[2026-05-25 22:18:15] iter 2/10 sigma 0.800 finished
[2026-05-25 22:18:15] iter 2/10 finished in 3.061223 mins; checkpoint updated
[2026-05-25 22:18:15] iter 3/10 started
[2026-05-25 22:18:15] iter 3/10 sigma 1/3 = 0.000 started
[2026-05-25 22:19:16] iter 3/10 sigma 0.000 finished
[2026-05-25 22:19:16] iter 3/10 sigma 2/3 = 0.400 started
[2026-05-25 22:20:17] iter 3/10 sigma 0.400 finished
[2026-05-25 22:20:17] iter 3/10 sigma 3/3 = 0.800 started
[2026-05-25 22:21:18] iter 3/10 sigma 0.800 finished
[2026-05-25 22:21:18] iter 3/10 finished in 3.043265 mins; checkpoint updated
[2026-05-25 22:21:18] iter 4/10 started
[2026-05-25 22:21:18] iter 4/10 sigma 1/3 = 0.000 started
[2026-05-25 22:22:19] iter 4/10 sigma 0.000 finished
[2026-05-25 22:22:19] iter 4/10 sigma 2/3 = 0.400 started
[2026-05-25 22:23:19] iter 4/10 sigma 0.400 finished
[2026-05-25 22:23:19] iter 4/10 sigma 3/3 = 0.800 started
[2026-05-25 22:24:20] iter 4/10 sigma 0.800 finished
[2026-05-25 22:24:20] iter 4/10 finished in 3.043724 mins; checkpoint updated
[2026-05-25 22:24:20] iter 5/10 started
[2026-05-25 22:24:20] iter 5/10 sigma 1/3 = 0.000 started
[2026-05-25 22:25:22] iter 5/10 sigma 0.000 finished
[2026-05-25 22:25:22] iter 5/10 sigma 2/3 = 0.400 started
[2026-05-25 22:26:23] iter 5/10 sigma 0.400 finished
[2026-05-25 22:26:23] iter 5/10 sigma 3/3 = 0.800 started
[2026-05-25 22:27:25] iter 5/10 sigma 0.800 finished
[2026-05-25 22:27:25] iter 5/10 finished in 3.073771 mins; checkpoint updated
[2026-05-25 22:27:25] iter 6/10 started
[2026-05-25 22:27:25] iter 6/10 sigma 1/3 = 0.000 started
[2026-05-25 22:28:26] iter 6/10 sigma 0.000 finished
[2026-05-25 22:28:26] iter 6/10 sigma 2/3 = 0.400 started
[2026-05-25 22:29:28] iter 6/10 sigma 0.400 finished
[2026-05-25 22:29:28] iter 6/10 sigma 3/3 = 0.800 started
[2026-05-25 22:30:30] iter 6/10 sigma 0.800 finished
[2026-05-25 22:30:30] iter 6/10 finished in 3.095044 mins; checkpoint updated
[2026-05-25 22:30:30] iter 7/10 started
[2026-05-25 22:30:30] iter 7/10 sigma 1/3 = 0.000 started
[2026-05-25 22:31:32] iter 7/10 sigma 0.000 finished
[2026-05-25 22:31:32] iter 7/10 sigma 2/3 = 0.400 started
[2026-05-25 22:32:33] iter 7/10 sigma 0.400 finished
[2026-05-25 22:32:33] iter 7/10 sigma 3/3 = 0.800 started
[2026-05-25 22:33:35] iter 7/10 sigma 0.800 finished
[2026-05-25 22:33:35] iter 7/10 finished in 3.082832 mins; checkpoint updated
[2026-05-25 22:33:35] iter 8/10 started
[2026-05-25 22:33:35] iter 8/10 sigma 1/3 = 0.000 started
[2026-05-25 22:34:36] iter 8/10 sigma 0.000 finished
[2026-05-25 22:34:36] iter 8/10 sigma 2/3 = 0.400 started
[2026-05-25 22:35:37] iter 8/10 sigma 0.400 finished
[2026-05-25 22:35:37] iter 8/10 sigma 3/3 = 0.800 started
[2026-05-25 22:36:38] iter 8/10 sigma 0.800 finished
[2026-05-25 22:36:38] iter 8/10 finished in 3.052672 mins; checkpoint updated
[2026-05-25 22:36:38] iter 9/10 started
[2026-05-25 22:36:38] iter 9/10 sigma 1/3 = 0.000 started
[2026-05-25 22:37:39] iter 9/10 sigma 0.000 finished
[2026-05-25 22:37:39] iter 9/10 sigma 2/3 = 0.400 started
[2026-05-25 22:38:41] iter 9/10 sigma 0.400 finished
[2026-05-25 22:38:41] iter 9/10 sigma 3/3 = 0.800 started
[2026-05-25 22:39:43] iter 9/10 sigma 0.800 finished
[2026-05-25 22:39:43] iter 9/10 finished in 3.072044 mins; checkpoint updated
[2026-05-25 22:39:43] iter 10/10 started
[2026-05-25 22:39:43] iter 10/10 sigma 1/3 = 0.000 started
[2026-05-25 22:40:45] iter 10/10 sigma 0.000 finished
[2026-05-25 22:40:45] iter 10/10 sigma 2/3 = 0.400 started
[2026-05-25 22:41:46] iter 10/10 sigma 0.400 finished
[2026-05-25 22:41:46] iter 10/10 sigma 3/3 = 0.800 started
[2026-05-25 22:42:47] iter 10/10 sigma 0.800 finished
[2026-05-25 22:42:48] iter 10/10 finished in 3.080701 mins; checkpoint updated
[2026-05-25 22:42:48] cnn type-I CSV outputs written
[2026-05-25 22:42:49] automatic plotting finished
[2026-05-25 22:42:49] all requested iterations available in 30.67615 mins
