[2026-05-26 09:49:59] power config: {"B_boot": 500, "alpha": 0.05, "checkpoint_path": "/home/dechao/kernel_two-sample/dechao_reproduction/medmnist_pathmnist28/shared_model/models/pathmnist_cnn_checkpoint.pt", "methods": ["raw_pixel_gaussian5", "cnn_final_fc128_gaussian5", "cnn_multilayer_single_gaussian", "cnn_multilayer_gaussian15"], "outer_repetitions": 10, "sample_sizes": [30, 60, 90, 120, 150], "scenario": "mix635_vs_mix835", "seed": 20260526}
[2026-05-26 09:50:01] completed sample_size/outer_iter keys at start: 0
[2026-05-26 09:50:02] finished sample_size=30 outer_iter=1/10 in 0.63s
[2026-05-26 09:50:02] finished sample_size=30 outer_iter=2/10 in 0.02s
[2026-05-26 09:50:03] finished sample_size=30 outer_iter=3/10 in 0.02s
[2026-05-26 09:50:03] finished sample_size=30 outer_iter=4/10 in 0.02s
[2026-05-26 09:50:04] finished sample_size=30 outer_iter=5/10 in 0.02s
[2026-05-26 09:50:04] finished sample_size=30 outer_iter=6/10 in 0.02s
[2026-05-26 09:50:05] finished sample_size=30 outer_iter=7/10 in 0.02s
[2026-05-26 09:50:05] finished sample_size=30 outer_iter=8/10 in 0.02s
[2026-05-26 09:50:05] finished sample_size=30 outer_iter=9/10 in 0.02s
[2026-05-26 09:50:06] finished sample_size=30 outer_iter=10/10 in 0.02s
[2026-05-26 09:50:06] finished sample_size=60 outer_iter=1/10 in 0.04s
[2026-05-26 09:50:07] finished sample_size=60 outer_iter=2/10 in 0.03s
[2026-05-26 09:50:07] finished sample_size=60 outer_iter=3/10 in 0.03s
[2026-05-26 09:50:08] finished sample_size=60 outer_iter=4/10 in 0.03s
[2026-05-26 09:50:08] finished sample_size=60 outer_iter=5/10 in 0.03s
[2026-05-26 09:50:09] finished sample_size=60 outer_iter=6/10 in 0.03s
[2026-05-26 09:50:09] finished sample_size=60 outer_iter=7/10 in 0.04s
[2026-05-26 09:50:09] finished sample_size=60 outer_iter=8/10 in 0.04s
[2026-05-26 09:50:10] finished sample_size=60 outer_iter=9/10 in 0.04s
[2026-05-26 09:50:10] finished sample_size=60 outer_iter=10/10 in 0.04s
[2026-05-26 09:50:11] finished sample_size=90 outer_iter=1/10 in 0.07s
[2026-05-26 09:50:11] finished sample_size=90 outer_iter=2/10 in 0.05s
[2026-05-26 09:50:12] finished sample_size=90 outer_iter=3/10 in 0.05s
[2026-05-26 09:50:12] finished sample_size=90 outer_iter=4/10 in 0.05s
[2026-05-26 09:50:13] finished sample_size=90 outer_iter=5/10 in 0.05s
[2026-05-26 09:50:13] finished sample_size=90 outer_iter=6/10 in 0.05s
[2026-05-26 09:50:14] finished sample_size=90 outer_iter=7/10 in 0.05s
[2026-05-26 09:50:14] finished sample_size=90 outer_iter=8/10 in 0.05s
[2026-05-26 09:50:15] finished sample_size=90 outer_iter=9/10 in 0.05s
[2026-05-26 09:50:15] finished sample_size=90 outer_iter=10/10 in 0.05s
[2026-05-26 09:50:16] finished sample_size=120 outer_iter=1/10 in 0.08s
[2026-05-26 09:50:16] finished sample_size=120 outer_iter=2/10 in 0.08s
[2026-05-26 09:50:17] finished sample_size=120 outer_iter=3/10 in 0.07s
[2026-05-26 09:50:17] finished sample_size=120 outer_iter=4/10 in 0.07s
[2026-05-26 09:50:18] finished sample_size=120 outer_iter=5/10 in 0.07s
[2026-05-26 09:50:18] finished sample_size=120 outer_iter=6/10 in 0.07s
[2026-05-26 09:50:19] finished sample_size=120 outer_iter=7/10 in 0.07s
[2026-05-26 09:50:19] finished sample_size=120 outer_iter=8/10 in 0.07s
[2026-05-26 09:50:20] finished sample_size=120 outer_iter=9/10 in 0.07s
[2026-05-26 09:50:20] finished sample_size=120 outer_iter=10/10 in 0.07s
[2026-05-26 09:50:21] finished sample_size=150 outer_iter=1/10 in 0.10s
[2026-05-26 09:50:21] finished sample_size=150 outer_iter=2/10 in 0.10s
[2026-05-26 09:50:22] finished sample_size=150 outer_iter=3/10 in 0.10s
[2026-05-26 09:50:23] finished sample_size=150 outer_iter=4/10 in 0.11s
[2026-05-26 09:50:23] finished sample_size=150 outer_iter=5/10 in 0.10s
[2026-05-26 09:50:24] finished sample_size=150 outer_iter=6/10 in 0.10s
[2026-05-26 09:50:24] finished sample_size=150 outer_iter=7/10 in 0.10s
[2026-05-26 09:50:25] finished sample_size=150 outer_iter=8/10 in 0.10s
[2026-05-26 09:50:25] finished sample_size=150 outer_iter=9/10 in 0.10s
[2026-05-26 09:50:26] finished sample_size=150 outer_iter=10/10 in 0.09s
[2026-05-26 09:50:26] Phase 4 power run complete
[2026-05-26 13:08:58] power config: {"B_boot": 20, "alpha": 0.05, "checkpoint_path": "/home/dechao/kernel_two-sample/dechao_reproduction/medmnist_pathmnist28/shared_model/models/pathmnist_cnn_checkpoint.pt", "inner_repetitions": 2, "methods": ["raw_pixel_gaussian5", "cnn_final_fc128_gaussian5", "cnn_multilayer_single_gaussian", "cnn_multilayer_gaussian15"], "outer_repetitions": 1, "sample_sizes": [30], "scenario": "mix635_vs_mix835", "seed": 20260526}
[2026-05-26 13:09:00] extracting frozen CNN embeddings for full test split
[2026-05-26 13:09:01] full test embedding extraction complete in 1.02s
[2026-05-26 13:09:01] completed sample_size/outer_iter keys at start: 0
[2026-05-26 13:09:01] finished sample_size=30 outer_iter=1/1 inner_repetitions=2 in 0.49s
[2026-05-26 13:09:02] Phase 4 power run complete
[2026-05-26 13:09:16] extracting frozen CNN embeddings for full test split
[2026-05-26 13:09:17] full test embedding extraction complete in 0.86s
[2026-05-26 13:10:01] power config: {"B_boot": 500, "alpha": 0.05, "checkpoint_path": "/home/dechao/kernel_two-sample/dechao_reproduction/medmnist_pathmnist28/shared_model/models/pathmnist_cnn_checkpoint.pt", "inner_repetitions": 500, "methods": ["raw_pixel_gaussian5", "cnn_final_fc128_gaussian5", "cnn_multilayer_single_gaussian", "cnn_multilayer_gaussian15"], "outer_repetitions": 10, "sample_sizes": [30, 60, 90, 120, 150], "scenario": "mix635_vs_mix835", "seed": 20260526}
[2026-05-26 13:10:03] extracting frozen CNN embeddings for full test split
[2026-05-26 13:10:04] full test embedding extraction complete in 0.79s
[2026-05-26 13:10:04] completed sample_size/outer_iter keys at start: 0
[2026-05-26 13:10:04] progress sample_size=30 outer_iter=1/10 inner_iter=1/500
[2026-05-26 13:10:04] progress sample_size=30 outer_iter=1/10 inner_iter=50/500
[2026-05-26 13:10:05] progress sample_size=30 outer_iter=1/10 inner_iter=100/500
[2026-05-26 13:10:05] progress sample_size=30 outer_iter=1/10 inner_iter=150/500
[2026-05-26 13:10:06] progress sample_size=30 outer_iter=1/10 inner_iter=200/500
[2026-05-26 13:10:07] progress sample_size=30 outer_iter=1/10 inner_iter=250/500
[2026-05-26 13:10:07] progress sample_size=30 outer_iter=1/10 inner_iter=300/500
[2026-05-26 13:10:08] progress sample_size=30 outer_iter=1/10 inner_iter=350/500
[2026-05-26 13:10:08] progress sample_size=30 outer_iter=1/10 inner_iter=400/500
[2026-05-26 13:10:09] progress sample_size=30 outer_iter=1/10 inner_iter=450/500
[2026-05-26 13:10:10] progress sample_size=30 outer_iter=1/10 inner_iter=500/500
[2026-05-26 13:10:10] finished sample_size=30 outer_iter=1/10 inner_repetitions=500 in 6.35s
[2026-05-26 13:10:10] progress sample_size=30 outer_iter=2/10 inner_iter=1/500
[2026-05-26 13:10:11] progress sample_size=30 outer_iter=2/10 inner_iter=50/500
[2026-05-26 13:10:11] progress sample_size=30 outer_iter=2/10 inner_iter=100/500
[2026-05-26 13:10:12] progress sample_size=30 outer_iter=2/10 inner_iter=150/500
[2026-05-26 13:10:12] progress sample_size=30 outer_iter=2/10 inner_iter=200/500
[2026-05-26 13:10:13] progress sample_size=30 outer_iter=2/10 inner_iter=250/500
[2026-05-26 13:10:14] progress sample_size=30 outer_iter=2/10 inner_iter=300/500
[2026-05-26 13:10:14] progress sample_size=30 outer_iter=2/10 inner_iter=350/500
[2026-05-26 13:10:15] progress sample_size=30 outer_iter=2/10 inner_iter=400/500
[2026-05-26 13:10:15] progress sample_size=30 outer_iter=2/10 inner_iter=450/500
[2026-05-26 13:10:16] progress sample_size=30 outer_iter=2/10 inner_iter=500/500
[2026-05-26 13:10:16] finished sample_size=30 outer_iter=2/10 inner_repetitions=500 in 6.33s
[2026-05-26 13:10:16] progress sample_size=30 outer_iter=3/10 inner_iter=1/500
[2026-05-26 13:10:17] progress sample_size=30 outer_iter=3/10 inner_iter=50/500
[2026-05-26 13:10:18] progress sample_size=30 outer_iter=3/10 inner_iter=100/500
[2026-05-26 13:10:18] progress sample_size=30 outer_iter=3/10 inner_iter=150/500
[2026-05-26 13:10:19] progress sample_size=30 outer_iter=3/10 inner_iter=200/500
[2026-05-26 13:10:19] progress sample_size=30 outer_iter=3/10 inner_iter=250/500
[2026-05-26 13:10:20] progress sample_size=30 outer_iter=3/10 inner_iter=300/500
[2026-05-26 13:10:20] progress sample_size=30 outer_iter=3/10 inner_iter=350/500
[2026-05-26 13:10:21] progress sample_size=30 outer_iter=3/10 inner_iter=400/500
[2026-05-26 13:10:22] progress sample_size=30 outer_iter=3/10 inner_iter=450/500
[2026-05-26 13:10:22] progress sample_size=30 outer_iter=3/10 inner_iter=500/500
[2026-05-26 13:10:23] finished sample_size=30 outer_iter=3/10 inner_repetitions=500 in 6.26s
[2026-05-26 13:10:23] progress sample_size=30 outer_iter=4/10 inner_iter=1/500
[2026-05-26 13:10:23] progress sample_size=30 outer_iter=4/10 inner_iter=50/500
[2026-05-26 13:10:24] progress sample_size=30 outer_iter=4/10 inner_iter=100/500
[2026-05-26 13:10:24] progress sample_size=30 outer_iter=4/10 inner_iter=150/500
[2026-05-26 13:10:25] progress sample_size=30 outer_iter=4/10 inner_iter=200/500
[2026-05-26 13:10:26] progress sample_size=30 outer_iter=4/10 inner_iter=250/500
[2026-05-26 13:10:26] progress sample_size=30 outer_iter=4/10 inner_iter=300/500
[2026-05-26 13:10:27] progress sample_size=30 outer_iter=4/10 inner_iter=350/500
[2026-05-26 13:10:27] progress sample_size=30 outer_iter=4/10 inner_iter=400/500
[2026-05-26 13:10:28] progress sample_size=30 outer_iter=4/10 inner_iter=450/500
[2026-05-26 13:10:28] progress sample_size=30 outer_iter=4/10 inner_iter=500/500
[2026-05-26 13:10:29] finished sample_size=30 outer_iter=4/10 inner_repetitions=500 in 6.30s
[2026-05-26 13:10:29] progress sample_size=30 outer_iter=5/10 inner_iter=1/500
[2026-05-26 13:10:30] progress sample_size=30 outer_iter=5/10 inner_iter=50/500
[2026-05-26 13:10:30] progress sample_size=30 outer_iter=5/10 inner_iter=100/500
[2026-05-26 13:10:31] progress sample_size=30 outer_iter=5/10 inner_iter=150/500
[2026-05-26 13:10:31] progress sample_size=30 outer_iter=5/10 inner_iter=200/500
[2026-05-26 13:10:32] progress sample_size=30 outer_iter=5/10 inner_iter=250/500
[2026-05-26 13:10:32] progress sample_size=30 outer_iter=5/10 inner_iter=300/500
[2026-05-26 13:10:33] progress sample_size=30 outer_iter=5/10 inner_iter=350/500
[2026-05-26 13:10:34] progress sample_size=30 outer_iter=5/10 inner_iter=400/500
[2026-05-26 13:10:34] progress sample_size=30 outer_iter=5/10 inner_iter=450/500
[2026-05-26 13:10:35] progress sample_size=30 outer_iter=5/10 inner_iter=500/500
[2026-05-26 13:10:35] finished sample_size=30 outer_iter=5/10 inner_repetitions=500 in 6.32s
[2026-05-26 13:10:35] progress sample_size=30 outer_iter=6/10 inner_iter=1/500
[2026-05-26 13:10:36] progress sample_size=30 outer_iter=6/10 inner_iter=50/500
[2026-05-26 13:10:36] progress sample_size=30 outer_iter=6/10 inner_iter=100/500
[2026-05-26 13:10:37] progress sample_size=30 outer_iter=6/10 inner_iter=150/500
[2026-05-26 13:10:38] progress sample_size=30 outer_iter=6/10 inner_iter=200/500
[2026-05-26 13:10:38] progress sample_size=30 outer_iter=6/10 inner_iter=250/500
[2026-05-26 13:10:39] progress sample_size=30 outer_iter=6/10 inner_iter=300/500
[2026-05-26 13:10:39] progress sample_size=30 outer_iter=6/10 inner_iter=350/500
[2026-05-26 13:10:40] progress sample_size=30 outer_iter=6/10 inner_iter=400/500
[2026-05-26 13:10:41] progress sample_size=30 outer_iter=6/10 inner_iter=450/500
[2026-05-26 13:10:41] progress sample_size=30 outer_iter=6/10 inner_iter=500/500
[2026-05-26 13:10:42] finished sample_size=30 outer_iter=6/10 inner_repetitions=500 in 6.42s
[2026-05-26 13:10:42] progress sample_size=30 outer_iter=7/10 inner_iter=1/500
[2026-05-26 13:10:42] progress sample_size=30 outer_iter=7/10 inner_iter=50/500
[2026-05-26 13:10:43] progress sample_size=30 outer_iter=7/10 inner_iter=100/500
[2026-05-26 13:10:43] progress sample_size=30 outer_iter=7/10 inner_iter=150/500
[2026-05-26 13:10:44] progress sample_size=30 outer_iter=7/10 inner_iter=200/500
[2026-05-26 13:10:45] progress sample_size=30 outer_iter=7/10 inner_iter=250/500
[2026-05-26 13:10:45] progress sample_size=30 outer_iter=7/10 inner_iter=300/500
[2026-05-26 13:10:46] progress sample_size=30 outer_iter=7/10 inner_iter=350/500
[2026-05-26 13:10:46] progress sample_size=30 outer_iter=7/10 inner_iter=400/500
[2026-05-26 13:10:47] progress sample_size=30 outer_iter=7/10 inner_iter=450/500
[2026-05-26 13:10:48] progress sample_size=30 outer_iter=7/10 inner_iter=500/500
[2026-05-26 13:10:48] finished sample_size=30 outer_iter=7/10 inner_repetitions=500 in 6.35s
[2026-05-26 13:10:48] progress sample_size=30 outer_iter=8/10 inner_iter=1/500
[2026-05-26 13:10:49] progress sample_size=30 outer_iter=8/10 inner_iter=50/500
[2026-05-26 13:10:49] progress sample_size=30 outer_iter=8/10 inner_iter=100/500
[2026-05-26 13:10:50] progress sample_size=30 outer_iter=8/10 inner_iter=150/500
[2026-05-26 13:10:50] progress sample_size=30 outer_iter=8/10 inner_iter=200/500
[2026-05-26 13:10:51] progress sample_size=30 outer_iter=8/10 inner_iter=250/500
[2026-05-26 13:10:52] progress sample_size=30 outer_iter=8/10 inner_iter=300/500
[2026-05-26 13:10:52] progress sample_size=30 outer_iter=8/10 inner_iter=350/500
[2026-05-26 13:10:53] progress sample_size=30 outer_iter=8/10 inner_iter=400/500
[2026-05-26 13:10:53] progress sample_size=30 outer_iter=8/10 inner_iter=450/500
[2026-05-26 13:10:54] progress sample_size=30 outer_iter=8/10 inner_iter=500/500
[2026-05-26 13:10:54] finished sample_size=30 outer_iter=8/10 inner_repetitions=500 in 6.35s
[2026-05-26 13:10:54] progress sample_size=30 outer_iter=9/10 inner_iter=1/500
[2026-05-26 13:10:55] progress sample_size=30 outer_iter=9/10 inner_iter=50/500
[2026-05-26 13:10:56] progress sample_size=30 outer_iter=9/10 inner_iter=100/500
[2026-05-26 13:10:56] progress sample_size=30 outer_iter=9/10 inner_iter=150/500
[2026-05-26 13:10:57] progress sample_size=30 outer_iter=9/10 inner_iter=200/500
[2026-05-26 13:10:57] progress sample_size=30 outer_iter=9/10 inner_iter=250/500
[2026-05-26 13:10:58] progress sample_size=30 outer_iter=9/10 inner_iter=300/500
[2026-05-26 13:10:58] progress sample_size=30 outer_iter=9/10 inner_iter=350/500
[2026-05-26 13:10:59] progress sample_size=30 outer_iter=9/10 inner_iter=400/500
[2026-05-26 13:11:00] progress sample_size=30 outer_iter=9/10 inner_iter=450/500
[2026-05-26 13:11:00] progress sample_size=30 outer_iter=9/10 inner_iter=500/500
[2026-05-26 13:11:01] finished sample_size=30 outer_iter=9/10 inner_repetitions=500 in 6.44s
[2026-05-26 13:11:01] progress sample_size=30 outer_iter=10/10 inner_iter=1/500
[2026-05-26 13:11:01] progress sample_size=30 outer_iter=10/10 inner_iter=50/500
[2026-05-26 13:11:02] progress sample_size=30 outer_iter=10/10 inner_iter=100/500
[2026-05-26 13:11:03] progress sample_size=30 outer_iter=10/10 inner_iter=150/500
[2026-05-26 13:11:03] progress sample_size=30 outer_iter=10/10 inner_iter=200/500
[2026-05-26 13:11:04] progress sample_size=30 outer_iter=10/10 inner_iter=250/500
[2026-05-26 13:11:04] progress sample_size=30 outer_iter=10/10 inner_iter=300/500
[2026-05-26 13:11:05] progress sample_size=30 outer_iter=10/10 inner_iter=350/500
[2026-05-26 13:11:05] progress sample_size=30 outer_iter=10/10 inner_iter=400/500
[2026-05-26 13:11:06] progress sample_size=30 outer_iter=10/10 inner_iter=450/500
[2026-05-26 13:11:07] progress sample_size=30 outer_iter=10/10 inner_iter=500/500
[2026-05-26 13:11:07] finished sample_size=30 outer_iter=10/10 inner_repetitions=500 in 6.35s
[2026-05-26 13:11:07] progress sample_size=60 outer_iter=1/10 inner_iter=1/500
[2026-05-26 13:11:08] progress sample_size=60 outer_iter=1/10 inner_iter=50/500
[2026-05-26 13:11:09] progress sample_size=60 outer_iter=1/10 inner_iter=100/500
[2026-05-26 13:11:10] progress sample_size=60 outer_iter=1/10 inner_iter=150/500
[2026-05-26 13:11:11] progress sample_size=60 outer_iter=1/10 inner_iter=200/500
[2026-05-26 13:11:13] progress sample_size=60 outer_iter=1/10 inner_iter=250/500
[2026-05-26 13:11:14] progress sample_size=60 outer_iter=1/10 inner_iter=300/500
[2026-05-26 13:11:15] progress sample_size=60 outer_iter=1/10 inner_iter=350/500
[2026-05-26 13:11:16] progress sample_size=60 outer_iter=1/10 inner_iter=400/500
[2026-05-26 13:11:17] progress sample_size=60 outer_iter=1/10 inner_iter=450/500
[2026-05-26 13:11:18] progress sample_size=60 outer_iter=1/10 inner_iter=500/500
[2026-05-26 13:11:19] finished sample_size=60 outer_iter=1/10 inner_repetitions=500 in 11.41s
[2026-05-26 13:11:19] progress sample_size=60 outer_iter=2/10 inner_iter=1/500
[2026-05-26 13:11:20] progress sample_size=60 outer_iter=2/10 inner_iter=50/500
[2026-05-26 13:11:21] progress sample_size=60 outer_iter=2/10 inner_iter=100/500
[2026-05-26 13:11:22] progress sample_size=60 outer_iter=2/10 inner_iter=150/500
[2026-05-26 13:11:23] progress sample_size=60 outer_iter=2/10 inner_iter=200/500
[2026-05-26 13:11:24] progress sample_size=60 outer_iter=2/10 inner_iter=250/500
[2026-05-26 13:11:25] progress sample_size=60 outer_iter=2/10 inner_iter=300/500
[2026-05-26 13:11:26] progress sample_size=60 outer_iter=2/10 inner_iter=350/500
[2026-05-26 13:11:27] progress sample_size=60 outer_iter=2/10 inner_iter=400/500
[2026-05-26 13:11:28] progress sample_size=60 outer_iter=2/10 inner_iter=450/500
[2026-05-26 13:11:29] progress sample_size=60 outer_iter=2/10 inner_iter=500/500
[2026-05-26 13:11:30] finished sample_size=60 outer_iter=2/10 inner_repetitions=500 in 11.49s
[2026-05-26 13:11:30] progress sample_size=60 outer_iter=3/10 inner_iter=1/500
[2026-05-26 13:11:31] progress sample_size=60 outer_iter=3/10 inner_iter=50/500
[2026-05-26 13:11:32] progress sample_size=60 outer_iter=3/10 inner_iter=100/500
[2026-05-26 13:11:33] progress sample_size=60 outer_iter=3/10 inner_iter=150/500
[2026-05-26 13:11:34] progress sample_size=60 outer_iter=3/10 inner_iter=200/500
[2026-05-26 13:11:35] progress sample_size=60 outer_iter=3/10 inner_iter=250/500
[2026-05-26 13:11:37] progress sample_size=60 outer_iter=3/10 inner_iter=300/500
[2026-05-26 13:11:38] progress sample_size=60 outer_iter=3/10 inner_iter=350/500
[2026-05-26 13:11:39] progress sample_size=60 outer_iter=3/10 inner_iter=400/500
[2026-05-26 13:11:40] progress sample_size=60 outer_iter=3/10 inner_iter=450/500
[2026-05-26 13:11:41] progress sample_size=60 outer_iter=3/10 inner_iter=500/500
[2026-05-26 13:11:42] finished sample_size=60 outer_iter=3/10 inner_repetitions=500 in 11.40s
[2026-05-26 13:11:42] progress sample_size=60 outer_iter=4/10 inner_iter=1/500
[2026-05-26 13:11:43] progress sample_size=60 outer_iter=4/10 inner_iter=50/500
[2026-05-26 13:11:44] progress sample_size=60 outer_iter=4/10 inner_iter=100/500
[2026-05-26 13:11:45] progress sample_size=60 outer_iter=4/10 inner_iter=150/500
[2026-05-26 13:11:46] progress sample_size=60 outer_iter=4/10 inner_iter=200/500
[2026-05-26 13:11:47] progress sample_size=60 outer_iter=4/10 inner_iter=250/500
[2026-05-26 13:11:48] progress sample_size=60 outer_iter=4/10 inner_iter=300/500
[2026-05-26 13:11:49] progress sample_size=60 outer_iter=4/10 inner_iter=350/500
[2026-05-26 13:11:50] progress sample_size=60 outer_iter=4/10 inner_iter=400/500
[2026-05-26 13:11:51] progress sample_size=60 outer_iter=4/10 inner_iter=450/500
[2026-05-26 13:11:52] progress sample_size=60 outer_iter=4/10 inner_iter=500/500
[2026-05-26 13:11:53] finished sample_size=60 outer_iter=4/10 inner_repetitions=500 in 11.50s
[2026-05-26 13:11:53] progress sample_size=60 outer_iter=5/10 inner_iter=1/500
[2026-05-26 13:11:54] progress sample_size=60 outer_iter=5/10 inner_iter=50/500
[2026-05-26 13:11:55] progress sample_size=60 outer_iter=5/10 inner_iter=100/500
[2026-05-26 13:11:56] progress sample_size=60 outer_iter=5/10 inner_iter=150/500
[2026-05-26 13:11:57] progress sample_size=60 outer_iter=5/10 inner_iter=200/500
[2026-05-26 13:11:58] progress sample_size=60 outer_iter=5/10 inner_iter=250/500
[2026-05-26 13:12:00] progress sample_size=60 outer_iter=5/10 inner_iter=300/500
[2026-05-26 13:12:01] progress sample_size=60 outer_iter=5/10 inner_iter=350/500
[2026-05-26 13:12:02] progress sample_size=60 outer_iter=5/10 inner_iter=400/500
[2026-05-26 13:12:03] progress sample_size=60 outer_iter=5/10 inner_iter=450/500
[2026-05-26 13:12:04] progress sample_size=60 outer_iter=5/10 inner_iter=500/500
[2026-05-26 13:12:05] finished sample_size=60 outer_iter=5/10 inner_repetitions=500 in 11.54s
[2026-05-26 13:12:05] progress sample_size=60 outer_iter=6/10 inner_iter=1/500
[2026-05-26 13:12:06] progress sample_size=60 outer_iter=6/10 inner_iter=50/500
[2026-05-26 13:12:07] progress sample_size=60 outer_iter=6/10 inner_iter=100/500
[2026-05-26 13:12:08] progress sample_size=60 outer_iter=6/10 inner_iter=150/500
[2026-05-26 13:12:09] progress sample_size=60 outer_iter=6/10 inner_iter=200/500
[2026-05-26 13:12:10] progress sample_size=60 outer_iter=6/10 inner_iter=250/500
[2026-05-26 13:12:11] progress sample_size=60 outer_iter=6/10 inner_iter=300/500
[2026-05-26 13:12:12] progress sample_size=60 outer_iter=6/10 inner_iter=350/500
[2026-05-26 13:12:13] progress sample_size=60 outer_iter=6/10 inner_iter=400/500
[2026-05-26 13:12:14] progress sample_size=60 outer_iter=6/10 inner_iter=450/500
[2026-05-26 13:12:15] progress sample_size=60 outer_iter=6/10 inner_iter=500/500
[2026-05-26 13:12:16] finished sample_size=60 outer_iter=6/10 inner_repetitions=500 in 11.82s
[2026-05-26 13:12:16] progress sample_size=60 outer_iter=7/10 inner_iter=1/500
[2026-05-26 13:12:17] progress sample_size=60 outer_iter=7/10 inner_iter=50/500
[2026-05-26 13:12:19] progress sample_size=60 outer_iter=7/10 inner_iter=100/500
[2026-05-26 13:12:20] progress sample_size=60 outer_iter=7/10 inner_iter=150/500
[2026-05-26 13:12:21] progress sample_size=60 outer_iter=7/10 inner_iter=200/500
[2026-05-26 13:12:22] progress sample_size=60 outer_iter=7/10 inner_iter=250/500
[2026-05-26 13:12:23] progress sample_size=60 outer_iter=7/10 inner_iter=300/500
[2026-05-26 13:12:24] progress sample_size=60 outer_iter=7/10 inner_iter=350/500
[2026-05-26 13:12:25] progress sample_size=60 outer_iter=7/10 inner_iter=400/500
[2026-05-26 13:12:26] progress sample_size=60 outer_iter=7/10 inner_iter=450/500
[2026-05-26 13:12:27] progress sample_size=60 outer_iter=7/10 inner_iter=500/500
[2026-05-26 13:12:28] finished sample_size=60 outer_iter=7/10 inner_repetitions=500 in 11.71s
[2026-05-26 13:12:28] progress sample_size=60 outer_iter=8/10 inner_iter=1/500
[2026-05-26 13:12:29] progress sample_size=60 outer_iter=8/10 inner_iter=50/500
[2026-05-26 13:12:30] progress sample_size=60 outer_iter=8/10 inner_iter=100/500
[2026-05-26 13:12:31] progress sample_size=60 outer_iter=8/10 inner_iter=150/500
[2026-05-26 13:12:32] progress sample_size=60 outer_iter=8/10 inner_iter=200/500
[2026-05-26 13:12:34] progress sample_size=60 outer_iter=8/10 inner_iter=250/500
[2026-05-26 13:12:35] progress sample_size=60 outer_iter=8/10 inner_iter=300/500
[2026-05-26 13:12:36] progress sample_size=60 outer_iter=8/10 inner_iter=350/500
[2026-05-26 13:12:37] progress sample_size=60 outer_iter=8/10 inner_iter=400/500
[2026-05-26 13:12:38] progress sample_size=60 outer_iter=8/10 inner_iter=450/500
[2026-05-26 13:12:39] progress sample_size=60 outer_iter=8/10 inner_iter=500/500
[2026-05-26 13:12:40] finished sample_size=60 outer_iter=8/10 inner_repetitions=500 in 11.65s
[2026-05-26 13:12:40] progress sample_size=60 outer_iter=9/10 inner_iter=1/500
[2026-05-26 13:12:41] progress sample_size=60 outer_iter=9/10 inner_iter=50/500
[2026-05-26 13:12:42] progress sample_size=60 outer_iter=9/10 inner_iter=100/500
[2026-05-26 13:12:43] progress sample_size=60 outer_iter=9/10 inner_iter=150/500
[2026-05-26 13:12:44] progress sample_size=60 outer_iter=9/10 inner_iter=200/500
[2026-05-26 13:12:45] progress sample_size=60 outer_iter=9/10 inner_iter=250/500
[2026-05-26 13:12:46] progress sample_size=60 outer_iter=9/10 inner_iter=300/500
[2026-05-26 13:12:47] progress sample_size=60 outer_iter=9/10 inner_iter=350/500
[2026-05-26 13:12:48] progress sample_size=60 outer_iter=9/10 inner_iter=400/500
[2026-05-26 13:12:50] progress sample_size=60 outer_iter=9/10 inner_iter=450/500
[2026-05-26 13:12:51] progress sample_size=60 outer_iter=9/10 inner_iter=500/500
[2026-05-26 13:12:51] finished sample_size=60 outer_iter=9/10 inner_repetitions=500 in 11.71s
[2026-05-26 13:12:51] progress sample_size=60 outer_iter=10/10 inner_iter=1/500
[2026-05-26 13:12:53] progress sample_size=60 outer_iter=10/10 inner_iter=50/500
[2026-05-26 13:12:54] progress sample_size=60 outer_iter=10/10 inner_iter=100/500
[2026-05-26 13:12:55] progress sample_size=60 outer_iter=10/10 inner_iter=150/500
[2026-05-26 13:12:56] progress sample_size=60 outer_iter=10/10 inner_iter=200/500
[2026-05-26 13:12:57] progress sample_size=60 outer_iter=10/10 inner_iter=250/500
[2026-05-26 13:12:58] progress sample_size=60 outer_iter=10/10 inner_iter=300/500
[2026-05-26 13:12:59] progress sample_size=60 outer_iter=10/10 inner_iter=350/500
[2026-05-26 13:13:00] progress sample_size=60 outer_iter=10/10 inner_iter=400/500
[2026-05-26 13:13:01] progress sample_size=60 outer_iter=10/10 inner_iter=450/500
[2026-05-26 13:13:02] progress sample_size=60 outer_iter=10/10 inner_iter=500/500
[2026-05-26 13:13:03] finished sample_size=60 outer_iter=10/10 inner_repetitions=500 in 11.80s
[2026-05-26 13:13:03] progress sample_size=90 outer_iter=1/10 inner_iter=1/500
[2026-05-26 13:13:05] progress sample_size=90 outer_iter=1/10 inner_iter=50/500
[2026-05-26 13:13:07] progress sample_size=90 outer_iter=1/10 inner_iter=100/500
[2026-05-26 13:13:09] progress sample_size=90 outer_iter=1/10 inner_iter=150/500
[2026-05-26 13:13:11] progress sample_size=90 outer_iter=1/10 inner_iter=200/500
[2026-05-26 13:13:13] progress sample_size=90 outer_iter=1/10 inner_iter=250/500
[2026-05-26 13:13:15] progress sample_size=90 outer_iter=1/10 inner_iter=300/500
[2026-05-26 13:13:16] progress sample_size=90 outer_iter=1/10 inner_iter=350/500
[2026-05-26 13:13:18] progress sample_size=90 outer_iter=1/10 inner_iter=400/500
[2026-05-26 13:13:20] progress sample_size=90 outer_iter=1/10 inner_iter=450/500
[2026-05-26 13:13:22] progress sample_size=90 outer_iter=1/10 inner_iter=500/500
[2026-05-26 13:13:23] finished sample_size=90 outer_iter=1/10 inner_repetitions=500 in 19.79s
[2026-05-26 13:13:23] progress sample_size=90 outer_iter=2/10 inner_iter=1/500
[2026-05-26 13:13:25] progress sample_size=90 outer_iter=2/10 inner_iter=50/500
[2026-05-26 13:13:27] progress sample_size=90 outer_iter=2/10 inner_iter=100/500
[2026-05-26 13:13:29] progress sample_size=90 outer_iter=2/10 inner_iter=150/500
[2026-05-26 13:13:31] progress sample_size=90 outer_iter=2/10 inner_iter=200/500
[2026-05-26 13:13:33] progress sample_size=90 outer_iter=2/10 inner_iter=250/500
[2026-05-26 13:13:34] progress sample_size=90 outer_iter=2/10 inner_iter=300/500
[2026-05-26 13:13:36] progress sample_size=90 outer_iter=2/10 inner_iter=350/500
[2026-05-26 13:13:38] progress sample_size=90 outer_iter=2/10 inner_iter=400/500
[2026-05-26 13:13:40] progress sample_size=90 outer_iter=2/10 inner_iter=450/500
[2026-05-26 13:13:42] progress sample_size=90 outer_iter=2/10 inner_iter=500/500
[2026-05-26 13:13:43] finished sample_size=90 outer_iter=2/10 inner_repetitions=500 in 19.92s
[2026-05-26 13:13:43] progress sample_size=90 outer_iter=3/10 inner_iter=1/500
[2026-05-26 13:13:45] progress sample_size=90 outer_iter=3/10 inner_iter=50/500
[2026-05-26 13:13:47] progress sample_size=90 outer_iter=3/10 inner_iter=100/500
[2026-05-26 13:13:49] progress sample_size=90 outer_iter=3/10 inner_iter=150/500
[2026-05-26 13:13:51] progress sample_size=90 outer_iter=3/10 inner_iter=200/500
[2026-05-26 13:13:52] progress sample_size=90 outer_iter=3/10 inner_iter=250/500
[2026-05-26 13:13:54] progress sample_size=90 outer_iter=3/10 inner_iter=300/500
[2026-05-26 13:13:56] progress sample_size=90 outer_iter=3/10 inner_iter=350/500
[2026-05-26 13:13:58] progress sample_size=90 outer_iter=3/10 inner_iter=400/500
[2026-05-26 13:14:00] progress sample_size=90 outer_iter=3/10 inner_iter=450/500
[2026-05-26 13:14:02] progress sample_size=90 outer_iter=3/10 inner_iter=500/500
[2026-05-26 13:14:03] finished sample_size=90 outer_iter=3/10 inner_repetitions=500 in 19.82s
[2026-05-26 13:14:03] progress sample_size=90 outer_iter=4/10 inner_iter=1/500
[2026-05-26 13:14:05] progress sample_size=90 outer_iter=4/10 inner_iter=50/500
[2026-05-26 13:14:07] progress sample_size=90 outer_iter=4/10 inner_iter=100/500
[2026-05-26 13:14:08] progress sample_size=90 outer_iter=4/10 inner_iter=150/500
[2026-05-26 13:14:10] progress sample_size=90 outer_iter=4/10 inner_iter=200/500
[2026-05-26 13:14:12] progress sample_size=90 outer_iter=4/10 inner_iter=250/500
[2026-05-26 13:14:14] progress sample_size=90 outer_iter=4/10 inner_iter=300/500
[2026-05-26 13:14:16] progress sample_size=90 outer_iter=4/10 inner_iter=350/500
[2026-05-26 13:14:18] progress sample_size=90 outer_iter=4/10 inner_iter=400/500
[2026-05-26 13:14:20] progress sample_size=90 outer_iter=4/10 inner_iter=450/500
[2026-05-26 13:14:22] progress sample_size=90 outer_iter=4/10 inner_iter=500/500
[2026-05-26 13:14:23] finished sample_size=90 outer_iter=4/10 inner_repetitions=500 in 19.98s
[2026-05-26 13:14:23] progress sample_size=90 outer_iter=5/10 inner_iter=1/500
[2026-05-26 13:14:25] progress sample_size=90 outer_iter=5/10 inner_iter=50/500
[2026-05-26 13:14:27] progress sample_size=90 outer_iter=5/10 inner_iter=100/500
[2026-05-26 13:14:28] progress sample_size=90 outer_iter=5/10 inner_iter=150/500
[2026-05-26 13:14:30] progress sample_size=90 outer_iter=5/10 inner_iter=200/500
[2026-05-26 13:14:32] progress sample_size=90 outer_iter=5/10 inner_iter=250/500
[2026-05-26 13:14:34] progress sample_size=90 outer_iter=5/10 inner_iter=300/500
[2026-05-26 13:14:36] progress sample_size=90 outer_iter=5/10 inner_iter=350/500
[2026-05-26 13:14:38] progress sample_size=90 outer_iter=5/10 inner_iter=400/500
[2026-05-26 13:14:40] progress sample_size=90 outer_iter=5/10 inner_iter=450/500
[2026-05-26 13:14:42] progress sample_size=90 outer_iter=5/10 inner_iter=500/500
[2026-05-26 13:14:43] finished sample_size=90 outer_iter=5/10 inner_repetitions=500 in 19.92s
[2026-05-26 13:14:43] progress sample_size=90 outer_iter=6/10 inner_iter=1/500
[2026-05-26 13:14:45] progress sample_size=90 outer_iter=6/10 inner_iter=50/500
[2026-05-26 13:14:46] progress sample_size=90 outer_iter=6/10 inner_iter=100/500
[2026-05-26 13:14:48] progress sample_size=90 outer_iter=6/10 inner_iter=150/500
[2026-05-26 13:14:50] progress sample_size=90 outer_iter=6/10 inner_iter=200/500
[2026-05-26 13:14:52] progress sample_size=90 outer_iter=6/10 inner_iter=250/500
[2026-05-26 13:14:54] progress sample_size=90 outer_iter=6/10 inner_iter=300/500
[2026-05-26 13:14:56] progress sample_size=90 outer_iter=6/10 inner_iter=350/500
[2026-05-26 13:14:58] progress sample_size=90 outer_iter=6/10 inner_iter=400/500
[2026-05-26 13:15:00] progress sample_size=90 outer_iter=6/10 inner_iter=450/500
[2026-05-26 13:15:02] progress sample_size=90 outer_iter=6/10 inner_iter=500/500
[2026-05-26 13:15:03] finished sample_size=90 outer_iter=6/10 inner_repetitions=500 in 19.87s
[2026-05-26 13:15:03] progress sample_size=90 outer_iter=7/10 inner_iter=1/500
[2026-05-26 13:15:04] progress sample_size=90 outer_iter=7/10 inner_iter=50/500
[2026-05-26 13:15:06] progress sample_size=90 outer_iter=7/10 inner_iter=100/500
[2026-05-26 13:15:08] progress sample_size=90 outer_iter=7/10 inner_iter=150/500
[2026-05-26 13:15:10] progress sample_size=90 outer_iter=7/10 inner_iter=200/500
[2026-05-26 13:15:12] progress sample_size=90 outer_iter=7/10 inner_iter=250/500
[2026-05-26 13:15:14] progress sample_size=90 outer_iter=7/10 inner_iter=300/500
[2026-05-26 13:15:16] progress sample_size=90 outer_iter=7/10 inner_iter=350/500
[2026-05-26 13:15:18] progress sample_size=90 outer_iter=7/10 inner_iter=400/500
[2026-05-26 13:15:19] progress sample_size=90 outer_iter=7/10 inner_iter=450/500
[2026-05-26 13:15:21] progress sample_size=90 outer_iter=7/10 inner_iter=500/500
[2026-05-26 13:15:23] finished sample_size=90 outer_iter=7/10 inner_repetitions=500 in 19.94s
[2026-05-26 13:15:23] progress sample_size=90 outer_iter=8/10 inner_iter=1/500
[2026-05-26 13:15:24] progress sample_size=90 outer_iter=8/10 inner_iter=50/500
[2026-05-26 13:15:26] progress sample_size=90 outer_iter=8/10 inner_iter=100/500
[2026-05-26 13:15:28] progress sample_size=90 outer_iter=8/10 inner_iter=150/500
[2026-05-26 13:15:30] progress sample_size=90 outer_iter=8/10 inner_iter=200/500
[2026-05-26 13:15:32] progress sample_size=90 outer_iter=8/10 inner_iter=250/500
[2026-05-26 13:15:34] progress sample_size=90 outer_iter=8/10 inner_iter=300/500
[2026-05-26 13:15:36] progress sample_size=90 outer_iter=8/10 inner_iter=350/500
[2026-05-26 13:15:38] progress sample_size=90 outer_iter=8/10 inner_iter=400/500
[2026-05-26 13:15:40] progress sample_size=90 outer_iter=8/10 inner_iter=450/500
[2026-05-26 13:15:41] progress sample_size=90 outer_iter=8/10 inner_iter=500/500
[2026-05-26 13:15:43] finished sample_size=90 outer_iter=8/10 inner_repetitions=500 in 20.00s
[2026-05-26 13:15:43] progress sample_size=90 outer_iter=9/10 inner_iter=1/500
[2026-05-26 13:15:44] progress sample_size=90 outer_iter=9/10 inner_iter=50/500
[2026-05-26 13:15:46] progress sample_size=90 outer_iter=9/10 inner_iter=100/500
[2026-05-26 13:15:48] progress sample_size=90 outer_iter=9/10 inner_iter=150/500
[2026-05-26 13:15:50] progress sample_size=90 outer_iter=9/10 inner_iter=200/500
[2026-05-26 13:15:52] progress sample_size=90 outer_iter=9/10 inner_iter=250/500
[2026-05-26 13:15:54] progress sample_size=90 outer_iter=9/10 inner_iter=300/500
[2026-05-26 13:15:56] progress sample_size=90 outer_iter=9/10 inner_iter=350/500
[2026-05-26 13:15:58] progress sample_size=90 outer_iter=9/10 inner_iter=400/500
[2026-05-26 13:15:59] progress sample_size=90 outer_iter=9/10 inner_iter=450/500
[2026-05-26 13:16:01] progress sample_size=90 outer_iter=9/10 inner_iter=500/500
[2026-05-26 13:16:02] finished sample_size=90 outer_iter=9/10 inner_repetitions=500 in 19.88s
[2026-05-26 13:16:02] progress sample_size=90 outer_iter=10/10 inner_iter=1/500
[2026-05-26 13:16:04] progress sample_size=90 outer_iter=10/10 inner_iter=50/500
[2026-05-26 13:16:06] progress sample_size=90 outer_iter=10/10 inner_iter=100/500
[2026-05-26 13:16:08] progress sample_size=90 outer_iter=10/10 inner_iter=150/500
[2026-05-26 13:16:10] progress sample_size=90 outer_iter=10/10 inner_iter=200/500
[2026-05-26 13:16:12] progress sample_size=90 outer_iter=10/10 inner_iter=250/500
[2026-05-26 13:16:14] progress sample_size=90 outer_iter=10/10 inner_iter=300/500
[2026-05-26 13:16:16] progress sample_size=90 outer_iter=10/10 inner_iter=350/500
[2026-05-26 13:16:18] progress sample_size=90 outer_iter=10/10 inner_iter=400/500
[2026-05-26 13:16:19] progress sample_size=90 outer_iter=10/10 inner_iter=450/500
[2026-05-26 13:16:21] progress sample_size=90 outer_iter=10/10 inner_iter=500/500
[2026-05-26 13:16:22] finished sample_size=90 outer_iter=10/10 inner_repetitions=500 in 19.93s
[2026-05-26 13:16:22] progress sample_size=120 outer_iter=1/10 inner_iter=1/500
[2026-05-26 13:16:25] progress sample_size=120 outer_iter=1/10 inner_iter=50/500
[2026-05-26 13:16:28] progress sample_size=120 outer_iter=1/10 inner_iter=100/500
[2026-05-26 13:16:30] progress sample_size=120 outer_iter=1/10 inner_iter=150/500
[2026-05-26 13:16:33] progress sample_size=120 outer_iter=1/10 inner_iter=200/500
[2026-05-26 13:16:36] progress sample_size=120 outer_iter=1/10 inner_iter=250/500
[2026-05-26 13:16:39] progress sample_size=120 outer_iter=1/10 inner_iter=300/500
[2026-05-26 13:16:41] progress sample_size=120 outer_iter=1/10 inner_iter=350/500
[2026-05-26 13:16:44] progress sample_size=120 outer_iter=1/10 inner_iter=400/500
[2026-05-26 13:16:47] progress sample_size=120 outer_iter=1/10 inner_iter=450/500
[2026-05-26 13:16:49] progress sample_size=120 outer_iter=1/10 inner_iter=500/500
[2026-05-26 13:16:51] finished sample_size=120 outer_iter=1/10 inner_repetitions=500 in 28.38s
[2026-05-26 13:16:51] progress sample_size=120 outer_iter=2/10 inner_iter=1/500
[2026-05-26 13:16:53] progress sample_size=120 outer_iter=2/10 inner_iter=50/500
[2026-05-26 13:16:56] progress sample_size=120 outer_iter=2/10 inner_iter=100/500
[2026-05-26 13:16:59] progress sample_size=120 outer_iter=2/10 inner_iter=150/500
[2026-05-26 13:17:02] progress sample_size=120 outer_iter=2/10 inner_iter=200/500
[2026-05-26 13:17:04] progress sample_size=120 outer_iter=2/10 inner_iter=250/500
[2026-05-26 13:17:07] progress sample_size=120 outer_iter=2/10 inner_iter=300/500
[2026-05-26 13:17:10] progress sample_size=120 outer_iter=2/10 inner_iter=350/500
[2026-05-26 13:17:12] progress sample_size=120 outer_iter=2/10 inner_iter=400/500
[2026-05-26 13:17:15] progress sample_size=120 outer_iter=2/10 inner_iter=450/500
[2026-05-26 13:17:18] progress sample_size=120 outer_iter=2/10 inner_iter=500/500
[2026-05-26 13:17:19] finished sample_size=120 outer_iter=2/10 inner_repetitions=500 in 28.48s
[2026-05-26 13:17:19] progress sample_size=120 outer_iter=3/10 inner_iter=1/500
[2026-05-26 13:17:22] progress sample_size=120 outer_iter=3/10 inner_iter=50/500
[2026-05-26 13:17:25] progress sample_size=120 outer_iter=3/10 inner_iter=100/500
[2026-05-26 13:17:27] progress sample_size=120 outer_iter=3/10 inner_iter=150/500
[2026-05-26 13:17:30] progress sample_size=120 outer_iter=3/10 inner_iter=200/500
[2026-05-26 13:17:33] progress sample_size=120 outer_iter=3/10 inner_iter=250/500
[2026-05-26 13:17:36] progress sample_size=120 outer_iter=3/10 inner_iter=300/500
[2026-05-26 13:17:38] progress sample_size=120 outer_iter=3/10 inner_iter=350/500
[2026-05-26 13:17:41] progress sample_size=120 outer_iter=3/10 inner_iter=400/500
[2026-05-26 13:17:44] progress sample_size=120 outer_iter=3/10 inner_iter=450/500
[2026-05-26 13:17:47] progress sample_size=120 outer_iter=3/10 inner_iter=500/500
[2026-05-26 13:17:48] finished sample_size=120 outer_iter=3/10 inner_repetitions=500 in 28.56s
[2026-05-26 13:17:48] progress sample_size=120 outer_iter=4/10 inner_iter=1/500
[2026-05-26 13:17:50] progress sample_size=120 outer_iter=4/10 inner_iter=50/500
[2026-05-26 13:17:53] progress sample_size=120 outer_iter=4/10 inner_iter=100/500
[2026-05-26 13:17:56] progress sample_size=120 outer_iter=4/10 inner_iter=150/500
[2026-05-26 13:17:58] progress sample_size=120 outer_iter=4/10 inner_iter=200/500
[2026-05-26 13:18:01] progress sample_size=120 outer_iter=4/10 inner_iter=250/500
[2026-05-26 13:18:04] progress sample_size=120 outer_iter=4/10 inner_iter=300/500
[2026-05-26 13:18:06] progress sample_size=120 outer_iter=4/10 inner_iter=350/500
[2026-05-26 13:18:09] progress sample_size=120 outer_iter=4/10 inner_iter=400/500
[2026-05-26 13:18:11] progress sample_size=120 outer_iter=4/10 inner_iter=450/500
[2026-05-26 13:18:14] progress sample_size=120 outer_iter=4/10 inner_iter=500/500
[2026-05-26 13:18:15] finished sample_size=120 outer_iter=4/10 inner_repetitions=500 in 27.26s
[2026-05-26 13:18:15] progress sample_size=120 outer_iter=5/10 inner_iter=1/500
[2026-05-26 13:18:17] progress sample_size=120 outer_iter=5/10 inner_iter=50/500
[2026-05-26 13:18:20] progress sample_size=120 outer_iter=5/10 inner_iter=100/500
[2026-05-26 13:18:23] progress sample_size=120 outer_iter=5/10 inner_iter=150/500
[2026-05-26 13:18:25] progress sample_size=120 outer_iter=5/10 inner_iter=200/500
[2026-05-26 13:18:28] progress sample_size=120 outer_iter=5/10 inner_iter=250/500
[2026-05-26 13:18:30] progress sample_size=120 outer_iter=5/10 inner_iter=300/500
[2026-05-26 13:18:33] progress sample_size=120 outer_iter=5/10 inner_iter=350/500
[2026-05-26 13:18:35] progress sample_size=120 outer_iter=5/10 inner_iter=400/500
[2026-05-26 13:18:38] progress sample_size=120 outer_iter=5/10 inner_iter=450/500
[2026-05-26 13:18:40] progress sample_size=120 outer_iter=5/10 inner_iter=500/500
[2026-05-26 13:18:42] finished sample_size=120 outer_iter=5/10 inner_repetitions=500 in 26.80s
[2026-05-26 13:18:42] progress sample_size=120 outer_iter=6/10 inner_iter=1/500
[2026-05-26 13:18:44] progress sample_size=120 outer_iter=6/10 inner_iter=50/500
[2026-05-26 13:18:47] progress sample_size=120 outer_iter=6/10 inner_iter=100/500
[2026-05-26 13:18:50] progress sample_size=120 outer_iter=6/10 inner_iter=150/500
[2026-05-26 13:18:52] progress sample_size=120 outer_iter=6/10 inner_iter=200/500
[2026-05-26 13:18:55] progress sample_size=120 outer_iter=6/10 inner_iter=250/500
[2026-05-26 13:18:58] progress sample_size=120 outer_iter=6/10 inner_iter=300/500
[2026-05-26 13:19:00] progress sample_size=120 outer_iter=6/10 inner_iter=350/500
[2026-05-26 13:19:03] progress sample_size=120 outer_iter=6/10 inner_iter=400/500
[2026-05-26 13:19:06] progress sample_size=120 outer_iter=6/10 inner_iter=450/500
[2026-05-26 13:19:09] progress sample_size=120 outer_iter=6/10 inner_iter=500/500
[2026-05-26 13:19:10] finished sample_size=120 outer_iter=6/10 inner_repetitions=500 in 28.00s
[2026-05-26 13:19:10] progress sample_size=120 outer_iter=7/10 inner_iter=1/500
[2026-05-26 13:19:12] progress sample_size=120 outer_iter=7/10 inner_iter=50/500
[2026-05-26 13:19:15] progress sample_size=120 outer_iter=7/10 inner_iter=100/500
[2026-05-26 13:19:18] progress sample_size=120 outer_iter=7/10 inner_iter=150/500
[2026-05-26 13:19:20] progress sample_size=120 outer_iter=7/10 inner_iter=200/500
[2026-05-26 13:19:23] progress sample_size=120 outer_iter=7/10 inner_iter=250/500
[2026-05-26 13:19:25] progress sample_size=120 outer_iter=7/10 inner_iter=300/500
[2026-05-26 13:19:28] progress sample_size=120 outer_iter=7/10 inner_iter=350/500
[2026-05-26 13:19:31] progress sample_size=120 outer_iter=7/10 inner_iter=400/500
[2026-05-26 13:19:33] progress sample_size=120 outer_iter=7/10 inner_iter=450/500
[2026-05-26 13:19:36] progress sample_size=120 outer_iter=7/10 inner_iter=500/500
[2026-05-26 13:19:37] finished sample_size=120 outer_iter=7/10 inner_repetitions=500 in 27.24s
[2026-05-26 13:19:37] progress sample_size=120 outer_iter=8/10 inner_iter=1/500
[2026-05-26 13:19:40] progress sample_size=120 outer_iter=8/10 inner_iter=50/500
[2026-05-26 13:19:42] progress sample_size=120 outer_iter=8/10 inner_iter=100/500
[2026-05-26 13:19:45] progress sample_size=120 outer_iter=8/10 inner_iter=150/500
[2026-05-26 13:19:48] progress sample_size=120 outer_iter=8/10 inner_iter=200/500
[2026-05-26 13:19:51] progress sample_size=120 outer_iter=8/10 inner_iter=250/500
[2026-05-26 13:19:53] progress sample_size=120 outer_iter=8/10 inner_iter=300/500
[2026-05-26 13:19:56] progress sample_size=120 outer_iter=8/10 inner_iter=350/500
[2026-05-26 13:19:59] progress sample_size=120 outer_iter=8/10 inner_iter=400/500
[2026-05-26 13:20:02] progress sample_size=120 outer_iter=8/10 inner_iter=450/500
[2026-05-26 13:20:04] progress sample_size=120 outer_iter=8/10 inner_iter=500/500
[2026-05-26 13:20:06] finished sample_size=120 outer_iter=8/10 inner_repetitions=500 in 28.48s
[2026-05-26 13:20:06] progress sample_size=120 outer_iter=9/10 inner_iter=1/500
[2026-05-26 13:20:08] progress sample_size=120 outer_iter=9/10 inner_iter=50/500
[2026-05-26 13:20:11] progress sample_size=120 outer_iter=9/10 inner_iter=100/500
[2026-05-26 13:20:14] progress sample_size=120 outer_iter=9/10 inner_iter=150/500
[2026-05-26 13:20:16] progress sample_size=120 outer_iter=9/10 inner_iter=200/500
[2026-05-26 13:20:19] progress sample_size=120 outer_iter=9/10 inner_iter=250/500
[2026-05-26 13:20:22] progress sample_size=120 outer_iter=9/10 inner_iter=300/500
[2026-05-26 13:20:25] progress sample_size=120 outer_iter=9/10 inner_iter=350/500
[2026-05-26 13:20:27] progress sample_size=120 outer_iter=9/10 inner_iter=400/500
[2026-05-26 13:20:30] progress sample_size=120 outer_iter=9/10 inner_iter=450/500
[2026-05-26 13:20:33] progress sample_size=120 outer_iter=9/10 inner_iter=500/500
[2026-05-26 13:20:34] finished sample_size=120 outer_iter=9/10 inner_repetitions=500 in 28.72s
[2026-05-26 13:20:34] progress sample_size=120 outer_iter=10/10 inner_iter=1/500
[2026-05-26 13:20:37] progress sample_size=120 outer_iter=10/10 inner_iter=50/500
[2026-05-26 13:20:40] progress sample_size=120 outer_iter=10/10 inner_iter=100/500
[2026-05-26 13:20:42] progress sample_size=120 outer_iter=10/10 inner_iter=150/500
[2026-05-26 13:20:45] progress sample_size=120 outer_iter=10/10 inner_iter=200/500
[2026-05-26 13:20:47] progress sample_size=120 outer_iter=10/10 inner_iter=250/500
[2026-05-26 13:20:50] progress sample_size=120 outer_iter=10/10 inner_iter=300/500
[2026-05-26 13:20:53] progress sample_size=120 outer_iter=10/10 inner_iter=350/500
[2026-05-26 13:20:55] progress sample_size=120 outer_iter=10/10 inner_iter=400/500
[2026-05-26 13:20:58] progress sample_size=120 outer_iter=10/10 inner_iter=450/500
[2026-05-26 13:21:00] progress sample_size=120 outer_iter=10/10 inner_iter=500/500
[2026-05-26 13:21:02] finished sample_size=120 outer_iter=10/10 inner_repetitions=500 in 27.44s
[2026-05-26 13:21:02] progress sample_size=150 outer_iter=1/10 inner_iter=1/500
[2026-05-26 13:21:05] progress sample_size=150 outer_iter=1/10 inner_iter=50/500
[2026-05-26 13:21:09] progress sample_size=150 outer_iter=1/10 inner_iter=100/500
[2026-05-26 13:21:12] progress sample_size=150 outer_iter=1/10 inner_iter=150/500
[2026-05-26 13:21:16] progress sample_size=150 outer_iter=1/10 inner_iter=200/500
[2026-05-26 13:21:19] progress sample_size=150 outer_iter=1/10 inner_iter=250/500
[2026-05-26 13:21:23] progress sample_size=150 outer_iter=1/10 inner_iter=300/500
[2026-05-26 13:21:26] progress sample_size=150 outer_iter=1/10 inner_iter=350/500
[2026-05-26 13:21:30] progress sample_size=150 outer_iter=1/10 inner_iter=400/500
[2026-05-26 13:21:33] progress sample_size=150 outer_iter=1/10 inner_iter=450/500
[2026-05-26 13:21:37] progress sample_size=150 outer_iter=1/10 inner_iter=500/500
[2026-05-26 13:21:38] finished sample_size=150 outer_iter=1/10 inner_repetitions=500 in 36.42s
[2026-05-26 13:21:38] progress sample_size=150 outer_iter=2/10 inner_iter=1/500
[2026-05-26 13:21:42] progress sample_size=150 outer_iter=2/10 inner_iter=50/500
[2026-05-26 13:21:45] progress sample_size=150 outer_iter=2/10 inner_iter=100/500
[2026-05-26 13:21:49] progress sample_size=150 outer_iter=2/10 inner_iter=150/500
[2026-05-26 13:21:52] progress sample_size=150 outer_iter=2/10 inner_iter=200/500
[2026-05-26 13:21:55] progress sample_size=150 outer_iter=2/10 inner_iter=250/500
[2026-05-26 13:21:59] progress sample_size=150 outer_iter=2/10 inner_iter=300/500
[2026-05-26 13:22:02] progress sample_size=150 outer_iter=2/10 inner_iter=350/500
[2026-05-26 13:22:06] progress sample_size=150 outer_iter=2/10 inner_iter=400/500
[2026-05-26 13:22:09] progress sample_size=150 outer_iter=2/10 inner_iter=450/500
[2026-05-26 13:22:13] progress sample_size=150 outer_iter=2/10 inner_iter=500/500
[2026-05-26 13:22:15] finished sample_size=150 outer_iter=2/10 inner_repetitions=500 in 36.46s
[2026-05-26 13:22:15] progress sample_size=150 outer_iter=3/10 inner_iter=1/500
[2026-05-26 13:22:18] progress sample_size=150 outer_iter=3/10 inner_iter=50/500
[2026-05-26 13:22:21] progress sample_size=150 outer_iter=3/10 inner_iter=100/500
[2026-05-26 13:22:25] progress sample_size=150 outer_iter=3/10 inner_iter=150/500
[2026-05-26 13:22:28] progress sample_size=150 outer_iter=3/10 inner_iter=200/500
[2026-05-26 13:22:32] progress sample_size=150 outer_iter=3/10 inner_iter=250/500
[2026-05-26 13:22:35] progress sample_size=150 outer_iter=3/10 inner_iter=300/500
[2026-05-26 13:22:39] progress sample_size=150 outer_iter=3/10 inner_iter=350/500
[2026-05-26 13:22:42] progress sample_size=150 outer_iter=3/10 inner_iter=400/500
[2026-05-26 13:22:46] progress sample_size=150 outer_iter=3/10 inner_iter=450/500
[2026-05-26 13:22:49] progress sample_size=150 outer_iter=3/10 inner_iter=500/500
[2026-05-26 13:22:51] finished sample_size=150 outer_iter=3/10 inner_repetitions=500 in 36.32s
[2026-05-26 13:22:51] progress sample_size=150 outer_iter=4/10 inner_iter=1/500
[2026-05-26 13:22:54] progress sample_size=150 outer_iter=4/10 inner_iter=50/500
[2026-05-26 13:22:58] progress sample_size=150 outer_iter=4/10 inner_iter=100/500
[2026-05-26 13:23:01] progress sample_size=150 outer_iter=4/10 inner_iter=150/500
[2026-05-26 13:23:05] progress sample_size=150 outer_iter=4/10 inner_iter=200/500
[2026-05-26 13:23:08] progress sample_size=150 outer_iter=4/10 inner_iter=250/500
[2026-05-26 13:23:12] progress sample_size=150 outer_iter=4/10 inner_iter=300/500
[2026-05-26 13:23:15] progress sample_size=150 outer_iter=4/10 inner_iter=350/500
[2026-05-26 13:23:19] progress sample_size=150 outer_iter=4/10 inner_iter=400/500
[2026-05-26 13:23:22] progress sample_size=150 outer_iter=4/10 inner_iter=450/500
[2026-05-26 13:23:26] progress sample_size=150 outer_iter=4/10 inner_iter=500/500
[2026-05-26 13:23:27] finished sample_size=150 outer_iter=4/10 inner_repetitions=500 in 36.16s
[2026-05-26 13:23:27] progress sample_size=150 outer_iter=5/10 inner_iter=1/500
[2026-05-26 13:23:30] progress sample_size=150 outer_iter=5/10 inner_iter=50/500
[2026-05-26 13:23:34] progress sample_size=150 outer_iter=5/10 inner_iter=100/500
[2026-05-26 13:23:37] progress sample_size=150 outer_iter=5/10 inner_iter=150/500
[2026-05-26 13:23:41] progress sample_size=150 outer_iter=5/10 inner_iter=200/500
[2026-05-26 13:23:44] progress sample_size=150 outer_iter=5/10 inner_iter=250/500
[2026-05-26 13:23:48] progress sample_size=150 outer_iter=5/10 inner_iter=300/500
[2026-05-26 13:23:51] progress sample_size=150 outer_iter=5/10 inner_iter=350/500
[2026-05-26 13:23:55] progress sample_size=150 outer_iter=5/10 inner_iter=400/500
[2026-05-26 13:23:58] progress sample_size=150 outer_iter=5/10 inner_iter=450/500
[2026-05-26 13:24:02] progress sample_size=150 outer_iter=5/10 inner_iter=500/500
[2026-05-26 13:24:03] finished sample_size=150 outer_iter=5/10 inner_repetitions=500 in 36.29s
[2026-05-26 13:24:03] progress sample_size=150 outer_iter=6/10 inner_iter=1/500
[2026-05-26 13:24:07] progress sample_size=150 outer_iter=6/10 inner_iter=50/500
[2026-05-26 13:24:10] progress sample_size=150 outer_iter=6/10 inner_iter=100/500
[2026-05-26 13:24:14] progress sample_size=150 outer_iter=6/10 inner_iter=150/500
[2026-05-26 13:24:17] progress sample_size=150 outer_iter=6/10 inner_iter=200/500
[2026-05-26 13:24:21] progress sample_size=150 outer_iter=6/10 inner_iter=250/500
[2026-05-26 13:24:24] progress sample_size=150 outer_iter=6/10 inner_iter=300/500
[2026-05-26 13:24:28] progress sample_size=150 outer_iter=6/10 inner_iter=350/500
[2026-05-26 13:24:31] progress sample_size=150 outer_iter=6/10 inner_iter=400/500
[2026-05-26 13:24:35] progress sample_size=150 outer_iter=6/10 inner_iter=450/500
[2026-05-26 13:24:38] progress sample_size=150 outer_iter=6/10 inner_iter=500/500
[2026-05-26 13:24:40] finished sample_size=150 outer_iter=6/10 inner_repetitions=500 in 36.59s
[2026-05-26 13:24:40] progress sample_size=150 outer_iter=7/10 inner_iter=1/500
[2026-05-26 13:24:43] progress sample_size=150 outer_iter=7/10 inner_iter=50/500
[2026-05-26 13:24:47] progress sample_size=150 outer_iter=7/10 inner_iter=100/500
[2026-05-26 13:24:50] progress sample_size=150 outer_iter=7/10 inner_iter=150/500
[2026-05-26 13:24:54] progress sample_size=150 outer_iter=7/10 inner_iter=200/500
[2026-05-26 13:24:57] progress sample_size=150 outer_iter=7/10 inner_iter=250/500
[2026-05-26 13:25:00] progress sample_size=150 outer_iter=7/10 inner_iter=300/500
[2026-05-26 13:25:04] progress sample_size=150 outer_iter=7/10 inner_iter=350/500
[2026-05-26 13:25:07] progress sample_size=150 outer_iter=7/10 inner_iter=400/500
[2026-05-26 13:25:11] progress sample_size=150 outer_iter=7/10 inner_iter=450/500
[2026-05-26 13:25:14] progress sample_size=150 outer_iter=7/10 inner_iter=500/500
[2026-05-26 13:25:16] finished sample_size=150 outer_iter=7/10 inner_repetitions=500 in 35.96s
[2026-05-26 13:25:16] progress sample_size=150 outer_iter=8/10 inner_iter=1/500
[2026-05-26 13:25:19] progress sample_size=150 outer_iter=8/10 inner_iter=50/500
[2026-05-26 13:25:23] progress sample_size=150 outer_iter=8/10 inner_iter=100/500
[2026-05-26 13:25:26] progress sample_size=150 outer_iter=8/10 inner_iter=150/500
[2026-05-26 13:25:30] progress sample_size=150 outer_iter=8/10 inner_iter=200/500
[2026-05-26 13:25:33] progress sample_size=150 outer_iter=8/10 inner_iter=250/500
[2026-05-26 13:25:37] progress sample_size=150 outer_iter=8/10 inner_iter=300/500
[2026-05-26 13:25:40] progress sample_size=150 outer_iter=8/10 inner_iter=350/500
[2026-05-26 13:25:44] progress sample_size=150 outer_iter=8/10 inner_iter=400/500
[2026-05-26 13:25:47] progress sample_size=150 outer_iter=8/10 inner_iter=450/500
[2026-05-26 13:25:50] progress sample_size=150 outer_iter=8/10 inner_iter=500/500
[2026-05-26 13:25:52] finished sample_size=150 outer_iter=8/10 inner_repetitions=500 in 36.15s
[2026-05-26 13:25:52] progress sample_size=150 outer_iter=9/10 inner_iter=1/500
[2026-05-26 13:25:55] progress sample_size=150 outer_iter=9/10 inner_iter=50/500
[2026-05-26 13:25:59] progress sample_size=150 outer_iter=9/10 inner_iter=100/500
[2026-05-26 13:26:02] progress sample_size=150 outer_iter=9/10 inner_iter=150/500
[2026-05-26 13:26:06] progress sample_size=150 outer_iter=9/10 inner_iter=200/500
[2026-05-26 13:26:09] progress sample_size=150 outer_iter=9/10 inner_iter=250/500
[2026-05-26 13:26:13] progress sample_size=150 outer_iter=9/10 inner_iter=300/500
[2026-05-26 13:26:16] progress sample_size=150 outer_iter=9/10 inner_iter=350/500
[2026-05-26 13:26:19] progress sample_size=150 outer_iter=9/10 inner_iter=400/500
[2026-05-26 13:26:23] progress sample_size=150 outer_iter=9/10 inner_iter=450/500
[2026-05-26 13:26:26] progress sample_size=150 outer_iter=9/10 inner_iter=500/500
[2026-05-26 13:26:28] finished sample_size=150 outer_iter=9/10 inner_repetitions=500 in 35.90s
[2026-05-26 13:26:28] progress sample_size=150 outer_iter=10/10 inner_iter=1/500
[2026-05-26 13:26:31] progress sample_size=150 outer_iter=10/10 inner_iter=50/500
[2026-05-26 13:26:35] progress sample_size=150 outer_iter=10/10 inner_iter=100/500
[2026-05-26 13:26:38] progress sample_size=150 outer_iter=10/10 inner_iter=150/500
[2026-05-26 13:26:42] progress sample_size=150 outer_iter=10/10 inner_iter=200/500
[2026-05-26 13:26:45] progress sample_size=150 outer_iter=10/10 inner_iter=250/500
[2026-05-26 13:26:49] progress sample_size=150 outer_iter=10/10 inner_iter=300/500
[2026-05-26 13:26:52] progress sample_size=150 outer_iter=10/10 inner_iter=350/500
[2026-05-26 13:26:56] progress sample_size=150 outer_iter=10/10 inner_iter=400/500
[2026-05-26 13:26:59] progress sample_size=150 outer_iter=10/10 inner_iter=450/500
[2026-05-26 13:27:03] progress sample_size=150 outer_iter=10/10 inner_iter=500/500
[2026-05-26 13:27:04] finished sample_size=150 outer_iter=10/10 inner_repetitions=500 in 36.18s
[2026-05-26 13:27:06] Phase 4 power run complete
[2026-05-26 13:37:20] extracting frozen CNN embeddings for full test split
[2026-05-26 13:37:21] full test embedding extraction complete in 0.78s
