Loading required package: iterators
Loading required package: parallel
Using 23 cores.

=========  repetition 1 / 5  =========
Loading required package: Rcpp
Loading required package: zigg
Loading required package: RcppParallel

Attaching package: 'RcppParallel'

The following object is masked from 'package:Rcpp':

    LdFlags


Rfast: 2.1.5.2
 ___ __ __ __ __    __ __ __ __ __ _             _               __ __ __ __ __     __ __ __ __ __ __   
|  __ __ __ __  |  |  __ __ __ __ _/            / \             |  __ __ __ __ /   /__ __ _   _ __ __\  
| |           | |  | |                         / _ \            | |                        / /          
| |           | |  | |                        / / \ \           | |                       / /          
| |           | |  | |                       / /   \ \          | |                      / /          
| |__ __ __ __| |  | |__ __ __ __           / /     \ \         | |__ __ __ __ _        / /__/\          
|    __ __ __ __|  |  __ __ __ __|         / /__ _ __\ \        |_ __ __ __ _   |      / ___  /           
|   \              | |                    / _ _ _ _ _ _ \                     | |      \/  / /       
| |\ \             | |                   / /           \ \                    | |         / /          
| | \ \            | |                  / /             \ \                   | |        / /          
| |  \ \           | |                 / /               \ \                  | |       / /          
| |   \ \__ __ _   | |                / /                 \ \     _ __ __ __ _| |      / /          
|_|    \__ __ __\  |_|               /_/                   \_\   /_ __ __ __ ___|      \/             team

Attaching package: 'Rfast'

The following objects are masked from 'package:LaplacesDemon':

    dmvt, rmvt


[18:43:58] n = 50 ...
  GEXP_5        power=0.225  q=5.0  t_total=0.090s  [kern=0.002 cov=0.030 sel=0.000 boot=0.021 stat=0.037]
  GEXP_rich_13  power=0.345  q=13.0  t_total=0.216s  [kern=0.004 cov=0.068 sel=0.000 boot=0.045 stat=0.099]
  NEW_13        power=0.165  q=4.1  t_total=0.057s  [kern=0.001 cov=0.006 sel=0.005 boot=0.018 stat=0.027]
  NEW_25        power=0.160  q=4.0  t_total=0.046s  [kern=0.001 cov=0.003 sel=0.001 boot=0.016 stat=0.026]

[18:44:03] n = 100 ...
  GEXP_5        power=0.330  q=5.0  t_total=0.123s  [kern=0.004 cov=0.026 sel=0.000 boot=0.037 stat=0.056]
  GEXP_rich_13  power=0.310  q=13.0  t_total=0.326s  [kern=0.005 cov=0.099 sel=0.000 boot=0.079 stat=0.143]
  NEW_13        power=0.270  q=4.5  t_total=0.085s  [kern=0.002 cov=0.006 sel=0.002 boot=0.029 stat=0.046]
  NEW_25        power=0.220  q=4.0  t_total=0.085s  [kern=0.002 cov=0.011 sel=0.002 boot=0.029 stat=0.041]

[18:44:10] n = 200 ...
  GEXP_5        power=0.535  q=5.0  t_total=0.311s  [kern=0.014 cov=0.068 sel=0.000 boot=0.117 stat=0.112]
  GEXP_rich_13  power=0.535  q=13.0  t_total=0.816s  [kern=0.013 cov=0.269 sel=0.000 boot=0.224 stat=0.309]
  NEW_13        power=0.555  q=4.6  t_total=0.234s  [kern=0.011 cov=0.024 sel=0.002 boot=0.098 stat=0.099]
  NEW_25        power=0.465  q=4.0  t_total=0.260s  [kern=0.010 cov=0.058 sel=0.003 boot=0.097 stat=0.092]

[18:44:27] n = 300 ...
  GEXP_5        power=0.760  q=5.0  t_total=0.670s  [kern=0.029 cov=0.166 sel=0.000 boot=0.252 stat=0.223]
  GEXP_rich_13  power=0.780  q=13.0  t_total=1.880s  [kern=0.031 cov=0.798 sel=0.000 boot=0.507 stat=0.545]
  NEW_13        power=0.710  q=4.7  t_total=0.505s  [kern=0.025 cov=0.104 sel=0.003 boot=0.192 stat=0.181]
  NEW_25        power=0.620  q=4.0  t_total=0.550s  [kern=0.025 cov=0.180 sel=0.003 boot=0.183 stat=0.160]

[18:45:02] n = 400 ...
  GEXP_5        power=0.840  q=5.0  t_total=2.327s  [kern=0.146 cov=0.598 sel=0.000 boot=0.898 stat=0.685]
  GEXP_rich_13  power=0.850  q=13.0  t_total=8.904s  [kern=0.195 cov=4.324 sel=0.000 boot=2.236 stat=2.149]
  NEW_13        power=0.865  q=4.7  t_total=1.603s  [kern=0.111 cov=0.265 sel=0.006 boot=0.731 stat=0.490]
  NEW_25        power=0.850  q=4.0  t_total=1.985s  [kern=0.131 cov=0.551 sel=0.005 boot=0.806 stat=0.491]

[18:47:18] n = 500 ...
  GEXP_5        power=0.950  q=5.0  t_total=3.732s  [kern=0.279 cov=1.085 sel=0.000 boot=1.453 stat=0.916]
  GEXP_rich_13  power=0.905  q=13.0  t_total=11.430s  [kern=0.319 cov=5.616 sel=0.000 boot=2.698 stat=2.796]
  NEW_13        power=0.930  q=4.7  t_total=3.114s  [kern=0.243 cov=0.516 sel=0.007 boot=1.460 stat=0.888]
  NEW_25        power=0.915  q=4.0  t_total=2.858s  [kern=0.207 cov=0.824 sel=0.006 boot=1.145 stat=0.676]

[18:50:29] n = 600 ...
  GEXP_5        power=0.975  q=5.0  t_total=6.745s  [kern=0.539 cov=1.997 sel=0.000 boot=2.516 stat=1.694]
  GEXP_rich_13  power=0.980  q=13.0  t_total=21.901s  [kern=0.525 cov=12.401 sel=0.000 boot=5.002 stat=3.972]
  NEW_13        power=0.965  q=4.6  t_total=1.983s  [kern=0.217 cov=0.414 sel=0.004 boot=0.663 stat=0.684]
  NEW_25        power=0.955  q=4.0  t_total=4.419s  [kern=0.328 cov=1.285 sel=0.006 boot=1.800 stat=1.001]

[18:55:47] n = 700 ...
  GEXP_5        power=0.980  q=5.0  t_total=9.804s  [kern=0.770 cov=2.937 sel=0.000 boot=3.405 stat=2.691]
  GEXP_rich_13  power=1.000  q=13.0  t_total=25.954s  [kern=0.670 cov=14.411 sel=0.000 boot=5.704 stat=5.168]
  NEW_13        power=0.980  q=4.6  t_total=5.927s  [kern=0.543 cov=1.032 sel=0.006 boot=2.673 stat=1.673]
  NEW_25        power=1.000  q=4.0  t_total=6.260s  [kern=0.484 cov=1.835 sel=0.003 boot=2.524 stat=1.414]

=========  repetition 2 / 5  =========

[19:03:03] n = 50 ...
  GEXP_5        power=0.330  q=5.0  t_total=0.219s  [kern=0.003 cov=0.050 sel=0.000 boot=0.062 stat=0.104]
  GEXP_rich_13  power=0.285  q=13.0  t_total=0.581s  [kern=0.006 cov=0.189 sel=0.000 boot=0.142 stat=0.244]
  NEW_13        power=0.185  q=4.1  t_total=0.130s  [kern=0.001 cov=0.003 sel=0.003 boot=0.043 stat=0.079]
  NEW_25        power=0.190  q=4.0  t_total=0.149s  [kern=0.002 cov=0.006 sel=0.004 boot=0.051 stat=0.085]

[19:03:14] n = 100 ...
  GEXP_5        power=0.335  q=5.0  t_total=0.359s  [kern=0.007 cov=0.084 sel=0.000 boot=0.115 stat=0.153]
  GEXP_rich_13  power=0.350  q=13.0  t_total=0.938s  [kern=0.012 cov=0.316 sel=0.000 boot=0.240 stat=0.370]
  NEW_13        power=0.230  q=4.5  t_total=0.154s  [kern=0.003 cov=0.010 sel=0.003 boot=0.056 stat=0.082]
  NEW_25        power=0.225  q=4.0  t_total=0.084s  [kern=0.002 cov=0.010 sel=0.002 boot=0.030 stat=0.040]

[19:03:30] n = 200 ...
  GEXP_5        power=0.575  q=5.0  t_total=0.319s  [kern=0.011 cov=0.061 sel=0.000 boot=0.118 stat=0.127]
  GEXP_rich_13  power=0.545  q=13.0  t_total=1.055s  [kern=0.018 cov=0.368 sel=0.000 boot=0.270 stat=0.398]
  NEW_13        power=0.475  q=4.8  t_total=0.685s  [kern=0.022 cov=0.074 sel=0.005 boot=0.342 stat=0.242]
  NEW_25        power=0.515  q=4.0  t_total=0.783s  [kern=0.027 cov=0.148 sel=0.006 boot=0.344 stat=0.257]

[19:03:59] n = 300 ...
  GEXP_5        power=0.745  q=5.0  t_total=1.781s  [kern=0.086 cov=0.481 sel=0.000 boot=0.711 stat=0.502]
  GEXP_rich_13  power=0.770  q=13.0  t_total=4.805s  [kern=0.093 cov=2.303 sel=0.000 boot=1.253 stat=1.156]
  NEW_13        power=0.730  q=4.7  t_total=1.262s  [kern=0.068 cov=0.172 sel=0.005 boot=0.617 stat=0.401]
  NEW_25        power=0.645  q=4.0  t_total=1.285s  [kern=0.065 cov=0.306 sel=0.004 boot=0.586 stat=0.324]

[19:05:27] n = 400 ...
  GEXP_5        power=0.865  q=5.0  t_total=2.980s  [kern=0.181 cov=0.802 sel=0.000 boot=1.170 stat=0.826]
  GEXP_rich_13  power=0.870  q=13.0  t_total=7.111s  [kern=0.138 cov=3.636 sel=0.000 boot=1.793 stat=1.544]
  NEW_13        power=0.835  q=4.7  t_total=2.128s  [kern=0.144 cov=0.328 sel=0.007 boot=0.989 stat=0.662]
  NEW_25        power=0.795  q=4.0  t_total=0.914s  [kern=0.070 cov=0.306 sel=0.003 boot=0.268 stat=0.267]

[19:07:30] n = 500 ...
  GEXP_5        power=0.945  q=5.0  t_total=3.464s  [kern=0.258 cov=0.994 sel=0.000 boot=1.310 stat=0.902]
  GEXP_rich_13  power=0.935  q=13.0  t_total=14.294s  [kern=0.341 cov=7.390 sel=0.000 boot=3.454 stat=3.108]
  NEW_13        power=0.935  q=4.7  t_total=3.086s  [kern=0.250 cov=0.515 sel=0.006 boot=1.406 stat=0.910]
  NEW_25        power=0.910  q=4.0  t_total=2.996s  [kern=0.230 cov=0.880 sel=0.006 boot=1.162 stat=0.718]

[19:11:08] n = 600 ...
  GEXP_5        power=0.970  q=5.0  t_total=7.191s  [kern=0.554 cov=2.109 sel=0.000 boot=2.566 stat=1.962]
  GEXP_rich_13  power=0.935  q=13.0  t_total=18.196s  [kern=0.402 cov=10.258 sel=0.000 boot=4.266 stat=3.270]
  NEW_13        power=0.985  q=4.7  t_total=4.175s  [kern=0.362 cov=0.726 sel=0.007 boot=1.875 stat=1.206]
  NEW_25        power=0.935  q=4.0  t_total=4.487s  [kern=0.338 cov=1.288 sel=0.006 boot=1.862 stat=0.994]

[19:16:19] n = 700 ...
  GEXP_5        power=0.985  q=5.0  t_total=9.583s  [kern=0.761 cov=3.038 sel=0.000 boot=3.430 stat=2.355]
  GEXP_rich_13  power=0.995  q=13.0  t_total=20.129s  [kern=0.444 cov=11.770 sel=0.000 boot=4.304 stat=3.611]
  NEW_13        power=0.980  q=4.5  t_total=5.766s  [kern=0.518 cov=1.025 sel=0.006 boot=2.608 stat=1.609]
  NEW_25        power=0.965  q=4.0  t_total=6.229s  [kern=0.481 cov=1.828 sel=0.003 boot=2.535 stat=1.383]

=========  repetition 3 / 5  =========

[19:22:41] n = 50 ...
  GEXP_5        power=0.250  q=5.0  t_total=0.229s  [kern=0.003 cov=0.055 sel=0.000 boot=0.061 stat=0.109]
  GEXP_rich_13  power=0.350  q=13.0  t_total=0.616s  [kern=0.007 cov=0.197 sel=0.000 boot=0.150 stat=0.262]
  NEW_13        power=0.200  q=4.1  t_total=0.140s  [kern=0.001 cov=0.003 sel=0.004 boot=0.047 stat=0.084]
  NEW_25        power=0.175  q=4.0  t_total=0.134s  [kern=0.001 cov=0.006 sel=0.004 boot=0.047 stat=0.076]

[19:22:53] n = 100 ...
  GEXP_5        power=0.315  q=5.0  t_total=0.373s  [kern=0.007 cov=0.086 sel=0.000 boot=0.117 stat=0.162]
  GEXP_rich_13  power=0.405  q=13.0  t_total=1.036s  [kern=0.016 cov=0.360 sel=0.000 boot=0.255 stat=0.405]
  NEW_13        power=0.255  q=4.4  t_total=0.275s  [kern=0.004 cov=0.017 sel=0.007 boot=0.100 stat=0.148]
  NEW_25        power=0.220  q=4.0  t_total=0.248s  [kern=0.004 cov=0.032 sel=0.004 boot=0.090 stat=0.118]

[19:23:13] n = 200 ...
  GEXP_5        power=0.585  q=5.0  t_total=0.839s  [kern=0.031 cov=0.204 sel=0.000 boot=0.343 stat=0.261]
  GEXP_rich_13  power=0.600  q=13.0  t_total=2.198s  [kern=0.037 cov=0.915 sel=0.000 boot=0.597 stat=0.650]
  NEW_13        power=0.485  q=4.6  t_total=0.662s  [kern=0.025 cov=0.074 sel=0.006 boot=0.325 stat=0.233]
  NEW_25        power=0.440  q=4.0  t_total=0.696s  [kern=0.022 cov=0.129 sel=0.005 boot=0.327 stat=0.214]

[19:23:58] n = 300 ...
  GEXP_5        power=0.765  q=5.0  t_total=1.709s  [kern=0.085 cov=0.455 sel=0.000 boot=0.704 stat=0.465]
  GEXP_rich_13  power=0.740  q=13.0  t_total=4.649s  [kern=0.091 cov=2.268 sel=0.000 boot=1.221 stat=1.069]
  NEW_13        power=0.730  q=4.7  t_total=1.218s  [kern=0.067 cov=0.165 sel=0.005 boot=0.604 stat=0.378]
  NEW_25        power=0.695  q=4.0  t_total=1.215s  [kern=0.058 cov=0.282 sel=0.005 boot=0.552 stat=0.319]

[19:25:22] n = 400 ...
  GEXP_5        power=0.865  q=5.0  t_total=2.799s  [kern=0.163 cov=0.777 sel=0.000 boot=1.121 stat=0.737]
  GEXP_rich_13  power=0.825  q=13.0  t_total=5.811s  [kern=0.121 cov=3.048 sel=0.000 boot=1.404 stat=1.239]
  NEW_13        power=0.825  q=4.7  t_total=2.011s  [kern=0.133 cov=0.303 sel=0.006 boot=0.944 stat=0.625]
  NEW_25        power=0.775  q=4.0  t_total=2.042s  [kern=0.126 cov=0.538 sel=0.006 boot=0.875 stat=0.497]

[19:27:23] n = 500 ...
  GEXP_5        power=0.940  q=5.0  t_total=4.454s  [kern=0.309 cov=1.400 sel=0.000 boot=1.679 stat=1.067]
  GEXP_rich_13  power=0.925  q=13.0  t_total=14.292s  [kern=0.347 cov=7.448 sel=0.000 boot=3.448 stat=3.048]
  NEW_13        power=0.905  q=4.7  t_total=2.989s  [kern=0.233 cov=0.499 sel=0.005 boot=1.388 stat=0.864]
  NEW_25        power=0.930  q=4.0  t_total=3.020s  [kern=0.218 cov=0.845 sel=0.005 boot=1.264 stat=0.687]

[19:31:10] n = 600 ...
  GEXP_5        power=0.960  q=5.0  t_total=6.706s  [kern=0.506 cov=1.995 sel=0.000 boot=2.467 stat=1.738]
  GEXP_rich_13  power=0.985  q=13.0  t_total=12.494s  [kern=0.260 cov=6.740 sel=0.000 boot=2.936 stat=2.559]
  NEW_13        power=0.945  q=4.6  t_total=4.430s  [kern=0.376 cov=0.763 sel=0.006 boot=2.020 stat=1.266]
  NEW_25        power=0.955  q=4.0  t_total=4.226s  [kern=0.324 cov=1.242 sel=0.006 boot=1.696 stat=0.957]

[19:35:28] n = 700 ...
  GEXP_5        power=0.975  q=5.0  t_total=9.608s  [kern=0.801 cov=2.854 sel=0.000 boot=3.451 stat=2.502]
  GEXP_rich_13  power=0.965  q=13.0  t_total=30.944s  [kern=0.749 cov=18.345 sel=0.000 boot=6.536 stat=5.314]
  NEW_13        power=0.995  q=4.6  t_total=5.917s  [kern=0.538 cov=1.053 sel=0.006 boot=2.671 stat=1.650]
  NEW_25        power=0.975  q=4.0  t_total=6.471s  [kern=0.516 cov=1.935 sel=0.003 boot=2.546 stat=1.470]

=========  repetition 4 / 5  =========

[19:43:27] n = 50 ...
  GEXP_5        power=0.295  q=5.0  t_total=0.221s  [kern=0.005 cov=0.051 sel=0.000 boot=0.060 stat=0.106]
  GEXP_rich_13  power=0.350  q=13.0  t_total=0.572s  [kern=0.006 cov=0.185 sel=0.000 boot=0.142 stat=0.238]
  NEW_13        power=0.170  q=4.1  t_total=0.128s  [kern=0.001 cov=0.003 sel=0.003 boot=0.045 stat=0.076]
  NEW_25        power=0.165  q=4.0  t_total=0.129s  [kern=0.001 cov=0.006 sel=0.005 boot=0.043 stat=0.074]

[19:43:38] n = 100 ...
  GEXP_5        power=0.325  q=5.0  t_total=0.364s  [kern=0.007 cov=0.083 sel=0.000 boot=0.122 stat=0.152]
  GEXP_rich_13  power=0.375  q=13.0  t_total=0.406s  [kern=0.007 cov=0.138 sel=0.000 boot=0.093 stat=0.169]
  NEW_13        power=0.225  q=4.5  t_total=0.091s  [kern=0.002 cov=0.006 sel=0.002 boot=0.032 stat=0.049]
  NEW_25        power=0.165  q=4.0  t_total=0.093s  [kern=0.003 cov=0.012 sel=0.002 boot=0.032 stat=0.045]

[19:43:49] n = 200 ...
  GEXP_5        power=0.560  q=5.0  t_total=0.326s  [kern=0.014 cov=0.055 sel=0.000 boot=0.130 stat=0.127]
  GEXP_rich_13  power=0.590  q=13.0  t_total=2.008s  [kern=0.036 cov=0.800 sel=0.000 boot=0.513 stat=0.659]
  NEW_13        power=0.500  q=4.7  t_total=0.647s  [kern=0.024 cov=0.076 sel=0.005 boot=0.317 stat=0.226]
  NEW_25        power=0.440  q=4.0  t_total=0.640s  [kern=0.021 cov=0.122 sel=0.004 boot=0.298 stat=0.195]

[19:44:25] n = 300 ...
  GEXP_5        power=0.735  q=5.0  t_total=1.667s  [kern=0.083 cov=0.451 sel=0.000 boot=0.675 stat=0.459]
  GEXP_rich_13  power=0.740  q=13.0  t_total=4.951s  [kern=0.107 cov=2.352 sel=0.000 boot=1.279 stat=1.213]
  NEW_13        power=0.750  q=4.6  t_total=1.259s  [kern=0.067 cov=0.173 sel=0.006 boot=0.623 stat=0.391]
  NEW_25        power=0.725  q=4.0  t_total=1.263s  [kern=0.063 cov=0.294 sel=0.004 boot=0.586 stat=0.316]

[19:45:52] n = 400 ...
  GEXP_5        power=0.900  q=5.0  t_total=2.778s  [kern=0.167 cov=0.740 sel=0.000 boot=1.104 stat=0.766]
  GEXP_rich_13  power=0.870  q=13.0  t_total=5.795s  [kern=0.127 cov=2.669 sel=0.000 boot=1.526 stat=1.473]
  NEW_13        power=0.895  q=4.8  t_total=2.008s  [kern=0.132 cov=0.300 sel=0.006 boot=0.967 stat=0.603]
  NEW_25        power=0.845  q=4.0  t_total=2.048s  [kern=0.124 cov=0.537 sel=0.005 boot=0.889 stat=0.493]

[19:47:51] n = 500 ...
  GEXP_5        power=0.955  q=5.0  t_total=4.123s  [kern=0.281 cov=1.188 sel=0.000 boot=1.595 stat=1.059]
  GEXP_rich_13  power=0.925  q=13.0  t_total=13.582s  [kern=0.332 cov=7.302 sel=0.000 boot=3.227 stat=2.720]
  NEW_13        power=0.940  q=4.7  t_total=2.885s  [kern=0.228 cov=0.487 sel=0.006 boot=1.357 stat=0.806]
  NEW_25        power=0.865  q=4.0  t_total=3.013s  [kern=0.215 cov=0.862 sel=0.005 boot=1.247 stat=0.683]

[19:51:29] n = 600 ...
  GEXP_5        power=0.980  q=5.0  t_total=6.673s  [kern=0.512 cov=1.960 sel=0.000 boot=2.484 stat=1.717]
  GEXP_rich_13  power=0.970  q=13.0  t_total=24.385s  [kern=0.669 cov=12.370 sel=0.000 boot=5.658 stat=5.689]
  NEW_13        power=0.945  q=4.6  t_total=4.435s  [kern=0.369 cov=0.772 sel=0.007 boot=2.048 stat=1.239]
  NEW_25        power=0.950  q=4.0  t_total=5.125s  [kern=0.391 cov=1.499 sel=0.006 boot=2.008 stat=1.220]

[19:57:37] n = 700 ...
  GEXP_5        power=0.995  q=5.0  t_total=9.783s  [kern=0.799 cov=2.951 sel=0.000 boot=3.585 stat=2.447]
  GEXP_rich_13  power=0.995  q=13.0  t_total=33.385s  [kern=0.817 cov=19.284 sel=0.000 boot=7.249 stat=6.035]
  NEW_13        power=0.985  q=4.7  t_total=6.091s  [kern=0.553 cov=1.055 sel=0.006 boot=2.777 stat=1.700]
  NEW_25        power=0.985  q=4.0  t_total=6.436s  [kern=0.506 cov=1.873 sel=0.003 boot=2.584 stat=1.471]

=========  repetition 5 / 5  =========

[20:06:01] n = 50 ...
  GEXP_5        power=0.240  q=5.0  t_total=0.231s  [kern=0.004 cov=0.055 sel=0.000 boot=0.065 stat=0.107]
  GEXP_rich_13  power=0.240  q=13.0  t_total=0.601s  [kern=0.007 cov=0.197 sel=0.000 boot=0.148 stat=0.249]
  NEW_13        power=0.185  q=4.1  t_total=0.136s  [kern=0.001 cov=0.004 sel=0.004 boot=0.047 stat=0.081]
  NEW_25        power=0.155  q=4.0  t_total=0.135s  [kern=0.001 cov=0.006 sel=0.004 boot=0.048 stat=0.076]

[20:06:12] n = 100 ...
  GEXP_5        power=0.430  q=5.0  t_total=0.399s  [kern=0.008 cov=0.088 sel=0.000 boot=0.131 stat=0.172]
  GEXP_rich_13  power=0.355  q=13.0  t_total=1.133s  [kern=0.015 cov=0.391 sel=0.000 boot=0.288 stat=0.439]
  NEW_13        power=0.320  q=4.5  t_total=0.257s  [kern=0.004 cov=0.016 sel=0.007 boot=0.095 stat=0.134]
  NEW_25        power=0.235  q=4.0  t_total=0.253s  [kern=0.003 cov=0.034 sel=0.004 boot=0.094 stat=0.117]

[20:06:33] n = 200 ...
  GEXP_5        power=0.600  q=5.0  t_total=0.458s  [kern=0.018 cov=0.112 sel=0.000 boot=0.177 stat=0.152]
  GEXP_rich_13  power=0.580  q=13.0  t_total=1.288s  [kern=0.024 cov=0.464 sel=0.000 boot=0.334 stat=0.466]
  NEW_13        power=0.465  q=4.7  t_total=0.668s  [kern=0.022 cov=0.072 sel=0.004 boot=0.336 stat=0.234]
  NEW_25        power=0.440  q=4.0  t_total=0.675s  [kern=0.023 cov=0.134 sel=0.005 boot=0.316 stat=0.197]

[20:07:05] n = 300 ...
  GEXP_5        power=0.790  q=5.0  t_total=1.745s  [kern=0.085 cov=0.460 sel=0.000 boot=0.730 stat=0.469]
  GEXP_rich_13  power=0.760  q=13.0  t_total=4.776s  [kern=0.093 cov=2.298 sel=0.000 boot=1.277 stat=1.109]
  NEW_13        power=0.735  q=4.7  t_total=1.283s  [kern=0.069 cov=0.174 sel=0.005 boot=0.633 stat=0.401]
  NEW_25        power=0.640  q=4.0  t_total=1.319s  [kern=0.065 cov=0.295 sel=0.005 boot=0.622 stat=0.332]

[20:08:32] n = 400 ...
  GEXP_5        power=0.855  q=5.0  t_total=2.844s  [kern=0.174 cov=0.776 sel=0.000 boot=1.120 stat=0.774]
  GEXP_rich_13  power=0.900  q=13.0  t_total=7.616s  [kern=0.175 cov=3.757 sel=0.000 boot=1.892 stat=1.792]
  NEW_13        power=0.835  q=4.7  t_total=1.148s  [kern=0.076 cov=0.222 sel=0.004 boot=0.451 stat=0.394]
  NEW_25        power=0.825  q=4.0  t_total=2.071s  [kern=0.127 cov=0.530 sel=0.006 boot=0.911 stat=0.497]

[20:10:39] n = 500 ...
  GEXP_5        power=0.960  q=5.0  t_total=4.631s  [kern=0.328 cov=1.385 sel=0.000 boot=1.787 stat=1.131]
  GEXP_rich_13  power=0.965  q=13.0  t_total=14.050s  [kern=0.346 cov=7.710 sel=0.000 boot=3.257 stat=2.737]
  NEW_13        power=0.945  q=4.6  t_total=2.913s  [kern=0.230 cov=0.485 sel=0.005 boot=1.372 stat=0.820]
  NEW_25        power=0.885  q=4.0  t_total=3.268s  [kern=0.235 cov=0.926 sel=0.006 boot=1.320 stat=0.781]

[20:14:27] n = 600 ...
  GEXP_5        power=0.985  q=5.0  t_total=6.984s  [kern=0.549 cov=1.977 sel=0.000 boot=2.598 stat=1.859]
  GEXP_rich_13  power=0.975  q=13.0  t_total=22.679s  [kern=0.584 cov=12.207 sel=0.000 boot=5.241 stat=4.647]
  NEW_13        power=0.955  q=4.7  t_total=4.313s  [kern=0.359 cov=0.745 sel=0.006 boot=1.984 stat=1.219]
  NEW_25        power=0.935  q=4.0  t_total=4.469s  [kern=0.339 cov=1.282 sel=0.006 boot=1.837 stat=1.005]

[20:20:15] n = 700 ...
  GEXP_5        power=0.995  q=5.0  t_total=9.595s  [kern=0.793 cov=2.823 sel=0.000 boot=3.419 stat=2.559]
  GEXP_rich_13  power=0.990  q=13.0  t_total=32.037s  [kern=0.873 cov=18.021 sel=0.000 boot=6.811 stat=6.331]
  NEW_13        power=0.980  q=4.6  t_total=5.817s  [kern=0.518 cov=1.033 sel=0.007 boot=2.630 stat=1.630]
  NEW_25        power=0.985  q=4.0  t_total=5.999s  [kern=0.470 cov=1.805 sel=0.003 boot=2.418 stat=1.302]
There were 50 or more warnings (use warnings() to see the first 50)

Total wall time: 104.4 minutes
