[2026-05-26 12:47:41] type1 config: {"B_boot": 500, "alpha": 0.05, "checkpoint_path": "/home/dechao/kernel_two-sample/dechao_reproduction/medmnist_pathmnist28/shared_model/models/pathmnist_cnn_checkpoint.pt", "methods": ["raw_pixel_gaussian5", "cnn_final_fc128_gaussian5", "cnn_multilayer_single_gaussian", "cnn_multilayer_gaussian15"], "outer_repetitions": 10, "sample_sizes": [60, 120], "scenario": "mix635_vs_mix635_null", "seed": 20260527}
[2026-05-26 12:47:42] completed sample_size/outer_iter keys at start: 0
[2026-05-26 12:47:43] finished sample_size=60 outer_iter=1/10 in 0.48s
[2026-05-26 12:47:44] finished sample_size=60 outer_iter=2/10 in 0.04s
[2026-05-26 12:47:44] finished sample_size=60 outer_iter=3/10 in 0.03s
[2026-05-26 12:47:44] finished sample_size=60 outer_iter=4/10 in 0.03s
[2026-05-26 12:47:45] finished sample_size=60 outer_iter=5/10 in 0.03s
[2026-05-26 12:47:45] finished sample_size=60 outer_iter=6/10 in 0.03s
[2026-05-26 12:47:46] finished sample_size=60 outer_iter=7/10 in 0.03s
[2026-05-26 12:47:46] finished sample_size=60 outer_iter=8/10 in 0.03s
[2026-05-26 12:47:47] finished sample_size=60 outer_iter=9/10 in 0.03s
[2026-05-26 12:47:47] finished sample_size=60 outer_iter=10/10 in 0.03s
[2026-05-26 12:47:48] finished sample_size=120 outer_iter=1/10 in 0.07s
[2026-05-26 12:47:48] finished sample_size=120 outer_iter=2/10 in 0.07s
[2026-05-26 12:47:49] finished sample_size=120 outer_iter=3/10 in 0.07s
[2026-05-26 12:47:49] finished sample_size=120 outer_iter=4/10 in 0.08s
[2026-05-26 12:47:50] finished sample_size=120 outer_iter=5/10 in 0.07s
[2026-05-26 12:47:50] finished sample_size=120 outer_iter=6/10 in 0.07s
[2026-05-26 12:47:51] finished sample_size=120 outer_iter=7/10 in 0.07s
[2026-05-26 12:47:51] finished sample_size=120 outer_iter=8/10 in 0.07s
[2026-05-26 12:47:52] finished sample_size=120 outer_iter=9/10 in 0.07s
[2026-05-26 12:47:52] finished sample_size=120 outer_iter=10/10 in 0.07s
[2026-05-26 12:47:53] Phase 5 Type-I run complete
[2026-05-26 13:09:15] type1 config: {"B_boot": 20, "alpha": 0.05, "checkpoint_path": "/home/dechao/kernel_two-sample/dechao_reproduction/medmnist_pathmnist28/shared_model/models/pathmnist_cnn_checkpoint.pt", "inner_repetitions": 2, "methods": ["raw_pixel_gaussian5", "cnn_final_fc128_gaussian5", "cnn_multilayer_single_gaussian", "cnn_multilayer_gaussian15"], "outer_repetitions": 1, "sample_sizes": [60], "scenario": "mix635_vs_mix635_null", "seed": 20260527}
[2026-05-26 13:09:17] completed sample_size/outer_iter keys at start: 0
[2026-05-26 13:09:17] finished sample_size=60 outer_iter=1/1 inner_repetitions=2 in 0.53s
[2026-05-26 13:09:18] Phase 5 Type-I run complete
[2026-05-26 13:37:19] type1 config: {"B_boot": 500, "alpha": 0.05, "checkpoint_path": "/home/dechao/kernel_two-sample/dechao_reproduction/medmnist_pathmnist28/shared_model/models/pathmnist_cnn_checkpoint.pt", "inner_repetitions": 500, "methods": ["raw_pixel_gaussian5", "cnn_final_fc128_gaussian5", "cnn_multilayer_single_gaussian", "cnn_multilayer_gaussian15"], "outer_repetitions": 10, "sample_sizes": [60, 120], "scenario": "mix635_vs_mix635_null", "seed": 20260527}
[2026-05-26 13:37:21] completed sample_size/outer_iter keys at start: 0
[2026-05-26 13:37:21] progress sample_size=60 outer_iter=1/10 inner_iter=1/500
[2026-05-26 13:37:22] progress sample_size=60 outer_iter=1/10 inner_iter=50/500
[2026-05-26 13:37:23] progress sample_size=60 outer_iter=1/10 inner_iter=100/500
[2026-05-26 13:37:24] progress sample_size=60 outer_iter=1/10 inner_iter=150/500
[2026-05-26 13:37:25] progress sample_size=60 outer_iter=1/10 inner_iter=200/500
[2026-05-26 13:37:27] progress sample_size=60 outer_iter=1/10 inner_iter=250/500
[2026-05-26 13:37:28] progress sample_size=60 outer_iter=1/10 inner_iter=300/500
[2026-05-26 13:37:29] progress sample_size=60 outer_iter=1/10 inner_iter=350/500
[2026-05-26 13:37:30] progress sample_size=60 outer_iter=1/10 inner_iter=400/500
[2026-05-26 13:37:31] progress sample_size=60 outer_iter=1/10 inner_iter=450/500
[2026-05-26 13:37:32] progress sample_size=60 outer_iter=1/10 inner_iter=500/500
[2026-05-26 13:37:32] finished sample_size=60 outer_iter=1/10 inner_repetitions=500 in 11.34s
[2026-05-26 13:37:32] progress sample_size=60 outer_iter=2/10 inner_iter=1/500
[2026-05-26 13:37:34] progress sample_size=60 outer_iter=2/10 inner_iter=50/500
[2026-05-26 13:37:35] progress sample_size=60 outer_iter=2/10 inner_iter=100/500
[2026-05-26 13:37:36] progress sample_size=60 outer_iter=2/10 inner_iter=150/500
[2026-05-26 13:37:37] progress sample_size=60 outer_iter=2/10 inner_iter=200/500
[2026-05-26 13:37:38] progress sample_size=60 outer_iter=2/10 inner_iter=250/500
[2026-05-26 13:37:39] progress sample_size=60 outer_iter=2/10 inner_iter=300/500
[2026-05-26 13:37:40] progress sample_size=60 outer_iter=2/10 inner_iter=350/500
[2026-05-26 13:37:41] progress sample_size=60 outer_iter=2/10 inner_iter=400/500
[2026-05-26 13:37:42] progress sample_size=60 outer_iter=2/10 inner_iter=450/500
[2026-05-26 13:37:43] progress sample_size=60 outer_iter=2/10 inner_iter=500/500
[2026-05-26 13:37:44] finished sample_size=60 outer_iter=2/10 inner_repetitions=500 in 11.30s
[2026-05-26 13:37:44] progress sample_size=60 outer_iter=3/10 inner_iter=1/500
[2026-05-26 13:37:45] progress sample_size=60 outer_iter=3/10 inner_iter=50/500
[2026-05-26 13:37:46] progress sample_size=60 outer_iter=3/10 inner_iter=100/500
[2026-05-26 13:37:47] progress sample_size=60 outer_iter=3/10 inner_iter=150/500
[2026-05-26 13:37:48] progress sample_size=60 outer_iter=3/10 inner_iter=200/500
[2026-05-26 13:37:49] progress sample_size=60 outer_iter=3/10 inner_iter=250/500
[2026-05-26 13:37:50] progress sample_size=60 outer_iter=3/10 inner_iter=300/500
[2026-05-26 13:37:51] progress sample_size=60 outer_iter=3/10 inner_iter=350/500
[2026-05-26 13:37:52] progress sample_size=60 outer_iter=3/10 inner_iter=400/500
[2026-05-26 13:37:53] progress sample_size=60 outer_iter=3/10 inner_iter=450/500
[2026-05-26 13:37:55] progress sample_size=60 outer_iter=3/10 inner_iter=500/500
[2026-05-26 13:37:55] finished sample_size=60 outer_iter=3/10 inner_repetitions=500 in 11.29s
[2026-05-26 13:37:55] progress sample_size=60 outer_iter=4/10 inner_iter=1/500
[2026-05-26 13:37:56] progress sample_size=60 outer_iter=4/10 inner_iter=50/500
[2026-05-26 13:37:57] progress sample_size=60 outer_iter=4/10 inner_iter=100/500
[2026-05-26 13:37:58] progress sample_size=60 outer_iter=4/10 inner_iter=150/500
[2026-05-26 13:37:59] progress sample_size=60 outer_iter=4/10 inner_iter=200/500
[2026-05-26 13:38:00] progress sample_size=60 outer_iter=4/10 inner_iter=250/500
[2026-05-26 13:38:01] progress sample_size=60 outer_iter=4/10 inner_iter=300/500
[2026-05-26 13:38:03] progress sample_size=60 outer_iter=4/10 inner_iter=350/500
[2026-05-26 13:38:04] progress sample_size=60 outer_iter=4/10 inner_iter=400/500
[2026-05-26 13:38:05] progress sample_size=60 outer_iter=4/10 inner_iter=450/500
[2026-05-26 13:38:06] progress sample_size=60 outer_iter=4/10 inner_iter=500/500
[2026-05-26 13:38:06] finished sample_size=60 outer_iter=4/10 inner_repetitions=500 in 11.31s
[2026-05-26 13:38:06] progress sample_size=60 outer_iter=5/10 inner_iter=1/500
[2026-05-26 13:38:07] progress sample_size=60 outer_iter=5/10 inner_iter=50/500
[2026-05-26 13:38:08] progress sample_size=60 outer_iter=5/10 inner_iter=100/500
[2026-05-26 13:38:10] progress sample_size=60 outer_iter=5/10 inner_iter=150/500
[2026-05-26 13:38:11] progress sample_size=60 outer_iter=5/10 inner_iter=200/500
[2026-05-26 13:38:12] progress sample_size=60 outer_iter=5/10 inner_iter=250/500
[2026-05-26 13:38:13] progress sample_size=60 outer_iter=5/10 inner_iter=300/500
[2026-05-26 13:38:14] progress sample_size=60 outer_iter=5/10 inner_iter=350/500
[2026-05-26 13:38:15] progress sample_size=60 outer_iter=5/10 inner_iter=400/500
[2026-05-26 13:38:16] progress sample_size=60 outer_iter=5/10 inner_iter=450/500
[2026-05-26 13:38:17] progress sample_size=60 outer_iter=5/10 inner_iter=500/500
[2026-05-26 13:38:18] finished sample_size=60 outer_iter=5/10 inner_repetitions=500 in 11.38s
[2026-05-26 13:38:18] progress sample_size=60 outer_iter=6/10 inner_iter=1/500
[2026-05-26 13:38:19] progress sample_size=60 outer_iter=6/10 inner_iter=50/500
[2026-05-26 13:38:20] progress sample_size=60 outer_iter=6/10 inner_iter=100/500
[2026-05-26 13:38:21] progress sample_size=60 outer_iter=6/10 inner_iter=150/500
[2026-05-26 13:38:22] progress sample_size=60 outer_iter=6/10 inner_iter=200/500
[2026-05-26 13:38:23] progress sample_size=60 outer_iter=6/10 inner_iter=250/500
[2026-05-26 13:38:24] progress sample_size=60 outer_iter=6/10 inner_iter=300/500
[2026-05-26 13:38:25] progress sample_size=60 outer_iter=6/10 inner_iter=350/500
[2026-05-26 13:38:26] progress sample_size=60 outer_iter=6/10 inner_iter=400/500
[2026-05-26 13:38:28] progress sample_size=60 outer_iter=6/10 inner_iter=450/500
[2026-05-26 13:38:29] progress sample_size=60 outer_iter=6/10 inner_iter=500/500
[2026-05-26 13:38:29] finished sample_size=60 outer_iter=6/10 inner_repetitions=500 in 11.46s
[2026-05-26 13:38:29] progress sample_size=60 outer_iter=7/10 inner_iter=1/500
[2026-05-26 13:38:30] progress sample_size=60 outer_iter=7/10 inner_iter=50/500
[2026-05-26 13:38:31] progress sample_size=60 outer_iter=7/10 inner_iter=100/500
[2026-05-26 13:38:32] progress sample_size=60 outer_iter=7/10 inner_iter=150/500
[2026-05-26 13:38:34] progress sample_size=60 outer_iter=7/10 inner_iter=200/500
[2026-05-26 13:38:35] progress sample_size=60 outer_iter=7/10 inner_iter=250/500
[2026-05-26 13:38:36] progress sample_size=60 outer_iter=7/10 inner_iter=300/500
[2026-05-26 13:38:37] progress sample_size=60 outer_iter=7/10 inner_iter=350/500
[2026-05-26 13:38:38] progress sample_size=60 outer_iter=7/10 inner_iter=400/500
[2026-05-26 13:38:39] progress sample_size=60 outer_iter=7/10 inner_iter=450/500
[2026-05-26 13:38:40] progress sample_size=60 outer_iter=7/10 inner_iter=500/500
[2026-05-26 13:38:41] finished sample_size=60 outer_iter=7/10 inner_repetitions=500 in 11.58s
[2026-05-26 13:38:41] progress sample_size=60 outer_iter=8/10 inner_iter=1/500
[2026-05-26 13:38:42] progress sample_size=60 outer_iter=8/10 inner_iter=50/500
[2026-05-26 13:38:43] progress sample_size=60 outer_iter=8/10 inner_iter=100/500
[2026-05-26 13:38:44] progress sample_size=60 outer_iter=8/10 inner_iter=150/500
[2026-05-26 13:38:45] progress sample_size=60 outer_iter=8/10 inner_iter=200/500
[2026-05-26 13:38:46] progress sample_size=60 outer_iter=8/10 inner_iter=250/500
[2026-05-26 13:38:47] progress sample_size=60 outer_iter=8/10 inner_iter=300/500
[2026-05-26 13:38:48] progress sample_size=60 outer_iter=8/10 inner_iter=350/500
[2026-05-26 13:38:49] progress sample_size=60 outer_iter=8/10 inner_iter=400/500
[2026-05-26 13:38:51] progress sample_size=60 outer_iter=8/10 inner_iter=450/500
[2026-05-26 13:38:52] progress sample_size=60 outer_iter=8/10 inner_iter=500/500
[2026-05-26 13:38:52] finished sample_size=60 outer_iter=8/10 inner_repetitions=500 in 11.45s
[2026-05-26 13:38:52] progress sample_size=60 outer_iter=9/10 inner_iter=1/500
[2026-05-26 13:38:53] progress sample_size=60 outer_iter=9/10 inner_iter=50/500
[2026-05-26 13:38:54] progress sample_size=60 outer_iter=9/10 inner_iter=100/500
[2026-05-26 13:38:55] progress sample_size=60 outer_iter=9/10 inner_iter=150/500
[2026-05-26 13:38:57] progress sample_size=60 outer_iter=9/10 inner_iter=200/500
[2026-05-26 13:38:58] progress sample_size=60 outer_iter=9/10 inner_iter=250/500
[2026-05-26 13:38:59] progress sample_size=60 outer_iter=9/10 inner_iter=300/500
[2026-05-26 13:39:00] progress sample_size=60 outer_iter=9/10 inner_iter=350/500
[2026-05-26 13:39:01] progress sample_size=60 outer_iter=9/10 inner_iter=400/500
[2026-05-26 13:39:02] progress sample_size=60 outer_iter=9/10 inner_iter=450/500
[2026-05-26 13:39:03] progress sample_size=60 outer_iter=9/10 inner_iter=500/500
[2026-05-26 13:39:04] finished sample_size=60 outer_iter=9/10 inner_repetitions=500 in 11.52s
[2026-05-26 13:39:04] progress sample_size=60 outer_iter=10/10 inner_iter=1/500
[2026-05-26 13:39:05] progress sample_size=60 outer_iter=10/10 inner_iter=50/500
[2026-05-26 13:39:06] progress sample_size=60 outer_iter=10/10 inner_iter=100/500
[2026-05-26 13:39:07] progress sample_size=60 outer_iter=10/10 inner_iter=150/500
[2026-05-26 13:39:08] progress sample_size=60 outer_iter=10/10 inner_iter=200/500
[2026-05-26 13:39:09] progress sample_size=60 outer_iter=10/10 inner_iter=250/500
[2026-05-26 13:39:10] progress sample_size=60 outer_iter=10/10 inner_iter=300/500
[2026-05-26 13:39:11] progress sample_size=60 outer_iter=10/10 inner_iter=350/500
[2026-05-26 13:39:12] progress sample_size=60 outer_iter=10/10 inner_iter=400/500
[2026-05-26 13:39:13] progress sample_size=60 outer_iter=10/10 inner_iter=450/500
[2026-05-26 13:39:14] progress sample_size=60 outer_iter=10/10 inner_iter=500/500
[2026-05-26 13:39:15] finished sample_size=60 outer_iter=10/10 inner_repetitions=500 in 11.37s
[2026-05-26 13:39:15] progress sample_size=120 outer_iter=1/10 inner_iter=1/500
[2026-05-26 13:39:18] progress sample_size=120 outer_iter=1/10 inner_iter=50/500
[2026-05-26 13:39:20] progress sample_size=120 outer_iter=1/10 inner_iter=100/500
[2026-05-26 13:39:23] progress sample_size=120 outer_iter=1/10 inner_iter=150/500
[2026-05-26 13:39:26] progress sample_size=120 outer_iter=1/10 inner_iter=200/500
[2026-05-26 13:39:29] progress sample_size=120 outer_iter=1/10 inner_iter=250/500
[2026-05-26 13:39:31] progress sample_size=120 outer_iter=1/10 inner_iter=300/500
[2026-05-26 13:39:34] progress sample_size=120 outer_iter=1/10 inner_iter=350/500
[2026-05-26 13:39:37] progress sample_size=120 outer_iter=1/10 inner_iter=400/500
[2026-05-26 13:39:39] progress sample_size=120 outer_iter=1/10 inner_iter=450/500
[2026-05-26 13:39:42] progress sample_size=120 outer_iter=1/10 inner_iter=500/500
[2026-05-26 13:39:43] finished sample_size=120 outer_iter=1/10 inner_repetitions=500 in 27.72s
[2026-05-26 13:39:43] progress sample_size=120 outer_iter=2/10 inner_iter=1/500
[2026-05-26 13:39:45] progress sample_size=120 outer_iter=2/10 inner_iter=50/500
[2026-05-26 13:39:48] progress sample_size=120 outer_iter=2/10 inner_iter=100/500
[2026-05-26 13:39:51] progress sample_size=120 outer_iter=2/10 inner_iter=150/500
[2026-05-26 13:39:53] progress sample_size=120 outer_iter=2/10 inner_iter=200/500
[2026-05-26 13:39:56] progress sample_size=120 outer_iter=2/10 inner_iter=250/500
[2026-05-26 13:39:59] progress sample_size=120 outer_iter=2/10 inner_iter=300/500
[2026-05-26 13:40:01] progress sample_size=120 outer_iter=2/10 inner_iter=350/500
[2026-05-26 13:40:04] progress sample_size=120 outer_iter=2/10 inner_iter=400/500
[2026-05-26 13:40:07] progress sample_size=120 outer_iter=2/10 inner_iter=450/500
[2026-05-26 13:40:09] progress sample_size=120 outer_iter=2/10 inner_iter=500/500
[2026-05-26 13:40:10] finished sample_size=120 outer_iter=2/10 inner_repetitions=500 in 27.13s
[2026-05-26 13:40:10] progress sample_size=120 outer_iter=3/10 inner_iter=1/500
[2026-05-26 13:40:13] progress sample_size=120 outer_iter=3/10 inner_iter=50/500
[2026-05-26 13:40:15] progress sample_size=120 outer_iter=3/10 inner_iter=100/500
[2026-05-26 13:40:18] progress sample_size=120 outer_iter=3/10 inner_iter=150/500
[2026-05-26 13:40:20] progress sample_size=120 outer_iter=3/10 inner_iter=200/500
[2026-05-26 13:40:23] progress sample_size=120 outer_iter=3/10 inner_iter=250/500
[2026-05-26 13:40:26] progress sample_size=120 outer_iter=3/10 inner_iter=300/500
[2026-05-26 13:40:28] progress sample_size=120 outer_iter=3/10 inner_iter=350/500
[2026-05-26 13:40:31] progress sample_size=120 outer_iter=3/10 inner_iter=400/500
[2026-05-26 13:40:34] progress sample_size=120 outer_iter=3/10 inner_iter=450/500
[2026-05-26 13:40:36] progress sample_size=120 outer_iter=3/10 inner_iter=500/500
[2026-05-26 13:40:37] finished sample_size=120 outer_iter=3/10 inner_repetitions=500 in 27.41s
[2026-05-26 13:40:37] progress sample_size=120 outer_iter=4/10 inner_iter=1/500
[2026-05-26 13:40:40] progress sample_size=120 outer_iter=4/10 inner_iter=50/500
[2026-05-26 13:40:43] progress sample_size=120 outer_iter=4/10 inner_iter=100/500
[2026-05-26 13:40:46] progress sample_size=120 outer_iter=4/10 inner_iter=150/500
[2026-05-26 13:40:48] progress sample_size=120 outer_iter=4/10 inner_iter=200/500
[2026-05-26 13:40:51] progress sample_size=120 outer_iter=4/10 inner_iter=250/500
[2026-05-26 13:40:54] progress sample_size=120 outer_iter=4/10 inner_iter=300/500
[2026-05-26 13:40:57] progress sample_size=120 outer_iter=4/10 inner_iter=350/500
[2026-05-26 13:41:00] progress sample_size=120 outer_iter=4/10 inner_iter=400/500
[2026-05-26 13:41:02] progress sample_size=120 outer_iter=4/10 inner_iter=450/500
[2026-05-26 13:41:05] progress sample_size=120 outer_iter=4/10 inner_iter=500/500
[2026-05-26 13:41:06] finished sample_size=120 outer_iter=4/10 inner_repetitions=500 in 28.53s
[2026-05-26 13:41:06] progress sample_size=120 outer_iter=5/10 inner_iter=1/500
[2026-05-26 13:41:09] progress sample_size=120 outer_iter=5/10 inner_iter=50/500
[2026-05-26 13:41:11] progress sample_size=120 outer_iter=5/10 inner_iter=100/500
[2026-05-26 13:41:14] progress sample_size=120 outer_iter=5/10 inner_iter=150/500
[2026-05-26 13:41:17] progress sample_size=120 outer_iter=5/10 inner_iter=200/500
[2026-05-26 13:41:20] progress sample_size=120 outer_iter=5/10 inner_iter=250/500
[2026-05-26 13:41:22] progress sample_size=120 outer_iter=5/10 inner_iter=300/500
[2026-05-26 13:41:25] progress sample_size=120 outer_iter=5/10 inner_iter=350/500
[2026-05-26 13:41:28] progress sample_size=120 outer_iter=5/10 inner_iter=400/500
[2026-05-26 13:41:31] progress sample_size=120 outer_iter=5/10 inner_iter=450/500
[2026-05-26 13:41:34] progress sample_size=120 outer_iter=5/10 inner_iter=500/500
[2026-05-26 13:41:34] finished sample_size=120 outer_iter=5/10 inner_repetitions=500 in 28.45s
[2026-05-26 13:41:34] progress sample_size=120 outer_iter=6/10 inner_iter=1/500
[2026-05-26 13:41:37] progress sample_size=120 outer_iter=6/10 inner_iter=50/500
[2026-05-26 13:41:40] progress sample_size=120 outer_iter=6/10 inner_iter=100/500
[2026-05-26 13:41:43] progress sample_size=120 outer_iter=6/10 inner_iter=150/500
[2026-05-26 13:41:45] progress sample_size=120 outer_iter=6/10 inner_iter=200/500
[2026-05-26 13:41:48] progress sample_size=120 outer_iter=6/10 inner_iter=250/500
[2026-05-26 13:41:51] progress sample_size=120 outer_iter=6/10 inner_iter=300/500
[2026-05-26 13:41:54] progress sample_size=120 outer_iter=6/10 inner_iter=350/500
[2026-05-26 13:41:57] progress sample_size=120 outer_iter=6/10 inner_iter=400/500
[2026-05-26 13:41:59] progress sample_size=120 outer_iter=6/10 inner_iter=450/500
[2026-05-26 13:42:02] progress sample_size=120 outer_iter=6/10 inner_iter=500/500
[2026-05-26 13:42:03] finished sample_size=120 outer_iter=6/10 inner_repetitions=500 in 28.57s
[2026-05-26 13:42:03] progress sample_size=120 outer_iter=7/10 inner_iter=1/500
[2026-05-26 13:42:06] progress sample_size=120 outer_iter=7/10 inner_iter=50/500
[2026-05-26 13:42:08] progress sample_size=120 outer_iter=7/10 inner_iter=100/500
[2026-05-26 13:42:11] progress sample_size=120 outer_iter=7/10 inner_iter=150/500
[2026-05-26 13:42:14] progress sample_size=120 outer_iter=7/10 inner_iter=200/500
[2026-05-26 13:42:17] progress sample_size=120 outer_iter=7/10 inner_iter=250/500
[2026-05-26 13:42:19] progress sample_size=120 outer_iter=7/10 inner_iter=300/500
[2026-05-26 13:42:22] progress sample_size=120 outer_iter=7/10 inner_iter=350/500
[2026-05-26 13:42:25] progress sample_size=120 outer_iter=7/10 inner_iter=400/500
[2026-05-26 13:42:28] progress sample_size=120 outer_iter=7/10 inner_iter=450/500
[2026-05-26 13:42:30] progress sample_size=120 outer_iter=7/10 inner_iter=500/500
[2026-05-26 13:42:31] finished sample_size=120 outer_iter=7/10 inner_repetitions=500 in 28.33s
[2026-05-26 13:42:31] progress sample_size=120 outer_iter=8/10 inner_iter=1/500
[2026-05-26 13:42:34] progress sample_size=120 outer_iter=8/10 inner_iter=50/500
[2026-05-26 13:42:37] progress sample_size=120 outer_iter=8/10 inner_iter=100/500
[2026-05-26 13:42:39] progress sample_size=120 outer_iter=8/10 inner_iter=150/500
[2026-05-26 13:42:42] progress sample_size=120 outer_iter=8/10 inner_iter=200/500
[2026-05-26 13:42:45] progress sample_size=120 outer_iter=8/10 inner_iter=250/500
[2026-05-26 13:42:48] progress sample_size=120 outer_iter=8/10 inner_iter=300/500
[2026-05-26 13:42:50] progress sample_size=120 outer_iter=8/10 inner_iter=350/500
[2026-05-26 13:42:53] progress sample_size=120 outer_iter=8/10 inner_iter=400/500
[2026-05-26 13:42:56] progress sample_size=120 outer_iter=8/10 inner_iter=450/500
[2026-05-26 13:42:59] progress sample_size=120 outer_iter=8/10 inner_iter=500/500
[2026-05-26 13:43:00] finished sample_size=120 outer_iter=8/10 inner_repetitions=500 in 28.38s
[2026-05-26 13:43:00] progress sample_size=120 outer_iter=9/10 inner_iter=1/500
[2026-05-26 13:43:02] progress sample_size=120 outer_iter=9/10 inner_iter=50/500
[2026-05-26 13:43:05] progress sample_size=120 outer_iter=9/10 inner_iter=100/500
[2026-05-26 13:43:08] progress sample_size=120 outer_iter=9/10 inner_iter=150/500
[2026-05-26 13:43:11] progress sample_size=120 outer_iter=9/10 inner_iter=200/500
[2026-05-26 13:43:13] progress sample_size=120 outer_iter=9/10 inner_iter=250/500
[2026-05-26 13:43:16] progress sample_size=120 outer_iter=9/10 inner_iter=300/500
[2026-05-26 13:43:19] progress sample_size=120 outer_iter=9/10 inner_iter=350/500
[2026-05-26 13:43:22] progress sample_size=120 outer_iter=9/10 inner_iter=400/500
[2026-05-26 13:43:24] progress sample_size=120 outer_iter=9/10 inner_iter=450/500
[2026-05-26 13:43:27] progress sample_size=120 outer_iter=9/10 inner_iter=500/500
[2026-05-26 13:43:28] finished sample_size=120 outer_iter=9/10 inner_repetitions=500 in 28.39s
[2026-05-26 13:43:28] progress sample_size=120 outer_iter=10/10 inner_iter=1/500
[2026-05-26 13:43:31] progress sample_size=120 outer_iter=10/10 inner_iter=50/500
[2026-05-26 13:43:33] progress sample_size=120 outer_iter=10/10 inner_iter=100/500
[2026-05-26 13:43:36] progress sample_size=120 outer_iter=10/10 inner_iter=150/500
[2026-05-26 13:43:39] progress sample_size=120 outer_iter=10/10 inner_iter=200/500
[2026-05-26 13:43:42] progress sample_size=120 outer_iter=10/10 inner_iter=250/500
[2026-05-26 13:43:44] progress sample_size=120 outer_iter=10/10 inner_iter=300/500
[2026-05-26 13:43:47] progress sample_size=120 outer_iter=10/10 inner_iter=350/500
[2026-05-26 13:43:50] progress sample_size=120 outer_iter=10/10 inner_iter=400/500
[2026-05-26 13:43:53] progress sample_size=120 outer_iter=10/10 inner_iter=450/500
[2026-05-26 13:43:55] progress sample_size=120 outer_iter=10/10 inner_iter=500/500
[2026-05-26 13:43:56] finished sample_size=120 outer_iter=10/10 inner_repetitions=500 in 28.38s
[2026-05-26 13:43:57] Phase 5 Type-I run complete
