PathMNIST CNN training started
{"architecture": "Conv2d(3,32,3,pad=1)-ReLU-MaxPool; Conv2d(32,64,3,pad=1)-ReLU-MaxPool; GAP; Linear(64,128)-ReLU; Linear(128,9)", "augmentation": "none", "batch_size": 256, "checkpoint_selection": "best validation accuracy", "cuda_visible_devices": "6", "data_path": "/home/dechao/kernel_two-sample/dechao_reproduction/medmnist_pathmnist28/data/pathmnist.npz", "dataset": "PathMNIST-28", "device": "cuda", "embedding_names": ["layer1_gap", "layer2_gap", "final_fc128"], "epochs": 30, "learning_rate": 0.001, "loss": "CrossEntropyLoss", "normalization": "none beyond division by 255", "optimizer": "Adam", "pixel_scale": "RGB float in [0, 1]", "scheduler": "StepLR(step_size=8, gamma=0.5)", "seed": 2026, "test_shape": [7180, 3, 28, 28], "train_shape": [89996, 3, 28, 28], "val_shape": [10004, 3, 28, 28]}
[train] epoch=01 train_loss=1.552918 train_acc=0.4326 val_loss=1.196741 val_acc=0.5584 lr=0.001 device=cuda
[train] epoch=02 train_loss=1.078232 train_acc=0.5962 val_loss=1.000934 val_acc=0.6376 lr=0.001 device=cuda
[train] epoch=03 train_loss=0.950305 train_acc=0.6479 val_loss=0.927285 val_acc=0.6487 lr=0.001 device=cuda
[train] epoch=04 train_loss=0.878360 train_acc=0.6735 val_loss=0.875669 val_acc=0.6703 lr=0.001 device=cuda
[train] epoch=05 train_loss=0.833839 train_acc=0.6894 val_loss=0.804823 val_acc=0.7037 lr=0.001 device=cuda
[train] epoch=06 train_loss=0.792153 train_acc=0.7089 val_loss=0.762680 val_acc=0.7241 lr=0.001 device=cuda
[train] epoch=07 train_loss=0.741792 train_acc=0.7320 val_loss=0.729275 val_acc=0.7342 lr=0.001 device=cuda
[train] epoch=08 train_loss=0.709977 train_acc=0.7450 val_loss=0.786263 val_acc=0.7084 lr=0.001 device=cuda
[train] epoch=09 train_loss=0.664094 train_acc=0.7653 val_loss=0.649502 val_acc=0.7677 lr=0.0005 device=cuda
[train] epoch=10 train_loss=0.653672 train_acc=0.7692 val_loss=0.645148 val_acc=0.7722 lr=0.0005 device=cuda
[train] epoch=11 train_loss=0.643842 train_acc=0.7715 val_loss=0.627164 val_acc=0.7783 lr=0.0005 device=cuda
[train] epoch=12 train_loss=0.631842 train_acc=0.7764 val_loss=0.668395 val_acc=0.7512 lr=0.0005 device=cuda
[train] epoch=13 train_loss=0.624226 train_acc=0.7779 val_loss=0.614872 val_acc=0.7825 lr=0.0005 device=cuda
[train] epoch=14 train_loss=0.616162 train_acc=0.7817 val_loss=0.641439 val_acc=0.7680 lr=0.0005 device=cuda
[train] epoch=15 train_loss=0.609215 train_acc=0.7841 val_loss=0.596305 val_acc=0.7882 lr=0.0005 device=cuda
[train] epoch=16 train_loss=0.598004 train_acc=0.7879 val_loss=0.639979 val_acc=0.7690 lr=0.0005 device=cuda
[train] epoch=17 train_loss=0.585131 train_acc=0.7930 val_loss=0.588399 val_acc=0.7923 lr=0.00025 device=cuda
[train] epoch=18 train_loss=0.578190 train_acc=0.7954 val_loss=0.579734 val_acc=0.7903 lr=0.00025 device=cuda
[train] epoch=19 train_loss=0.578862 train_acc=0.7946 val_loss=0.574461 val_acc=0.7954 lr=0.00025 device=cuda
[train] epoch=20 train_loss=0.575976 train_acc=0.7961 val_loss=0.575146 val_acc=0.7970 lr=0.00025 device=cuda
[train] epoch=21 train_loss=0.569813 train_acc=0.7980 val_loss=0.572039 val_acc=0.7995 lr=0.00025 device=cuda
[train] epoch=22 train_loss=0.566519 train_acc=0.7999 val_loss=0.573888 val_acc=0.7976 lr=0.00025 device=cuda
[train] epoch=23 train_loss=0.563015 train_acc=0.8006 val_loss=0.595809 val_acc=0.7869 lr=0.00025 device=cuda
[train] epoch=24 train_loss=0.566633 train_acc=0.7986 val_loss=0.555561 val_acc=0.8015 lr=0.00025 device=cuda
[train] epoch=25 train_loss=0.549941 train_acc=0.8060 val_loss=0.554106 val_acc=0.8018 lr=0.000125 device=cuda
[train] epoch=26 train_loss=0.549645 train_acc=0.8053 val_loss=0.546962 val_acc=0.8055 lr=0.000125 device=cuda
[train] epoch=27 train_loss=0.549767 train_acc=0.8054 val_loss=0.546864 val_acc=0.8050 lr=0.000125 device=cuda
[train] epoch=28 train_loss=0.547031 train_acc=0.8058 val_loss=0.548890 val_acc=0.8045 lr=0.000125 device=cuda
[train] epoch=29 train_loss=0.544064 train_acc=0.8067 val_loss=0.543425 val_acc=0.8041 lr=0.000125 device=cuda
[train] epoch=30 train_loss=0.543920 train_acc=0.8072 val_loss=0.558846 val_acc=0.7972 lr=0.000125 device=cuda
[done] best_epoch=26 best_val_acc=0.8055 test_acc=0.7936
PathMNIST CNN training resumed
{"architecture": "Conv2d(3,32,3,pad=1)-ReLU-MaxPool; Conv2d(32,64,3,pad=1)-ReLU-MaxPool; GAP; Linear(64,128)-ReLU; Linear(128,9)", "augmentation": "none", "batch_size": 256, "checkpoint_selection": "best validation accuracy", "cuda_visible_devices": "6", "data_path": "/home/dechao/kernel_two-sample/dechao_reproduction/medmnist_pathmnist28/data/pathmnist.npz", "dataset": "PathMNIST-28", "device": "cuda", "embedding_names": ["layer1_gap", "layer2_gap", "final_fc128"], "end_epoch": 50, "epochs_requested": 20, "learning_rate": 0.0005, "loss": "CrossEntropyLoss", "normalization": "none beyond division by 255", "optimizer": "Adam", "pixel_scale": "RGB float in [0, 1]", "resume_from_checkpoint": true, "scheduler": "StepLR(step_size=8, gamma=0.5)", "seed": 2026, "start_epoch": 30, "test_shape": [7180, 3, 28, 28], "train_shape": [89996, 3, 28, 28], "val_shape": [10004, 3, 28, 28]}
[train] epoch=31 train_loss=0.576333 train_acc=0.7972 val_loss=0.587721 val_acc=0.7899 lr=0.0005 device=cuda
[train] epoch=32 train_loss=0.563060 train_acc=0.7995 val_loss=0.584788 val_acc=0.7912 lr=0.0005 device=cuda
[train] epoch=33 train_loss=0.557493 train_acc=0.8010 val_loss=0.550831 val_acc=0.8021 lr=0.0005 device=cuda
[train] epoch=34 train_loss=0.549173 train_acc=0.8041 val_loss=0.548151 val_acc=0.8007 lr=0.0005 device=cuda
[train] epoch=35 train_loss=0.551073 train_acc=0.8025 val_loss=0.545477 val_acc=0.8029 lr=0.0005 device=cuda
[train] epoch=36 train_loss=0.542655 train_acc=0.8066 val_loss=0.541522 val_acc=0.8049 lr=0.0005 device=cuda
[train] epoch=37 train_loss=0.540305 train_acc=0.8057 val_loss=0.531962 val_acc=0.8088 lr=0.0005 device=cuda
[train] epoch=38 train_loss=0.535474 train_acc=0.8091 val_loss=0.532265 val_acc=0.8073 lr=0.0005 device=cuda
[train] epoch=39 train_loss=0.520764 train_acc=0.8145 val_loss=0.518436 val_acc=0.8141 lr=0.00025 device=cuda
[train] epoch=40 train_loss=0.517504 train_acc=0.8156 val_loss=0.525768 val_acc=0.8114 lr=0.00025 device=cuda
[train] epoch=41 train_loss=0.516791 train_acc=0.8160 val_loss=0.522944 val_acc=0.8145 lr=0.00025 device=cuda
[train] epoch=42 train_loss=0.512639 train_acc=0.8172 val_loss=0.519828 val_acc=0.8104 lr=0.00025 device=cuda
[train] epoch=43 train_loss=0.510407 train_acc=0.8178 val_loss=0.501868 val_acc=0.8235 lr=0.00025 device=cuda
[train] epoch=44 train_loss=0.507316 train_acc=0.8191 val_loss=0.511494 val_acc=0.8187 lr=0.00025 device=cuda
[train] epoch=45 train_loss=0.508900 train_acc=0.8189 val_loss=0.495727 val_acc=0.8259 lr=0.00025 device=cuda
[train] epoch=46 train_loss=0.501769 train_acc=0.8211 val_loss=0.510958 val_acc=0.8185 lr=0.00025 device=cuda
[train] epoch=47 train_loss=0.494290 train_acc=0.8242 val_loss=0.493932 val_acc=0.8258 lr=0.000125 device=cuda
[train] epoch=48 train_loss=0.493044 train_acc=0.8238 val_loss=0.497932 val_acc=0.8231 lr=0.000125 device=cuda
[train] epoch=49 train_loss=0.492033 train_acc=0.8255 val_loss=0.503406 val_acc=0.8211 lr=0.000125 device=cuda
PathMNIST CNN training resumed
{"architecture": "Conv2d(3,32,3,pad=1)-ReLU-MaxPool; Conv2d(32,64,3,pad=1)-ReLU-MaxPool; GAP; Linear(64,128)-ReLU; Linear(128,9)", "augmentation": "none", "batch_size": 256, "checkpoint_selection": "best validation accuracy", "cuda_visible_devices": "6", "data_path": "/home/dechao/kernel_two-sample/dechao_reproduction/medmnist_pathmnist28/data/pathmnist.npz", "dataset": "PathMNIST-28", "device": "cuda", "embedding_names": ["layer1_gap", "layer2_gap", "final_fc128"], "end_epoch": 45, "epochs_requested": 15, "learning_rate": 0.001, "loss": "CrossEntropyLoss", "normalization": "none beyond division by 255", "optimizer": "Adam", "pixel_scale": "RGB float in [0, 1]", "resume_from_checkpoint": true, "scheduler": "none", "seed": 2026, "start_epoch": 30, "test_shape": [7180, 3, 28, 28], "train_shape": [89996, 3, 28, 28], "val_shape": [10004, 3, 28, 28]}
[train] epoch=31 train_loss=0.638150 train_acc=0.7845 val_loss=0.563963 val_acc=0.7944 lr=0.001 device=cuda
[train] epoch=32 train_loss=0.571901 train_acc=0.7951 val_loss=0.610341 val_acc=0.7778 lr=0.001 device=cuda
[train] epoch=33 train_loss=0.575600 train_acc=0.7935 val_loss=0.578377 val_acc=0.7934 lr=0.001 device=cuda
[train] epoch=34 train_loss=0.561261 train_acc=0.7987 val_loss=0.560649 val_acc=0.8020 lr=0.001 device=cuda
[train] epoch=35 train_loss=0.563253 train_acc=0.7973 val_loss=0.555748 val_acc=0.8012 lr=0.001 device=cuda
[train] epoch=36 train_loss=0.556120 train_acc=0.7994 val_loss=0.527809 val_acc=0.8134 lr=0.001 device=cuda
[train] epoch=37 train_loss=0.545255 train_acc=0.8026 val_loss=0.514953 val_acc=0.8176 lr=0.001 device=cuda
[train] epoch=38 train_loss=0.537409 train_acc=0.8073 val_loss=0.574376 val_acc=0.7884 lr=0.001 device=cuda
[train] epoch=39 train_loss=0.551873 train_acc=0.7995 val_loss=0.539157 val_acc=0.8047 lr=0.001 device=cuda
[train] epoch=40 train_loss=0.524551 train_acc=0.8113 val_loss=0.511692 val_acc=0.8177 lr=0.001 device=cuda
[train] epoch=41 train_loss=0.519843 train_acc=0.8125 val_loss=0.497861 val_acc=0.8206 lr=0.001 device=cuda
[train] epoch=42 train_loss=0.512299 train_acc=0.8152 val_loss=0.496198 val_acc=0.8210 lr=0.001 device=cuda
[train] epoch=43 train_loss=0.509549 train_acc=0.8166 val_loss=0.524208 val_acc=0.8109 lr=0.001 device=cuda
[train] epoch=44 train_loss=0.501025 train_acc=0.8193 val_loss=0.525719 val_acc=0.8133 lr=0.001 device=cuda
[train] epoch=45 train_loss=0.493374 train_acc=0.8227 val_loss=0.534146 val_acc=0.8076 lr=0.001 device=cuda
[done] best_epoch=42 best_val_acc=0.8210 test_acc=0.7928
PathMNIST CNN training resumed
{"architecture": "Conv2d(3,32,3,pad=1)-ReLU-MaxPool; Conv2d(32,64,3,pad=1)-ReLU-MaxPool; GAP; Linear(64,128)-ReLU; Linear(128,9)", "augmentation": "none", "batch_size": 256, "checkpoint_selection": "best validation accuracy", "cuda_visible_devices": "6", "data_path": "/home/dechao/kernel_two-sample/dechao_reproduction/medmnist_pathmnist28/data/pathmnist.npz", "dataset": "PathMNIST-28", "device": "cuda", "embedding_names": ["layer1_gap", "layer2_gap", "final_fc128"], "end_epoch": 60, "epochs_requested": 15, "learning_rate": 0.0005, "loss": "CrossEntropyLoss", "normalization": "none beyond division by 255", "optimizer": "Adam", "pixel_scale": "RGB float in [0, 1]", "resume_from_checkpoint": true, "scheduler": "none", "seed": 2026, "start_epoch": 45, "test_shape": [7180, 3, 28, 28], "train_shape": [89996, 3, 28, 28], "val_shape": [10004, 3, 28, 28]}
[train] epoch=46 train_loss=0.491048 train_acc=0.8249 val_loss=0.495196 val_acc=0.8256 lr=0.0005 device=cuda
[train] epoch=47 train_loss=0.489562 train_acc=0.8242 val_loss=0.492567 val_acc=0.8216 lr=0.0005 device=cuda
[train] epoch=48 train_loss=0.480517 train_acc=0.8279 val_loss=0.480469 val_acc=0.8295 lr=0.0005 device=cuda
[train] epoch=49 train_loss=0.472490 train_acc=0.8298 val_loss=0.479809 val_acc=0.8251 lr=0.0005 device=cuda
[train] epoch=50 train_loss=0.477172 train_acc=0.8285 val_loss=0.480387 val_acc=0.8268 lr=0.0005 device=cuda
[train] epoch=51 train_loss=0.468068 train_acc=0.8323 val_loss=0.454267 val_acc=0.8376 lr=0.0005 device=cuda
[train] epoch=52 train_loss=0.467709 train_acc=0.8324 val_loss=0.471279 val_acc=0.8261 lr=0.0005 device=cuda
[train] epoch=53 train_loss=0.461189 train_acc=0.8355 val_loss=0.465611 val_acc=0.8321 lr=0.0005 device=cuda
[train] epoch=54 train_loss=0.464970 train_acc=0.8334 val_loss=0.472749 val_acc=0.8326 lr=0.0005 device=cuda
[train] epoch=55 train_loss=0.452675 train_acc=0.8389 val_loss=0.447035 val_acc=0.8413 lr=0.0005 device=cuda
[train] epoch=56 train_loss=0.450638 train_acc=0.8392 val_loss=0.442336 val_acc=0.8466 lr=0.0005 device=cuda
[train] epoch=57 train_loss=0.447900 train_acc=0.8404 val_loss=0.431042 val_acc=0.8462 lr=0.0005 device=cuda
[train] epoch=58 train_loss=0.451446 train_acc=0.8389 val_loss=0.436320 val_acc=0.8448 lr=0.0005 device=cuda
[train] epoch=59 train_loss=0.438990 train_acc=0.8435 val_loss=0.445564 val_acc=0.8422 lr=0.0005 device=cuda
[train] epoch=60 train_loss=0.441371 train_acc=0.8421 val_loss=0.424897 val_acc=0.8473 lr=0.0005 device=cuda
[done] best_epoch=60 best_val_acc=0.8473 test_acc=0.7962
PathMNIST CNN training resumed
{"architecture": "Conv2d(3,32,3,pad=1)-ReLU-MaxPool; Conv2d(32,64,3,pad=1)-ReLU-MaxPool; GAP; Linear(64,128)-ReLU; Linear(128,9)", "augmentation": "none", "batch_size": 256, "checkpoint_selection": "best validation accuracy", "cuda_visible_devices": "6", "data_path": "/home/dechao/kernel_two-sample/dechao_reproduction/medmnist_pathmnist28/data/pathmnist.npz", "dataset": "PathMNIST-28", "device": "cuda", "embedding_names": ["layer1_gap", "layer2_gap", "final_fc128"], "end_epoch": 80, "epochs_requested": 20, "learning_rate": 0.0005, "loss": "CrossEntropyLoss", "normalization": "none beyond division by 255", "optimizer": "Adam", "pixel_scale": "RGB float in [0, 1]", "resume_from_checkpoint": true, "scheduler": "none", "seed": 2026, "start_epoch": 60, "test_shape": [7180, 3, 28, 28], "train_shape": [89996, 3, 28, 28], "val_shape": [10004, 3, 28, 28]}
[train] epoch=61 train_loss=0.441840 train_acc=0.8432 val_loss=0.453889 val_acc=0.8392 lr=0.0005 device=cuda
[train] epoch=62 train_loss=0.437536 train_acc=0.8432 val_loss=0.439358 val_acc=0.8397 lr=0.0005 device=cuda
[train] epoch=63 train_loss=0.432107 train_acc=0.8456 val_loss=0.421101 val_acc=0.8518 lr=0.0005 device=cuda
[train] epoch=64 train_loss=0.424418 train_acc=0.8482 val_loss=0.446797 val_acc=0.8347 lr=0.0005 device=cuda
[train] epoch=65 train_loss=0.431557 train_acc=0.8461 val_loss=0.433810 val_acc=0.8453 lr=0.0005 device=cuda
[train] epoch=66 train_loss=0.423053 train_acc=0.8494 val_loss=0.413194 val_acc=0.8538 lr=0.0005 device=cuda
[train] epoch=67 train_loss=0.423242 train_acc=0.8496 val_loss=0.423942 val_acc=0.8449 lr=0.0005 device=cuda
[train] epoch=68 train_loss=0.417259 train_acc=0.8514 val_loss=0.423800 val_acc=0.8492 lr=0.0005 device=cuda
[train] epoch=69 train_loss=0.419119 train_acc=0.8502 val_loss=0.421502 val_acc=0.8500 lr=0.0005 device=cuda
[train] epoch=70 train_loss=0.411271 train_acc=0.8543 val_loss=0.398563 val_acc=0.8592 lr=0.0005 device=cuda
[train] epoch=71 train_loss=0.410267 train_acc=0.8537 val_loss=0.403830 val_acc=0.8575 lr=0.0005 device=cuda
[train] epoch=72 train_loss=0.406571 train_acc=0.8551 val_loss=0.400196 val_acc=0.8607 lr=0.0005 device=cuda
[train] epoch=73 train_loss=0.411622 train_acc=0.8536 val_loss=0.399855 val_acc=0.8595 lr=0.0005 device=cuda
[train] epoch=74 train_loss=0.399786 train_acc=0.8575 val_loss=0.405007 val_acc=0.8574 lr=0.0005 device=cuda
[train] epoch=75 train_loss=0.402717 train_acc=0.8570 val_loss=0.386130 val_acc=0.8636 lr=0.0005 device=cuda
[train] epoch=76 train_loss=0.398711 train_acc=0.8579 val_loss=0.422123 val_acc=0.8498 lr=0.0005 device=cuda
[train] epoch=77 train_loss=0.404059 train_acc=0.8555 val_loss=0.425993 val_acc=0.8443 lr=0.0005 device=cuda
[train] epoch=78 train_loss=0.394800 train_acc=0.8599 val_loss=0.420417 val_acc=0.8483 lr=0.0005 device=cuda
[train] epoch=79 train_loss=0.391288 train_acc=0.8604 val_loss=0.401251 val_acc=0.8584 lr=0.0005 device=cuda
[train] epoch=80 train_loss=0.391994 train_acc=0.8602 val_loss=0.385568 val_acc=0.8627 lr=0.0005 device=cuda
[done] best_epoch=75 best_val_acc=0.8636 test_acc=0.8025
PathMNIST CNN training resumed
{"architecture": "Conv2d(3,32,3,pad=1)-ReLU-MaxPool; Conv2d(32,64,3,pad=1)-ReLU-MaxPool; GAP; Linear(64,128)-ReLU; Linear(128,9)", "augmentation": "none", "batch_size": 256, "checkpoint_selection": "best validation accuracy", "cuda_visible_devices": "6", "data_path": "/home/dechao/kernel_two-sample/dechao_reproduction/medmnist_pathmnist28/data/pathmnist.npz", "dataset": "PathMNIST-28", "device": "cuda", "embedding_names": ["layer1_gap", "layer2_gap", "final_fc128"], "end_epoch": 100, "epochs_requested": 20, "learning_rate": 0.0003, "loss": "CrossEntropyLoss", "normalization": "none beyond division by 255", "optimizer": "Adam", "pixel_scale": "RGB float in [0, 1]", "resume_from_checkpoint": true, "scheduler": "none", "seed": 2026, "start_epoch": 80, "test_shape": [7180, 3, 28, 28], "train_shape": [89996, 3, 28, 28], "val_shape": [10004, 3, 28, 28]}
[train] epoch=81 train_loss=0.390381 train_acc=0.8625 val_loss=0.385045 val_acc=0.8670 lr=0.0003 device=cuda
[train] epoch=82 train_loss=0.390287 train_acc=0.8621 val_loss=0.381656 val_acc=0.8654 lr=0.0003 device=cuda
[train] epoch=83 train_loss=0.389813 train_acc=0.8614 val_loss=0.385715 val_acc=0.8653 lr=0.0003 device=cuda
[train] epoch=84 train_loss=0.384812 train_acc=0.8640 val_loss=0.380652 val_acc=0.8658 lr=0.0003 device=cuda
[train] epoch=85 train_loss=0.384015 train_acc=0.8639 val_loss=0.383230 val_acc=0.8657 lr=0.0003 device=cuda
[train] epoch=86 train_loss=0.384362 train_acc=0.8639 val_loss=0.377421 val_acc=0.8669 lr=0.0003 device=cuda
[train] epoch=87 train_loss=0.380367 train_acc=0.8657 val_loss=0.388250 val_acc=0.8595 lr=0.0003 device=cuda
[train] epoch=88 train_loss=0.380587 train_acc=0.8656 val_loss=0.375013 val_acc=0.8660 lr=0.0003 device=cuda
[train] epoch=89 train_loss=0.378565 train_acc=0.8659 val_loss=0.368808 val_acc=0.8711 lr=0.0003 device=cuda
[train] epoch=90 train_loss=0.375781 train_acc=0.8671 val_loss=0.388299 val_acc=0.8580 lr=0.0003 device=cuda
[train] epoch=91 train_loss=0.374359 train_acc=0.8668 val_loss=0.380450 val_acc=0.8666 lr=0.0003 device=cuda
[train] epoch=92 train_loss=0.372203 train_acc=0.8689 val_loss=0.371662 val_acc=0.8685 lr=0.0003 device=cuda
[train] epoch=93 train_loss=0.371783 train_acc=0.8690 val_loss=0.375124 val_acc=0.8667 lr=0.0003 device=cuda
[train] epoch=94 train_loss=0.368192 train_acc=0.8700 val_loss=0.379861 val_acc=0.8647 lr=0.0003 device=cuda
[train] epoch=95 train_loss=0.370850 train_acc=0.8686 val_loss=0.363033 val_acc=0.8692 lr=0.0003 device=cuda
[train] epoch=96 train_loss=0.365725 train_acc=0.8713 val_loss=0.376383 val_acc=0.8663 lr=0.0003 device=cuda
[train] epoch=97 train_loss=0.368797 train_acc=0.8703 val_loss=0.364728 val_acc=0.8723 lr=0.0003 device=cuda
[train] epoch=98 train_loss=0.364903 train_acc=0.8714 val_loss=0.357402 val_acc=0.8735 lr=0.0003 device=cuda
[train] epoch=99 train_loss=0.365181 train_acc=0.8710 val_loss=0.362692 val_acc=0.8717 lr=0.0003 device=cuda
[train] epoch=100 train_loss=0.362257 train_acc=0.8726 val_loss=0.383893 val_acc=0.8630 lr=0.0003 device=cuda
[done] best_epoch=98 best_val_acc=0.8735 test_acc=0.8111
PathMNIST CNN training resumed
{"architecture": "Conv2d(3,32,3,pad=1)-ReLU-MaxPool; Conv2d(32,64,3,pad=1)-ReLU-MaxPool; GAP; Linear(64,128)-ReLU; Linear(128,9)", "augmentation": "none", "batch_size": 256, "checkpoint_selection": "best validation accuracy", "cuda_visible_devices": "6", "data_path": "/home/dechao/kernel_two-sample/dechao_reproduction/medmnist_pathmnist28/data/pathmnist.npz", "dataset": "PathMNIST-28", "device": "cuda", "early_stop_patience": 8, "embedding_names": ["layer1_gap", "layer2_gap", "final_fc128"], "end_epoch": 140, "epochs_requested": 40, "learning_rate": 0.0003, "loss": "CrossEntropyLoss", "min_lr": 1e-05, "normalization": "none beyond division by 255", "optimizer": "Adam", "pixel_scale": "RGB float in [0, 1]", "plateau_factor": 0.5, "plateau_patience": 3, "resume_from_checkpoint": true, "scheduler": "plateau", "seed": 2026, "start_epoch": 100, "test_shape": [7180, 3, 28, 28], "train_shape": [89996, 3, 28, 28], "val_shape": [10004, 3, 28, 28]}
[train] epoch=101 train_loss=0.363568 train_acc=0.8714 val_loss=0.359939 val_acc=0.8738 lr=0.0003 device=cuda
[train] epoch=102 train_loss=0.365329 train_acc=0.8719 val_loss=0.359101 val_acc=0.8753 lr=0.0003 device=cuda
[train] epoch=103 train_loss=0.364229 train_acc=0.8704 val_loss=0.377589 val_acc=0.8654 lr=0.0003 device=cuda
[train] epoch=104 train_loss=0.359741 train_acc=0.8727 val_loss=0.359782 val_acc=0.8730 lr=0.0003 device=cuda
[train] epoch=105 train_loss=0.357950 train_acc=0.8734 val_loss=0.357905 val_acc=0.8751 lr=0.0003 device=cuda
[train] epoch=106 train_loss=0.360268 train_acc=0.8719 val_loss=0.356989 val_acc=0.8728 lr=0.0003 device=cuda
[train] epoch=107 train_loss=0.345691 train_acc=0.8782 val_loss=0.360047 val_acc=0.8695 lr=0.00015 device=cuda
[train] epoch=108 train_loss=0.345299 train_acc=0.8793 val_loss=0.349170 val_acc=0.8789 lr=0.00015 device=cuda
[train] epoch=109 train_loss=0.344590 train_acc=0.8792 val_loss=0.343997 val_acc=0.8783 lr=0.00015 device=cuda
[train] epoch=110 train_loss=0.344560 train_acc=0.8790 val_loss=0.354885 val_acc=0.8721 lr=0.00015 device=cuda
[train] epoch=111 train_loss=0.345213 train_acc=0.8778 val_loss=0.359056 val_acc=0.8731 lr=0.00015 device=cuda
[train] epoch=112 train_loss=0.342855 train_acc=0.8795 val_loss=0.353084 val_acc=0.8752 lr=0.00015 device=cuda
[train] epoch=113 train_loss=0.337234 train_acc=0.8820 val_loss=0.343089 val_acc=0.8782 lr=7.5e-05 device=cuda
[train] epoch=114 train_loss=0.337034 train_acc=0.8820 val_loss=0.338428 val_acc=0.8808 lr=7.5e-05 device=cuda
[train] epoch=115 train_loss=0.336256 train_acc=0.8831 val_loss=0.343217 val_acc=0.8802 lr=7.5e-05 device=cuda
[train] epoch=116 train_loss=0.336396 train_acc=0.8829 val_loss=0.340729 val_acc=0.8808 lr=7.5e-05 device=cuda
[train] epoch=117 train_loss=0.335745 train_acc=0.8827 val_loss=0.337005 val_acc=0.8814 lr=7.5e-05 device=cuda
[train] epoch=118 train_loss=0.334867 train_acc=0.8834 val_loss=0.336769 val_acc=0.8830 lr=7.5e-05 device=cuda
[train] epoch=119 train_loss=0.335565 train_acc=0.8834 val_loss=0.336532 val_acc=0.8830 lr=7.5e-05 device=cuda
[train] epoch=120 train_loss=0.334377 train_acc=0.8826 val_loss=0.335751 val_acc=0.8826 lr=7.5e-05 device=cuda
[train] epoch=121 train_loss=0.334768 train_acc=0.8831 val_loss=0.343975 val_acc=0.8789 lr=7.5e-05 device=cuda
[train] epoch=122 train_loss=0.333759 train_acc=0.8832 val_loss=0.335316 val_acc=0.8819 lr=7.5e-05 device=cuda
[train] epoch=123 train_loss=0.330674 train_acc=0.8848 val_loss=0.333267 val_acc=0.8824 lr=3.75e-05 device=cuda
[train] epoch=124 train_loss=0.330702 train_acc=0.8846 val_loss=0.335703 val_acc=0.8820 lr=3.75e-05 device=cuda
[train] epoch=125 train_loss=0.329460 train_acc=0.8854 val_loss=0.335726 val_acc=0.8825 lr=3.75e-05 device=cuda
[train] epoch=126 train_loss=0.329664 train_acc=0.8848 val_loss=0.333807 val_acc=0.8827 lr=3.75e-05 device=cuda
[early-stop] epoch=126 no_val_acc_improvement_epochs=8 best_epoch=118 best_val_acc=0.8830
[done] best_epoch=118 best_val_acc=0.8830 test_acc=0.8092
