Type-I equivalence check: sigma=0.400, n_rep=2, B_boot=10
scenario set123_vs_set123
  single LAP rep 1: pass=TRUE mmd=0.000e+00 cutoff=0.000e+00 reject_diff=0
  single LAP rep 2: pass=TRUE mmd=0.000e+00 cutoff=0.000e+00 reject_diff=0
  single GAUSS rep 1: pass=TRUE mmd=0.000e+00 cutoff=0.000e+00 reject_diff=0
  single GAUSS rep 2: pass=TRUE mmd=0.000e+00 cutoff=0.000e+00 reject_diff=0
  multi LAP rep 1: pass=TRUE mmd=0.000e+00 sigma=0.000e+00 cutoff=1.032e-10 reject_diff=0
  multi LAP rep 2: pass=TRUE mmd=0.000e+00 sigma=0.000e+00 cutoff=1.311e-11 reject_diff=0
  multi GEXP rep 1: pass=TRUE mmd=0.000e+00 sigma=0.000e+00 cutoff=6.573e-13 reject_diff=0
  multi GEXP rep 2: pass=TRUE mmd=0.000e+00 sigma=0.000e+00 cutoff=8.327e-11 reject_diff=0
  multi MIXED rep 1: pass=TRUE mmd=0.000e+00 sigma=0.000e+00 cutoff=1.530e-11 reject_diff=0
  multi MIXED rep 2: pass=TRUE mmd=0.000e+00 sigma=0.000e+00 cutoff=1.120e-10 reject_diff=0
scenario set128_vs_set128
  single LAP rep 1: pass=TRUE mmd=0.000e+00 cutoff=0.000e+00 reject_diff=0
  single LAP rep 2: pass=TRUE mmd=0.000e+00 cutoff=0.000e+00 reject_diff=0
  single GAUSS rep 1: pass=TRUE mmd=0.000e+00 cutoff=0.000e+00 reject_diff=0
  single GAUSS rep 2: pass=TRUE mmd=0.000e+00 cutoff=0.000e+00 reject_diff=0
  multi LAP rep 1: pass=TRUE mmd=0.000e+00 sigma=0.000e+00 cutoff=1.949e-10 reject_diff=0
  multi LAP rep 2: pass=TRUE mmd=0.000e+00 sigma=0.000e+00 cutoff=3.931e-11 reject_diff=0
  multi GEXP rep 1: pass=TRUE mmd=0.000e+00 sigma=0.000e+00 cutoff=3.455e-11 reject_diff=0
  multi GEXP rep 2: pass=TRUE mmd=0.000e+00 sigma=0.000e+00 cutoff=8.243e-11 reject_diff=0
  multi MIXED rep 1: pass=TRUE mmd=0.000e+00 sigma=0.000e+00 cutoff=4.351e-11 reject_diff=0
  multi MIXED rep 2: pass=TRUE mmd=0.000e+00 sigma=0.000e+00 cutoff=3.481e-11 reject_diff=0
OVERALL PASS
