[2026-05-25 21:46:07] starting faster_mnist_testset_paired_raw_vs_final_gaussian5_power
[2026-05-25 21:46:14] cnn embedding power run invoked
[2026-05-25 21:46:14] target config: noise_levels=0,0.2,0.4,0.6,0.8,1; n.rep=10; resamp=100; n.iter=500; alpha=0.050
[2026-05-25 21:46:24] reticulate python=/home/dechao/.conda/envs/cv-hw2/bin/python
[2026-05-25 21:46:30] loaded MNIST train set: n=60000, p=784
[2026-05-25 21:46:30] loaded MNIST test set: n=10000, p=784
[2026-05-25 21:46:30] training or refreshing CNN checkpoint
[2026-05-25 21:46:30] cnn checkpoint ready: path=/home/dechao/kernel_two-sample/dechao_reproduction/mnist/faster_mnist_cnn_shared_model/models/mnist_cnn_checkpoint.pt; best_val_acc=0.9718; device=cuda
[2026-05-25 21:46:30] selected test pools: |X|=3177, |Y|=3141
[2026-05-25 21:46:30] required embedding layers: final
[2026-05-25 21:46:30] resuming from checkpoint: iter_completed=10; target_n.rep=10
[2026-05-25 21:46:30] no new iterations needed: checkpoint already at iter 10
[2026-05-25 21:46:31] cnn power CSV outputs written
[2026-05-25 21:46:33] automatic plotting finished
[2026-05-25 21:46:33] all requested iterations available in 2.621386 secs
[2026-05-25 21:46:33] finished faster_mnist_testset_paired_raw_vs_final_gaussian5_power
[2026-05-25 21:46:33] starting faster_mnist_cnn_layer1_gaussian5_power
[2026-05-25 21:46:38] cnn embedding power run invoked
[2026-05-25 21:46:38] target config: noise_levels=0,0.2,0.4,0.6,0.8,1; n.rep=10; resamp=100; n.iter=500; alpha=0.050
[2026-05-25 21:46:47] reticulate python=/home/dechao/.conda/envs/cv-hw2/bin/python
[2026-05-25 21:46:51] loaded MNIST train set: n=60000, p=784
[2026-05-25 21:46:51] loaded MNIST test set: n=10000, p=784
[2026-05-25 21:46:51] training or refreshing CNN checkpoint
[2026-05-25 21:46:52] cnn checkpoint ready: path=/home/dechao/kernel_two-sample/dechao_reproduction/mnist/faster_mnist_cnn_shared_model/models/mnist_cnn_checkpoint.pt; best_val_acc=0.9718; device=cuda
[2026-05-25 21:46:52] selected test pools: |X|=3177, |Y|=3141
[2026-05-25 21:46:52] required embedding layers: layer1
[2026-05-25 21:46:52] resuming from checkpoint: iter_completed=3; target_n.rep=10
[2026-05-25 21:46:52] iter 4/10 started
[2026-05-25 21:46:52] iter 4/10 sigma 1/6 = 0.000 started
[2026-05-25 21:47:00] iter 4/10 sigma 0.000 finished
[2026-05-25 21:47:00] iter 4/10 sigma 2/6 = 0.200 started
[2026-05-25 21:47:09] iter 4/10 sigma 0.200 finished
[2026-05-25 21:47:09] iter 4/10 sigma 3/6 = 0.400 started
[2026-05-25 21:47:17] iter 4/10 sigma 0.400 finished
[2026-05-25 21:47:17] iter 4/10 sigma 4/6 = 0.600 started
[2026-05-25 21:47:26] iter 4/10 sigma 0.600 finished
[2026-05-25 21:47:26] iter 4/10 sigma 5/6 = 0.800 started
[2026-05-25 21:47:35] iter 4/10 sigma 0.800 finished
[2026-05-25 21:47:35] iter 4/10 sigma 6/6 = 1.000 started
[2026-05-25 21:47:43] iter 4/10 sigma 1.000 finished
[2026-05-25 21:47:43] iter 4/10 finished in 51.38633 secs; checkpoint updated
[2026-05-25 21:47:43] iter 5/10 started
[2026-05-25 21:47:43] iter 5/10 sigma 1/6 = 0.000 started
[2026-05-25 21:47:51] iter 5/10 sigma 0.000 finished
[2026-05-25 21:47:51] iter 5/10 sigma 2/6 = 0.200 started
[2026-05-25 21:48:00] iter 5/10 sigma 0.200 finished
[2026-05-25 21:48:00] iter 5/10 sigma 3/6 = 0.400 started
[2026-05-25 21:48:08] iter 5/10 sigma 0.400 finished
[2026-05-25 21:48:08] iter 5/10 sigma 4/6 = 0.600 started
[2026-05-25 21:48:17] iter 5/10 sigma 0.600 finished
[2026-05-25 21:48:17] iter 5/10 sigma 5/6 = 0.800 started
[2026-05-25 21:48:26] iter 5/10 sigma 0.800 finished
[2026-05-25 21:48:26] iter 5/10 sigma 6/6 = 1.000 started
[2026-05-25 21:48:36] iter 5/10 sigma 1.000 finished
[2026-05-25 21:48:36] iter 5/10 finished in 52.86593 secs; checkpoint updated
[2026-05-25 21:48:36] iter 6/10 started
[2026-05-25 21:48:36] iter 6/10 sigma 1/6 = 0.000 started
[2026-05-25 21:48:44] iter 6/10 sigma 0.000 finished
[2026-05-25 21:48:44] iter 6/10 sigma 2/6 = 0.200 started
[2026-05-25 21:48:53] iter 6/10 sigma 0.200 finished
[2026-05-25 21:48:53] iter 6/10 sigma 3/6 = 0.400 started
[2026-05-25 21:49:02] iter 6/10 sigma 0.400 finished
[2026-05-25 21:49:02] iter 6/10 sigma 4/6 = 0.600 started
[2026-05-25 21:49:11] iter 6/10 sigma 0.600 finished
[2026-05-25 21:49:11] iter 6/10 sigma 5/6 = 0.800 started
[2026-05-25 21:49:19] iter 6/10 sigma 0.800 finished
[2026-05-25 21:49:19] iter 6/10 sigma 6/6 = 1.000 started
[2026-05-25 21:49:29] iter 6/10 sigma 1.000 finished
[2026-05-25 21:49:29] iter 6/10 finished in 52.83981 secs; checkpoint updated
[2026-05-25 21:49:29] iter 7/10 started
[2026-05-25 21:49:29] iter 7/10 sigma 1/6 = 0.000 started
[2026-05-25 21:49:37] iter 7/10 sigma 0.000 finished
[2026-05-25 21:49:37] iter 7/10 sigma 2/6 = 0.200 started
[2026-05-25 21:49:45] iter 7/10 sigma 0.200 finished
[2026-05-25 21:49:45] iter 7/10 sigma 3/6 = 0.400 started
[2026-05-25 21:49:54] iter 7/10 sigma 0.400 finished
[2026-05-25 21:49:54] iter 7/10 sigma 4/6 = 0.600 started
[2026-05-25 21:50:02] iter 7/10 sigma 0.600 finished
[2026-05-25 21:50:02] iter 7/10 sigma 5/6 = 0.800 started
[2026-05-25 21:50:11] iter 7/10 sigma 0.800 finished
[2026-05-25 21:50:11] iter 7/10 sigma 6/6 = 1.000 started
[2026-05-25 21:50:20] iter 7/10 sigma 1.000 finished
[2026-05-25 21:50:20] iter 7/10 finished in 51.25287 secs; checkpoint updated
[2026-05-25 21:50:20] iter 8/10 started
[2026-05-25 21:50:20] iter 8/10 sigma 1/6 = 0.000 started
[2026-05-25 21:50:28] iter 8/10 sigma 0.000 finished
[2026-05-25 21:50:28] iter 8/10 sigma 2/6 = 0.200 started
[2026-05-25 21:50:37] iter 8/10 sigma 0.200 finished
[2026-05-25 21:50:37] iter 8/10 sigma 3/6 = 0.400 started
[2026-05-25 21:50:46] iter 8/10 sigma 0.400 finished
[2026-05-25 21:50:46] iter 8/10 sigma 4/6 = 0.600 started
[2026-05-25 21:50:54] iter 8/10 sigma 0.600 finished
[2026-05-25 21:50:54] iter 8/10 sigma 5/6 = 0.800 started
[2026-05-25 21:51:02] iter 8/10 sigma 0.800 finished
[2026-05-25 21:51:02] iter 8/10 sigma 6/6 = 1.000 started
[2026-05-25 21:51:11] iter 8/10 sigma 1.000 finished
[2026-05-25 21:51:12] iter 8/10 finished in 51.57968 secs; checkpoint updated
[2026-05-25 21:51:12] iter 9/10 started
[2026-05-25 21:51:12] iter 9/10 sigma 1/6 = 0.000 started
[2026-05-25 21:51:20] iter 9/10 sigma 0.000 finished
[2026-05-25 21:51:20] iter 9/10 sigma 2/6 = 0.200 started
[2026-05-25 21:51:29] iter 9/10 sigma 0.200 finished
[2026-05-25 21:51:29] iter 9/10 sigma 3/6 = 0.400 started
[2026-05-25 21:51:37] iter 9/10 sigma 0.400 finished
[2026-05-25 21:51:37] iter 9/10 sigma 4/6 = 0.600 started
[2026-05-25 21:51:46] iter 9/10 sigma 0.600 finished
[2026-05-25 21:51:46] iter 9/10 sigma 5/6 = 0.800 started
[2026-05-25 21:51:54] iter 9/10 sigma 0.800 finished
[2026-05-25 21:51:54] iter 9/10 sigma 6/6 = 1.000 started
[2026-05-25 21:52:03] iter 9/10 sigma 1.000 finished
[2026-05-25 21:52:03] iter 9/10 finished in 51.02166 secs; checkpoint updated
[2026-05-25 21:52:03] iter 10/10 started
[2026-05-25 21:52:03] iter 10/10 sigma 1/6 = 0.000 started
[2026-05-25 21:52:11] iter 10/10 sigma 0.000 finished
[2026-05-25 21:52:11] iter 10/10 sigma 2/6 = 0.200 started
[2026-05-25 21:52:19] iter 10/10 sigma 0.200 finished
[2026-05-25 21:52:19] iter 10/10 sigma 3/6 = 0.400 started
[2026-05-25 21:52:27] iter 10/10 sigma 0.400 finished
[2026-05-25 21:52:27] iter 10/10 sigma 4/6 = 0.600 started
[2026-05-25 21:52:36] iter 10/10 sigma 0.600 finished
[2026-05-25 21:52:36] iter 10/10 sigma 5/6 = 0.800 started
[2026-05-25 21:52:45] iter 10/10 sigma 0.800 finished
[2026-05-25 21:52:45] iter 10/10 sigma 6/6 = 1.000 started
[2026-05-25 21:52:53] iter 10/10 sigma 1.000 finished
[2026-05-25 21:52:53] iter 10/10 finished in 50.54284 secs; checkpoint updated
[2026-05-25 21:52:53] cnn power CSV outputs written
[2026-05-25 21:52:54] automatic plotting finished
[2026-05-25 21:52:54] all requested iterations available in 6.036917 mins
[2026-05-25 21:52:55] finished faster_mnist_cnn_layer1_gaussian5_power
[2026-05-25 21:52:55] starting faster_mnist_cnn_layer2_gaussian5_power
