[2026-05-21 14:52:03] type-I kernel run started
[2026-05-21 14:52:03] config: noise_levels=0,0.2,0.4,0.6,0.8,1; n.rep=3; resamp=100; n.iter=500; n_cores=8; alpha=0.050
[2026-05-21 14:52:19] loaded MNIST train set: n=60000, p=784
[2026-05-21 14:52:19] scenario set123_vs_set123 started
[2026-05-21 14:52:19] scenario set123_vs_set123 iter 1/3 started
[2026-05-21 15:06:53] scenario set123_vs_set123 iter 1/3 finished in 14.57662 mins; checkpoint updated
[2026-05-21 15:06:53] scenario set123_vs_set123 iter 2/3 started
[2026-05-21 15:20:58] scenario set123_vs_set123 iter 2/3 finished in 14.0783 mins; checkpoint updated
[2026-05-21 15:20:58] scenario set123_vs_set123 iter 3/3 started
[2026-05-21 15:35:14] scenario set123_vs_set123 iter 3/3 finished in 14.27517 mins; checkpoint updated
[2026-05-21 15:35:14] scenario set123_vs_set123 finished in 42.93086 mins and CSV outputs written
[2026-05-21 15:35:14] scenario set128_vs_set128 started
[2026-05-21 15:35:14] scenario set128_vs_set128 iter 1/3 started
[2026-05-21 15:45:02] scenario set128_vs_set128 iter 1/3 finished in 9.787481 mins; checkpoint updated
[2026-05-21 15:45:02] scenario set128_vs_set128 iter 2/3 started
[2026-05-21 15:54:46] scenario set128_vs_set128 iter 2/3 finished in 9.734795 mins; checkpoint updated
[2026-05-21 15:54:46] scenario set128_vs_set128 iter 3/3 started
[2026-05-21 16:04:13] scenario set128_vs_set128 iter 3/3 finished in 9.446925 mins; checkpoint updated
[2026-05-21 16:04:13] scenario set128_vs_set128 finished in 28.96932 mins and CSV outputs written
[2026-05-21 16:04:13] type-I kernel run finished
[2026-05-21 22:23:55] type-I kernel run invoked
[2026-05-21 22:23:55] target config: noise_levels=0,0.2,0.4,0.6,0.8,1; n.rep=10; resamp=100; n.iter=500; n_cores=8; alpha=0.050
[2026-05-21 22:25:41] loaded MNIST train set: n=60000, p=784
[2026-05-21 22:25:41] scenario set123_vs_set123 invoked
[2026-05-21 22:25:41] scenario set123_vs_set123 resuming from checkpoint: iter_completed=3; target_n.rep=10
[2026-05-21 22:25:41] scenario set123_vs_set123 iter 4/10 started
[2026-05-21 22:39:28] scenario set123_vs_set123 iter 4/10 finished in 13.78854 mins; checkpoint updated
[2026-05-21 22:39:28] scenario set123_vs_set123 iter 5/10 started
[2026-05-21 22:53:13] scenario set123_vs_set123 iter 5/10 finished in 13.75253 mins; checkpoint updated
[2026-05-21 22:53:13] scenario set123_vs_set123 iter 6/10 started
[2026-05-21 23:07:00] scenario set123_vs_set123 iter 6/10 finished in 13.78127 mins; checkpoint updated
[2026-05-21 23:07:00] scenario set123_vs_set123 iter 7/10 started
[2026-05-21 23:20:45] scenario set123_vs_set123 iter 7/10 finished in 13.75165 mins; checkpoint updated
[2026-05-21 23:20:45] scenario set123_vs_set123 iter 8/10 started
[2026-05-21 23:34:34] scenario set123_vs_set123 iter 8/10 finished in 13.80372 mins; checkpoint updated
[2026-05-21 23:34:34] scenario set123_vs_set123 iter 9/10 started
[2026-05-21 23:48:14] scenario set123_vs_set123 iter 9/10 finished in 13.66933 mins; checkpoint updated
[2026-05-21 23:48:14] scenario set123_vs_set123 iter 10/10 started
[2026-05-22 00:02:02] scenario set123_vs_set123 iter 10/10 finished in 13.81176 mins; checkpoint updated
[2026-05-22 00:02:03] scenario set123_vs_set123 CSV outputs written for n.rep=10 in 1.606004 hours
[2026-05-22 00:02:03] scenario set128_vs_set128 invoked
[2026-05-22 00:02:03] scenario set128_vs_set128 resuming from checkpoint: iter_completed=3; target_n.rep=10
[2026-05-22 00:02:03] scenario set128_vs_set128 iter 4/10 started
[2026-05-22 00:11:13] scenario set128_vs_set128 iter 4/10 finished in 9.174992 mins; checkpoint updated
[2026-05-22 00:11:13] scenario set128_vs_set128 iter 5/10 started
[2026-05-22 00:20:34] scenario set128_vs_set128 iter 5/10 finished in 9.351321 mins; checkpoint updated
[2026-05-22 00:20:34] scenario set128_vs_set128 iter 6/10 started
[2026-05-22 00:29:54] scenario set128_vs_set128 iter 6/10 finished in 9.335788 mins; checkpoint updated
[2026-05-22 00:29:54] scenario set128_vs_set128 iter 7/10 started
[2026-05-22 00:39:18] scenario set128_vs_set128 iter 7/10 finished in 9.401627 mins; checkpoint updated
[2026-05-22 00:39:18] scenario set128_vs_set128 iter 8/10 started
[2026-05-22 00:48:49] scenario set128_vs_set128 iter 8/10 finished in 9.516967 mins; checkpoint updated
[2026-05-22 00:48:49] scenario set128_vs_set128 iter 9/10 started
[2026-05-22 00:58:18] scenario set128_vs_set128 iter 9/10 finished in 9.475805 mins; checkpoint updated
[2026-05-22 00:58:18] scenario set128_vs_set128 iter 10/10 started
[2026-05-22 01:07:47] scenario set128_vs_set128 iter 10/10 finished in 9.485275 mins; checkpoint updated
[2026-05-22 01:07:47] scenario set128_vs_set128 CSV outputs written for n.rep=10 in 1.095701 hours
[2026-05-22 01:07:47] type-I kernel run finished
