PathMNIST center-shift CNN training started
{"architecture": "Conv2d(3,32,3,pad=1)-ReLU-MaxPool; Conv2d(32,64,3,pad=1)-ReLU-MaxPool; GAP; Linear(64,128)-ReLU; Linear(128,9)", "augmentation": "none", "batch_size": 256, "checkpoint_selection": "best official validation accuracy", "cnn_train_shape": [71998, 3, 28, 28], "cnn_training_pool": "cnn_train_pool only", "cuda_visible_devices": "6", "data_path": "/home/dechao/kernel_two-sample/dechao_reproduction/pathmnist_center_shift_mmmd/data/pathmnist.npz", "dataset": "PathMNIST-28", "device": "cuda", "embedding_names": ["layer1_gap", "layer2_gap", "final_fc128"], "end_epoch": 20, "epochs_requested_this_run": 20, "experiment": "within-class source-to-external center shift", "external_pool_role": "reserved for MMMD testing; not used in CNN training or checkpoint selection", "external_pool_shape": [7180, 3, 28, 28], "holdout_fraction": 0.2, "learning_rate": 0.001, "loss": "CrossEntropyLoss", "normalization": "none beyond division by 255", "official_train_shape": [89996, 3, 28, 28], "optimizer": "Adam", "pixel_scale": "RGB float in [0, 1]", "resume_from_latest": false, "scheduler": "none", "seed": 2026, "source_holdout_shape": [17998, 3, 28, 28], "source_split_rule": "official train stratified into cnn_train_pool and source_holdout_pool", "split_indices_path": "/home/dechao/kernel_two-sample/dechao_reproduction/pathmnist_center_shift_mmmd/configs/center_shift_split_seed2026_holdout20.npz", "start_epoch": 0, "val_shape": [10004, 3, 28, 28], "validation_pool": "official val only"}
[train] epoch=01 train_loss=1.663215 train_acc=0.3873 val_loss=1.295849 val_acc=0.5354 lr=0.001 device=cuda
[train] epoch=02 train_loss=1.139423 train_acc=0.5765 val_loss=1.035595 val_acc=0.5884 lr=0.001 device=cuda
[train] epoch=03 train_loss=0.983037 train_acc=0.6359 val_loss=0.980487 val_acc=0.6455 lr=0.001 device=cuda
[train] epoch=04 train_loss=0.927486 train_acc=0.6578 val_loss=0.900039 val_acc=0.6735 lr=0.001 device=cuda
[train] epoch=05 train_loss=0.870608 train_acc=0.6782 val_loss=0.906689 val_acc=0.6675 lr=0.001 device=cuda
[train] epoch=06 train_loss=0.827182 train_acc=0.6981 val_loss=0.805362 val_acc=0.7109 lr=0.001 device=cuda
[train] epoch=07 train_loss=0.784108 train_acc=0.7169 val_loss=0.789455 val_acc=0.7081 lr=0.001 device=cuda
[train] epoch=08 train_loss=0.751288 train_acc=0.7285 val_loss=0.741698 val_acc=0.7296 lr=0.001 device=cuda
[train] epoch=09 train_loss=0.731622 train_acc=0.7359 val_loss=0.699900 val_acc=0.7490 lr=0.001 device=cuda
[train] epoch=10 train_loss=0.706854 train_acc=0.7445 val_loss=0.712172 val_acc=0.7452 lr=0.001 device=cuda
[train] epoch=11 train_loss=0.691469 train_acc=0.7504 val_loss=0.735717 val_acc=0.7285 lr=0.001 device=cuda
[train] epoch=12 train_loss=0.671567 train_acc=0.7575 val_loss=0.799270 val_acc=0.7139 lr=0.001 device=cuda
[train] epoch=13 train_loss=0.659016 train_acc=0.7610 val_loss=0.685086 val_acc=0.7552 lr=0.001 device=cuda
[train] epoch=14 train_loss=0.644522 train_acc=0.7661 val_loss=0.663228 val_acc=0.7546 lr=0.001 device=cuda
[train] epoch=15 train_loss=0.633918 train_acc=0.7697 val_loss=0.663065 val_acc=0.7580 lr=0.001 device=cuda
[train] epoch=16 train_loss=0.616228 train_acc=0.7759 val_loss=0.619007 val_acc=0.7759 lr=0.001 device=cuda
[train] epoch=17 train_loss=0.612163 train_acc=0.7776 val_loss=0.662641 val_acc=0.7539 lr=0.001 device=cuda
[train] epoch=18 train_loss=0.601797 train_acc=0.7814 val_loss=0.594454 val_acc=0.7838 lr=0.001 device=cuda
[train] epoch=19 train_loss=0.588816 train_acc=0.7868 val_loss=0.595583 val_acc=0.7774 lr=0.001 device=cuda
[train] epoch=20 train_loss=0.585207 train_acc=0.7880 val_loss=0.550102 val_acc=0.8001 lr=0.001 device=cuda
[done] best_epoch=20 best_val_acc=0.8001 train_acc_at_best=0.8019
PathMNIST center-shift CNN training resumed
{"architecture": "Conv2d(3,32,3,pad=1)-ReLU-MaxPool; Conv2d(32,64,3,pad=1)-ReLU-MaxPool; GAP; Linear(64,128)-ReLU; Linear(128,9)", "augmentation": "none", "batch_size": 256, "checkpoint_selection": "best official validation accuracy", "cnn_train_shape": [71998, 3, 28, 28], "cnn_training_pool": "cnn_train_pool only", "cuda_visible_devices": "6", "data_path": "/home/dechao/kernel_two-sample/dechao_reproduction/pathmnist_center_shift_mmmd/data/pathmnist.npz", "dataset": "PathMNIST-28", "device": "cuda", "embedding_names": ["layer1_gap", "layer2_gap", "final_fc128"], "end_epoch": 40, "epochs_requested_this_run": 20, "experiment": "within-class source-to-external center shift", "external_pool_role": "reserved for MMMD testing; not used in CNN training or checkpoint selection", "external_pool_shape": [7180, 3, 28, 28], "holdout_fraction": 0.2, "learning_rate": 0.0005, "loss": "CrossEntropyLoss", "normalization": "none beyond division by 255", "official_train_shape": [89996, 3, 28, 28], "optimizer": "Adam", "pixel_scale": "RGB float in [0, 1]", "resume_from_latest": true, "scheduler": "none", "seed": 2026, "source_holdout_shape": [17998, 3, 28, 28], "source_split_rule": "official train stratified into cnn_train_pool and source_holdout_pool", "split_indices_path": "/home/dechao/kernel_two-sample/dechao_reproduction/pathmnist_center_shift_mmmd/configs/center_shift_split_seed2026_holdout20.npz", "start_epoch": 20, "val_shape": [10004, 3, 28, 28], "validation_pool": "official val only"}
[train] epoch=21 train_loss=0.560291 train_acc=0.7987 val_loss=0.557537 val_acc=0.8032 lr=0.0005 device=cuda
[train] epoch=22 train_loss=0.549646 train_acc=0.8023 val_loss=0.544012 val_acc=0.8034 lr=0.0005 device=cuda
[train] epoch=23 train_loss=0.543470 train_acc=0.8037 val_loss=0.537107 val_acc=0.8078 lr=0.0005 device=cuda
[train] epoch=24 train_loss=0.537646 train_acc=0.8057 val_loss=0.572751 val_acc=0.7945 lr=0.0005 device=cuda
[train] epoch=25 train_loss=0.544867 train_acc=0.8027 val_loss=0.522611 val_acc=0.8114 lr=0.0005 device=cuda
[train] epoch=26 train_loss=0.529238 train_acc=0.8093 val_loss=0.537560 val_acc=0.8076 lr=0.0005 device=cuda
[train] epoch=27 train_loss=0.529879 train_acc=0.8080 val_loss=0.531467 val_acc=0.8089 lr=0.0005 device=cuda
[train] epoch=28 train_loss=0.524886 train_acc=0.8102 val_loss=0.534073 val_acc=0.8029 lr=0.0005 device=cuda
[train] epoch=29 train_loss=0.518014 train_acc=0.8127 val_loss=0.509361 val_acc=0.8160 lr=0.0005 device=cuda
[train] epoch=30 train_loss=0.514166 train_acc=0.8139 val_loss=0.500648 val_acc=0.8206 lr=0.0005 device=cuda
[train] epoch=31 train_loss=0.511453 train_acc=0.8148 val_loss=0.507871 val_acc=0.8136 lr=0.0005 device=cuda
[train] epoch=32 train_loss=0.512014 train_acc=0.8155 val_loss=0.530797 val_acc=0.8090 lr=0.0005 device=cuda
[train] epoch=33 train_loss=0.509243 train_acc=0.8145 val_loss=0.503044 val_acc=0.8165 lr=0.0005 device=cuda
[train] epoch=34 train_loss=0.498443 train_acc=0.8200 val_loss=0.492970 val_acc=0.8249 lr=0.0005 device=cuda
[train] epoch=35 train_loss=0.498860 train_acc=0.8203 val_loss=0.485381 val_acc=0.8283 lr=0.0005 device=cuda
[train] epoch=36 train_loss=0.493534 train_acc=0.8211 val_loss=0.505506 val_acc=0.8149 lr=0.0005 device=cuda
[train] epoch=37 train_loss=0.497610 train_acc=0.8202 val_loss=0.493694 val_acc=0.8219 lr=0.0005 device=cuda
[train] epoch=38 train_loss=0.488288 train_acc=0.8249 val_loss=0.501389 val_acc=0.8206 lr=0.0005 device=cuda
[train] epoch=39 train_loss=0.490644 train_acc=0.8226 val_loss=0.470991 val_acc=0.8320 lr=0.0005 device=cuda
[train] epoch=40 train_loss=0.486801 train_acc=0.8241 val_loss=0.493133 val_acc=0.8199 lr=0.0005 device=cuda
[done] best_epoch=39 best_val_acc=0.8320 train_acc_at_best=0.8316
PathMNIST center-shift CNN training resumed
{"architecture": "Conv2d(3,32,3,pad=1)-ReLU-MaxPool; Conv2d(32,64,3,pad=1)-ReLU-MaxPool; GAP; Linear(64,128)-ReLU; Linear(128,9)", "augmentation": "none", "batch_size": 256, "checkpoint_selection": "best official validation accuracy", "cnn_train_shape": [71998, 3, 28, 28], "cnn_training_pool": "cnn_train_pool only", "cuda_visible_devices": "6", "data_path": "/home/dechao/kernel_two-sample/dechao_reproduction/pathmnist_center_shift_mmmd/data/pathmnist.npz", "dataset": "PathMNIST-28", "device": "cuda", "embedding_names": ["layer1_gap", "layer2_gap", "final_fc128"], "end_epoch": 60, "epochs_requested_this_run": 20, "experiment": "within-class source-to-external center shift", "external_pool_role": "reserved for MMMD testing; not used in CNN training or checkpoint selection", "external_pool_shape": [7180, 3, 28, 28], "holdout_fraction": 0.2, "learning_rate": 0.0005, "loss": "CrossEntropyLoss", "normalization": "none beyond division by 255", "official_train_shape": [89996, 3, 28, 28], "optimizer": "Adam", "pixel_scale": "RGB float in [0, 1]", "resume_from_latest": true, "scheduler": "none", "seed": 2026, "source_holdout_shape": [17998, 3, 28, 28], "source_split_rule": "official train stratified into cnn_train_pool and source_holdout_pool", "split_indices_path": "/home/dechao/kernel_two-sample/dechao_reproduction/pathmnist_center_shift_mmmd/configs/center_shift_split_seed2026_holdout20.npz", "start_epoch": 40, "val_shape": [10004, 3, 28, 28], "validation_pool": "official val only"}
[train] epoch=41 train_loss=0.487499 train_acc=0.8247 val_loss=0.467538 val_acc=0.8328 lr=0.0005 device=cuda
[train] epoch=42 train_loss=0.471206 train_acc=0.8311 val_loss=0.489617 val_acc=0.8275 lr=0.0005 device=cuda
[train] epoch=43 train_loss=0.469862 train_acc=0.8305 val_loss=0.483651 val_acc=0.8264 lr=0.0005 device=cuda
[train] epoch=44 train_loss=0.469836 train_acc=0.8299 val_loss=0.509192 val_acc=0.8188 lr=0.0005 device=cuda
[train] epoch=45 train_loss=0.466357 train_acc=0.8318 val_loss=0.477701 val_acc=0.8262 lr=0.0005 device=cuda
[train] epoch=46 train_loss=0.471956 train_acc=0.8286 val_loss=0.470813 val_acc=0.8305 lr=0.0005 device=cuda
PathMNIST center-shift CNN training resumed
{"architecture": "Conv2d(3,32,3,pad=1)-ReLU-MaxPool; Conv2d(32,64,3,pad=1)-ReLU-MaxPool; GAP; Linear(64,128)-ReLU; Linear(128,9)", "augmentation": "none", "batch_size": 256, "checkpoint_selection": "best official validation accuracy", "cnn_train_shape": [71998, 3, 28, 28], "cnn_training_pool": "cnn_train_pool only", "cuda_visible_devices": "6", "data_path": "/home/dechao/kernel_two-sample/dechao_reproduction/pathmnist_center_shift_mmmd/data/pathmnist.npz", "dataset": "PathMNIST-28", "device": "cuda", "embedding_names": ["layer1_gap", "layer2_gap", "final_fc128"], "end_epoch": 66, "epochs_requested_this_run": 20, "experiment": "within-class source-to-external center shift", "external_pool_role": "reserved for MMMD testing; not used in CNN training or checkpoint selection", "external_pool_shape": [7180, 3, 28, 28], "holdout_fraction": 0.2, "learning_rate": 0.00025, "loss": "CrossEntropyLoss", "normalization": "none beyond division by 255", "official_train_shape": [89996, 3, 28, 28], "optimizer": "Adam", "pixel_scale": "RGB float in [0, 1]", "resume_from_latest": true, "scheduler": "none", "seed": 2026, "source_holdout_shape": [17998, 3, 28, 28], "source_split_rule": "official train stratified into cnn_train_pool and source_holdout_pool", "split_indices_path": "/home/dechao/kernel_two-sample/dechao_reproduction/pathmnist_center_shift_mmmd/configs/center_shift_split_seed2026_holdout20.npz", "start_epoch": 46, "val_shape": [10004, 3, 28, 28], "validation_pool": "official val only"}
[train] epoch=47 train_loss=0.451088 train_acc=0.8385 val_loss=0.448682 val_acc=0.8408 lr=0.00025 device=cuda
[train] epoch=48 train_loss=0.448691 train_acc=0.8388 val_loss=0.452806 val_acc=0.8372 lr=0.00025 device=cuda
[train] epoch=49 train_loss=0.446143 train_acc=0.8400 val_loss=0.451954 val_acc=0.8375 lr=0.00025 device=cuda
[train] epoch=50 train_loss=0.443707 train_acc=0.8406 val_loss=0.440762 val_acc=0.8445 lr=0.00025 device=cuda
[train] epoch=51 train_loss=0.444595 train_acc=0.8402 val_loss=0.450358 val_acc=0.8407 lr=0.00025 device=cuda
[train] epoch=52 train_loss=0.441628 train_acc=0.8414 val_loss=0.438660 val_acc=0.8445 lr=0.00025 device=cuda
[train] epoch=53 train_loss=0.440967 train_acc=0.8414 val_loss=0.461527 val_acc=0.8343 lr=0.00025 device=cuda
[train] epoch=54 train_loss=0.439746 train_acc=0.8410 val_loss=0.435581 val_acc=0.8473 lr=0.00025 device=cuda
[train] epoch=55 train_loss=0.437980 train_acc=0.8421 val_loss=0.433453 val_acc=0.8469 lr=0.00025 device=cuda
[train] epoch=56 train_loss=0.436917 train_acc=0.8428 val_loss=0.474640 val_acc=0.8229 lr=0.00025 device=cuda
[train] epoch=57 train_loss=0.434304 train_acc=0.8435 val_loss=0.436053 val_acc=0.8461 lr=0.00025 device=cuda
[train] epoch=58 train_loss=0.433194 train_acc=0.8444 val_loss=0.436992 val_acc=0.8454 lr=0.00025 device=cuda
[train] epoch=59 train_loss=0.434290 train_acc=0.8435 val_loss=0.463953 val_acc=0.8325 lr=0.00025 device=cuda
[train] epoch=60 train_loss=0.432934 train_acc=0.8444 val_loss=0.446712 val_acc=0.8408 lr=0.00025 device=cuda
[train] epoch=61 train_loss=0.427828 train_acc=0.8453 val_loss=0.449763 val_acc=0.8381 lr=0.00025 device=cuda
[train] epoch=62 train_loss=0.430853 train_acc=0.8442 val_loss=0.441489 val_acc=0.8394 lr=0.00025 device=cuda
[train] epoch=63 train_loss=0.427181 train_acc=0.8451 val_loss=0.430042 val_acc=0.8438 lr=0.00025 device=cuda
[train] epoch=64 train_loss=0.424786 train_acc=0.8475 val_loss=0.438429 val_acc=0.8402 lr=0.00025 device=cuda
[train] epoch=65 train_loss=0.427658 train_acc=0.8460 val_loss=0.430856 val_acc=0.8475 lr=0.00025 device=cuda
[train] epoch=66 train_loss=0.423162 train_acc=0.8481 val_loss=0.430955 val_acc=0.8459 lr=0.00025 device=cuda
[done] best_epoch=65 best_val_acc=0.8475 train_acc_at_best=0.8464
PathMNIST center-shift CNN training resumed
{"architecture": "Conv2d(3,32,3,pad=1)-ReLU-MaxPool; Conv2d(32,64,3,pad=1)-ReLU-MaxPool; GAP; Linear(64,128)-ReLU; Linear(128,9)", "augmentation": "none", "batch_size": 256, "checkpoint_selection": "best official validation accuracy", "cnn_train_shape": [71998, 3, 28, 28], "cnn_training_pool": "cnn_train_pool only", "cuda_visible_devices": "6", "data_path": "/home/dechao/kernel_two-sample/dechao_reproduction/pathmnist_center_shift_mmmd/data/pathmnist.npz", "dataset": "PathMNIST-28", "device": "cuda", "embedding_names": ["layer1_gap", "layer2_gap", "final_fc128"], "end_epoch": 226, "epochs_requested_this_run": 160, "experiment": "within-class source-to-external center shift", "external_pool_role": "reserved for MMMD testing; not used in CNN training or checkpoint selection", "external_pool_shape": [7180, 3, 28, 28], "holdout_fraction": 0.2, "learning_rate": 0.0005, "loss": "CrossEntropyLoss", "min_lr": 1e-05, "normalization": "none beyond division by 255", "official_train_shape": [89996, 3, 28, 28], "optimizer": "Adam", "pixel_scale": "RGB float in [0, 1]", "plateau_factor": 0.5, "plateau_patience": 4, "resume_from_latest": true, "scheduler": "plateau", "seed": 2026, "source_holdout_shape": [17998, 3, 28, 28], "source_split_rule": "official train stratified into cnn_train_pool and source_holdout_pool", "split_indices_path": "/home/dechao/kernel_two-sample/dechao_reproduction/pathmnist_center_shift_mmmd/configs/center_shift_split_seed2026_holdout20.npz", "start_epoch": 66, "target_val_acc": 0.88, "val_shape": [10004, 3, 28, 28], "validation_pool": "official val only"}
[train] epoch=67 train_loss=0.441739 train_acc=0.8396 val_loss=0.452028 val_acc=0.8372 lr=0.0005 device=cuda
[train] epoch=68 train_loss=0.435132 train_acc=0.8431 val_loss=0.488088 val_acc=0.8238 lr=0.0005 device=cuda
[train] epoch=69 train_loss=0.434050 train_acc=0.8428 val_loss=0.435406 val_acc=0.8427 lr=0.0005 device=cuda
[train] epoch=70 train_loss=0.431516 train_acc=0.8433 val_loss=0.474586 val_acc=0.8276 lr=0.0005 device=cuda
[train] epoch=71 train_loss=0.429217 train_acc=0.8444 val_loss=0.432616 val_acc=0.8445 lr=0.0005 device=cuda
[train] epoch=72 train_loss=0.429856 train_acc=0.8443 val_loss=0.445912 val_acc=0.8373 lr=0.0005 device=cuda
[train] epoch=73 train_loss=0.421661 train_acc=0.8473 val_loss=0.414667 val_acc=0.8494 lr=0.0005 device=cuda
[train] epoch=74 train_loss=0.420292 train_acc=0.8492 val_loss=0.409187 val_acc=0.8527 lr=0.0005 device=cuda
[train] epoch=75 train_loss=0.416611 train_acc=0.8495 val_loss=0.441842 val_acc=0.8401 lr=0.0005 device=cuda
[train] epoch=76 train_loss=0.422084 train_acc=0.8476 val_loss=0.459680 val_acc=0.8315 lr=0.0005 device=cuda
[train] epoch=77 train_loss=0.415588 train_acc=0.8501 val_loss=0.403881 val_acc=0.8558 lr=0.0005 device=cuda
[train] epoch=78 train_loss=0.410817 train_acc=0.8529 val_loss=0.433915 val_acc=0.8443 lr=0.0005 device=cuda
[train] epoch=79 train_loss=0.415322 train_acc=0.8496 val_loss=0.401531 val_acc=0.8561 lr=0.0005 device=cuda
[train] epoch=80 train_loss=0.412476 train_acc=0.8517 val_loss=0.405113 val_acc=0.8545 lr=0.0005 device=cuda
[train] epoch=81 train_loss=0.409594 train_acc=0.8518 val_loss=0.398341 val_acc=0.8600 lr=0.0005 device=cuda
[train] epoch=82 train_loss=0.404238 train_acc=0.8535 val_loss=0.409689 val_acc=0.8494 lr=0.0005 device=cuda
[train] epoch=83 train_loss=0.408388 train_acc=0.8525 val_loss=0.414024 val_acc=0.8473 lr=0.0005 device=cuda
[train] epoch=84 train_loss=0.404380 train_acc=0.8543 val_loss=0.388268 val_acc=0.8617 lr=0.0005 device=cuda
[train] epoch=85 train_loss=0.398901 train_acc=0.8557 val_loss=0.386845 val_acc=0.8619 lr=0.0005 device=cuda
[train] epoch=86 train_loss=0.403771 train_acc=0.8533 val_loss=0.391440 val_acc=0.8579 lr=0.0005 device=cuda
[train] epoch=87 train_loss=0.397052 train_acc=0.8563 val_loss=0.398157 val_acc=0.8580 lr=0.0005 device=cuda
[train] epoch=88 train_loss=0.394756 train_acc=0.8580 val_loss=0.407407 val_acc=0.8549 lr=0.0005 device=cuda
[train] epoch=89 train_loss=0.391505 train_acc=0.8591 val_loss=0.400773 val_acc=0.8552 lr=0.0005 device=cuda
[train] epoch=90 train_loss=0.396738 train_acc=0.8572 val_loss=0.403126 val_acc=0.8537 lr=0.0005 device=cuda
[train] epoch=91 train_loss=0.374378 train_acc=0.8660 val_loss=0.374295 val_acc=0.8665 lr=0.00025 device=cuda
[train] epoch=92 train_loss=0.374546 train_acc=0.8651 val_loss=0.378381 val_acc=0.8637 lr=0.00025 device=cuda
[train] epoch=93 train_loss=0.373619 train_acc=0.8671 val_loss=0.371294 val_acc=0.8679 lr=0.00025 device=cuda
[train] epoch=94 train_loss=0.372255 train_acc=0.8664 val_loss=0.375117 val_acc=0.8654 lr=0.00025 device=cuda
[train] epoch=95 train_loss=0.371580 train_acc=0.8664 val_loss=0.370859 val_acc=0.8678 lr=0.00025 device=cuda
[train] epoch=96 train_loss=0.369152 train_acc=0.8667 val_loss=0.389266 val_acc=0.8587 lr=0.00025 device=cuda
[train] epoch=97 train_loss=0.369958 train_acc=0.8674 val_loss=0.381568 val_acc=0.8653 lr=0.00025 device=cuda
[train] epoch=98 train_loss=0.369723 train_acc=0.8672 val_loss=0.372617 val_acc=0.8664 lr=0.00025 device=cuda
[train] epoch=99 train_loss=0.360066 train_acc=0.8717 val_loss=0.360981 val_acc=0.8718 lr=0.000125 device=cuda
[train] epoch=100 train_loss=0.359657 train_acc=0.8719 val_loss=0.360240 val_acc=0.8717 lr=0.000125 device=cuda
[train] epoch=101 train_loss=0.358956 train_acc=0.8718 val_loss=0.366580 val_acc=0.8685 lr=0.000125 device=cuda
[train] epoch=102 train_loss=0.357993 train_acc=0.8725 val_loss=0.364178 val_acc=0.8696 lr=0.000125 device=cuda
[train] epoch=103 train_loss=0.361225 train_acc=0.8705 val_loss=0.359791 val_acc=0.8704 lr=0.000125 device=cuda
[train] epoch=104 train_loss=0.358701 train_acc=0.8708 val_loss=0.359848 val_acc=0.8721 lr=0.000125 device=cuda
[train] epoch=105 train_loss=0.357217 train_acc=0.8720 val_loss=0.359788 val_acc=0.8692 lr=0.000125 device=cuda
[train] epoch=106 train_loss=0.356192 train_acc=0.8724 val_loss=0.375748 val_acc=0.8669 lr=0.000125 device=cuda
[train] epoch=107 train_loss=0.355911 train_acc=0.8730 val_loss=0.361496 val_acc=0.8709 lr=0.000125 device=cuda
[train] epoch=108 train_loss=0.356709 train_acc=0.8730 val_loss=0.364991 val_acc=0.8657 lr=0.000125 device=cuda
[train] epoch=109 train_loss=0.355365 train_acc=0.8729 val_loss=0.358746 val_acc=0.8712 lr=0.000125 device=cuda
[train] epoch=110 train_loss=0.349886 train_acc=0.8750 val_loss=0.354485 val_acc=0.8735 lr=6.25e-05 device=cuda
[train] epoch=111 train_loss=0.349069 train_acc=0.8763 val_loss=0.355650 val_acc=0.8741 lr=6.25e-05 device=cuda
[train] epoch=112 train_loss=0.350163 train_acc=0.8749 val_loss=0.355980 val_acc=0.8749 lr=6.25e-05 device=cuda
[train] epoch=113 train_loss=0.348615 train_acc=0.8759 val_loss=0.353459 val_acc=0.8740 lr=6.25e-05 device=cuda
[train] epoch=114 train_loss=0.349176 train_acc=0.8749 val_loss=0.354833 val_acc=0.8730 lr=6.25e-05 device=cuda
[train] epoch=115 train_loss=0.348144 train_acc=0.8762 val_loss=0.357707 val_acc=0.8725 lr=6.25e-05 device=cuda
[train] epoch=116 train_loss=0.348211 train_acc=0.8762 val_loss=0.351881 val_acc=0.8748 lr=6.25e-05 device=cuda
[train] epoch=117 train_loss=0.347154 train_acc=0.8756 val_loss=0.352820 val_acc=0.8740 lr=6.25e-05 device=cuda
[train] epoch=118 train_loss=0.344619 train_acc=0.8783 val_loss=0.352329 val_acc=0.8743 lr=3.125e-05 device=cuda
[train] epoch=119 train_loss=0.345251 train_acc=0.8768 val_loss=0.352387 val_acc=0.8736 lr=3.125e-05 device=cuda
[train] epoch=120 train_loss=0.344895 train_acc=0.8773 val_loss=0.350656 val_acc=0.8749 lr=3.125e-05 device=cuda
[train] epoch=121 train_loss=0.344479 train_acc=0.8775 val_loss=0.348913 val_acc=0.8756 lr=3.125e-05 device=cuda
[train] epoch=122 train_loss=0.344958 train_acc=0.8776 val_loss=0.352086 val_acc=0.8727 lr=3.125e-05 device=cuda
[train] epoch=123 train_loss=0.344127 train_acc=0.8779 val_loss=0.351196 val_acc=0.8738 lr=3.125e-05 device=cuda
[train] epoch=124 train_loss=0.344118 train_acc=0.8777 val_loss=0.350205 val_acc=0.8752 lr=3.125e-05 device=cuda
[train] epoch=125 train_loss=0.344105 train_acc=0.8777 val_loss=0.351587 val_acc=0.8764 lr=3.125e-05 device=cuda
[train] epoch=126 train_loss=0.344027 train_acc=0.8780 val_loss=0.350862 val_acc=0.8754 lr=3.125e-05 device=cuda
[train] epoch=127 train_loss=0.343875 train_acc=0.8773 val_loss=0.350770 val_acc=0.8759 lr=3.125e-05 device=cuda
[train] epoch=128 train_loss=0.343444 train_acc=0.8782 val_loss=0.350342 val_acc=0.8757 lr=3.125e-05 device=cuda
[train] epoch=129 train_loss=0.343322 train_acc=0.8785 val_loss=0.349548 val_acc=0.8734 lr=3.125e-05 device=cuda
[train] epoch=130 train_loss=0.343387 train_acc=0.8780 val_loss=0.347964 val_acc=0.8760 lr=3.125e-05 device=cuda
[train] epoch=131 train_loss=0.341980 train_acc=0.8783 val_loss=0.350342 val_acc=0.8760 lr=1.5625e-05 device=cuda
[train] epoch=132 train_loss=0.341580 train_acc=0.8781 val_loss=0.349150 val_acc=0.8763 lr=1.5625e-05 device=cuda
[train] epoch=133 train_loss=0.341627 train_acc=0.8787 val_loss=0.348341 val_acc=0.8762 lr=1.5625e-05 device=cuda
[train] epoch=134 train_loss=0.341401 train_acc=0.8782 val_loss=0.352363 val_acc=0.8757 lr=1.5625e-05 device=cuda
[train] epoch=135 train_loss=0.341313 train_acc=0.8786 val_loss=0.347808 val_acc=0.8760 lr=1.5625e-05 device=cuda
[train] epoch=136 train_loss=0.340704 train_acc=0.8790 val_loss=0.347366 val_acc=0.8765 lr=1e-05 device=cuda
[train] epoch=137 train_loss=0.340759 train_acc=0.8786 val_loss=0.348297 val_acc=0.8756 lr=1e-05 device=cuda
[train] epoch=138 train_loss=0.340655 train_acc=0.8786 val_loss=0.348278 val_acc=0.8757 lr=1e-05 device=cuda
[train] epoch=139 train_loss=0.340890 train_acc=0.8787 val_loss=0.346956 val_acc=0.8766 lr=1e-05 device=cuda
[train] epoch=140 train_loss=0.340595 train_acc=0.8790 val_loss=0.349666 val_acc=0.8765 lr=1e-05 device=cuda
[train] epoch=141 train_loss=0.340523 train_acc=0.8788 val_loss=0.348194 val_acc=0.8775 lr=1e-05 device=cuda
[train] epoch=142 train_loss=0.340474 train_acc=0.8790 val_loss=0.348241 val_acc=0.8764 lr=1e-05 device=cuda
[train] epoch=143 train_loss=0.340557 train_acc=0.8789 val_loss=0.346977 val_acc=0.8766 lr=1e-05 device=cuda
[train] epoch=144 train_loss=0.340303 train_acc=0.8793 val_loss=0.347607 val_acc=0.8771 lr=1e-05 device=cuda
[train] epoch=145 train_loss=0.340322 train_acc=0.8788 val_loss=0.347260 val_acc=0.8758 lr=1e-05 device=cuda
[train] epoch=146 train_loss=0.340104 train_acc=0.8789 val_loss=0.346725 val_acc=0.8768 lr=1e-05 device=cuda
[train] epoch=147 train_loss=0.340144 train_acc=0.8790 val_loss=0.346944 val_acc=0.8772 lr=1e-05 device=cuda
[train] epoch=148 train_loss=0.339956 train_acc=0.8795 val_loss=0.348331 val_acc=0.8753 lr=1e-05 device=cuda
[train] epoch=149 train_loss=0.340055 train_acc=0.8792 val_loss=0.347944 val_acc=0.8764 lr=1e-05 device=cuda
[train] epoch=150 train_loss=0.340009 train_acc=0.8791 val_loss=0.348232 val_acc=0.8764 lr=1e-05 device=cuda
[train] epoch=151 train_loss=0.340054 train_acc=0.8788 val_loss=0.346190 val_acc=0.8766 lr=1e-05 device=cuda
[train] epoch=152 train_loss=0.340012 train_acc=0.8795 val_loss=0.346879 val_acc=0.8775 lr=1e-05 device=cuda
[train] epoch=153 train_loss=0.339860 train_acc=0.8794 val_loss=0.346706 val_acc=0.8773 lr=1e-05 device=cuda
[train] epoch=154 train_loss=0.339775 train_acc=0.8798 val_loss=0.346530 val_acc=0.8764 lr=1e-05 device=cuda
[train] epoch=155 train_loss=0.339603 train_acc=0.8793 val_loss=0.347570 val_acc=0.8768 lr=1e-05 device=cuda
[train] epoch=156 train_loss=0.339724 train_acc=0.8796 val_loss=0.346606 val_acc=0.8772 lr=1e-05 device=cuda
[train] epoch=157 train_loss=0.339556 train_acc=0.8789 val_loss=0.346007 val_acc=0.8766 lr=1e-05 device=cuda
[train] epoch=158 train_loss=0.339470 train_acc=0.8796 val_loss=0.346172 val_acc=0.8766 lr=1e-05 device=cuda
[train] epoch=159 train_loss=0.339494 train_acc=0.8797 val_loss=0.346417 val_acc=0.8773 lr=1e-05 device=cuda
[train] epoch=160 train_loss=0.339334 train_acc=0.8798 val_loss=0.345879 val_acc=0.8773 lr=1e-05 device=cuda
[train] epoch=161 train_loss=0.339313 train_acc=0.8796 val_loss=0.346428 val_acc=0.8766 lr=1e-05 device=cuda
[train] epoch=162 train_loss=0.339291 train_acc=0.8791 val_loss=0.345800 val_acc=0.8757 lr=1e-05 device=cuda
[train] epoch=163 train_loss=0.339217 train_acc=0.8791 val_loss=0.346367 val_acc=0.8776 lr=1e-05 device=cuda
[train] epoch=164 train_loss=0.339049 train_acc=0.8792 val_loss=0.346421 val_acc=0.8757 lr=1e-05 device=cuda
[train] epoch=165 train_loss=0.339256 train_acc=0.8799 val_loss=0.346583 val_acc=0.8772 lr=1e-05 device=cuda
[train] epoch=166 train_loss=0.338989 train_acc=0.8796 val_loss=0.345726 val_acc=0.8766 lr=1e-05 device=cuda
[train] epoch=167 train_loss=0.339044 train_acc=0.8796 val_loss=0.346531 val_acc=0.8776 lr=1e-05 device=cuda
[train] epoch=168 train_loss=0.338993 train_acc=0.8789 val_loss=0.345928 val_acc=0.8770 lr=1e-05 device=cuda
[train] epoch=169 train_loss=0.339035 train_acc=0.8795 val_loss=0.345040 val_acc=0.8775 lr=1e-05 device=cuda
[train] epoch=170 train_loss=0.338800 train_acc=0.8797 val_loss=0.346369 val_acc=0.8767 lr=1e-05 device=cuda
[train] epoch=171 train_loss=0.338616 train_acc=0.8798 val_loss=0.347085 val_acc=0.8764 lr=1e-05 device=cuda
[train] epoch=172 train_loss=0.338811 train_acc=0.8799 val_loss=0.346011 val_acc=0.8773 lr=1e-05 device=cuda
[train] epoch=173 train_loss=0.338633 train_acc=0.8803 val_loss=0.345231 val_acc=0.8755 lr=1e-05 device=cuda
[train] epoch=174 train_loss=0.338591 train_acc=0.8797 val_loss=0.345550 val_acc=0.8763 lr=1e-05 device=cuda
[train] epoch=175 train_loss=0.338689 train_acc=0.8794 val_loss=0.344784 val_acc=0.8771 lr=1e-05 device=cuda
[train] epoch=176 train_loss=0.338638 train_acc=0.8800 val_loss=0.344999 val_acc=0.8773 lr=1e-05 device=cuda
[train] epoch=177 train_loss=0.338711 train_acc=0.8799 val_loss=0.345350 val_acc=0.8755 lr=1e-05 device=cuda
[train] epoch=178 train_loss=0.338551 train_acc=0.8798 val_loss=0.344983 val_acc=0.8772 lr=1e-05 device=cuda
[train] epoch=179 train_loss=0.338412 train_acc=0.8799 val_loss=0.345431 val_acc=0.8768 lr=1e-05 device=cuda
[train] epoch=180 train_loss=0.338187 train_acc=0.8801 val_loss=0.344758 val_acc=0.8770 lr=1e-05 device=cuda
[train] epoch=181 train_loss=0.338221 train_acc=0.8799 val_loss=0.344843 val_acc=0.8772 lr=1e-05 device=cuda
[train] epoch=182 train_loss=0.338125 train_acc=0.8804 val_loss=0.346381 val_acc=0.8784 lr=1e-05 device=cuda
[train] epoch=183 train_loss=0.338162 train_acc=0.8800 val_loss=0.345109 val_acc=0.8775 lr=1e-05 device=cuda
